{"System": {"Provider": {"@Name": "Microsoft-Windows-Sysmon", "@Guid": "{5770385f-c22a-43e0-bf4c-06f5698ffbd9}"}, "EventID": {"@Qualifiers": "", "$": 1}, "Version": 5, "Level": 4, "Task": 1, "Opcode": 0, "Keywords": "0x8000000000000000", "TimeCreated": {"@SystemTime": "2020-08-13 14:44:51.306463"}, "EventRecordID": 19144, "Correlation": {"@ActivityID": "", "@RelatedActivityID": ""}, "Execution": {"@ProcessID": 8748, "@ThreadID": 5336}, "Channel": "Microsoft-Windows-Sysmon/Operational", "Computer": "Qishna", "Security": {"@UserID": "S-1-5-18"}}, "EventData": {"RuleName": "ProcessCreate include Group", "UtcTime": "2020-08-13 14:44:51.296", "ProcessGuid": "{4e85e66a-51e3-5f35-1b46-000000004300}", "ProcessId": 13748, "Image": "C:\\Program Files\\Microsoft Office\\root\\Office16\\SDXHelper.exe", "FileVersion": "16.0.12527.20880", "Description": "Microsoft Office SDX Helper", "Product": "Microsoft Office", "Company": "Microsoft Corporation", "OriginalFileName": "SDXHELPER.EXE", "CommandLine": "\"C:\\Program Files\\Microsoft Office\\root\\Office16\\sdxhelper.exe\"", "CurrentDirectory": "C:\\Windows\\system32\\", "User": "QISHNA\\garip", "LogonGuid": "{4e85e66a-1016-5f31-c579-060000000000}", "LogonId": "0x00000000000679c5", "TerminalSessionId": 1, "IntegrityLevel": "Medium", "Hashes": "MD5=72DE8EF6AB5970E4D58095AB209C9AC1,SHA256=B6D1299F5481354CB2E1F45581035D01C896DC736E29958C836F25E42478AB24,IMPHASH=675EBB3FBFC4B209AC0A053335B50D81", "ParentProcessGuid": "{4e85e66a-100c-5f31-3300-000000004300}", "ParentProcessId": 2244, "ParentImage": "C:\\Windows\\System32\\svchost.exe", "ParentCommandLine": "C:\\Windows\\system32\\svchost.exe -k netsvcs -p -s Schedule"}, "fields": {"time": 1597304691.0, "host": "Qishna", "source": "killchain_logs.evtx"}}
{"System": {"Provider": {"@Name": "Microsoft-Windows-Sysmon", "@Guid": "{5770385f-c22a-43e0-bf4c-06f5698ffbd9}"}, "EventID": {"@Qualifiers": "", "$": 3}, "Version": 5, "Level": 4, "Task": 3, "Opcode": 0, "Keywords": "0x8000000000000000", "TimeCreated": {"@SystemTime": "2020-08-13 14:44:53.091969"}, "EventRecordID": 19145, "Correlation": {"@ActivityID": "", "@RelatedActivityID": ""}, "Execution": {"@ProcessID": 8748, "@ThreadID": 16764}, "Channel": "Microsoft-Windows-Sysmon/Operational", "Computer": "Qishna", "Security": {"@UserID": "S-1-5-18"}}, "EventData": {"RuleName": "Info=Unknown Process Connecting to network", "UtcTime": "2020-08-13 14:44:56.876", "ProcessGuid": "{4e85e66a-51e3-5f35-1b46-000000004300}", "ProcessId": 13748, "Image": "<unknown process>", "User": "QISHNA\\garip", "Protocol": "tcp", "Initiated": true, "SourceIsIpv6": false, "SourceIp": "192.168.0.107", "SourceHostname": "host.docker.internal", "SourcePort": 58345, "SourcePortName": "-", "DestinationIsIpv6": false, "DestinationIp": "52.113.194.132", "DestinationHostname": "-", "DestinationPort": 443, "DestinationPortName": "https"}, "fields": {"time": 1597304693.0, "host": "Qishna", "source": "killchain_logs.evtx"}}
{"System": {"Provider": {"@Name": "Microsoft-Windows-Sysmon", "@Guid": "{5770385f-c22a-43e0-bf4c-06f5698ffbd9}"}, "EventID": {"@Qualifiers": "", "$": 3}, "Version": 5, "Level": 4, "Task": 3, "Opcode": 0, "Keywords": "0x8000000000000000", "TimeCreated": {"@SystemTime": "2020-08-13 14:44:53.592623"}, "EventRecordID": 19146, "Correlation": {"@ActivityID": "", "@RelatedActivityID": ""}, "Execution": {"@ProcessID": 8748, "@ThreadID": 16764}, "Channel": "Microsoft-Windows-Sysmon/Operational", "Computer": "Qishna", "Security": {"@UserID": "S-1-5-18"}}, "EventData": {"RuleName": "Technique=Commonly Used Port,Tactic=Command and Control,MitreRef=1043", "UtcTime": "2020-08-13 14:44:57.102", "ProcessGuid": "{4e85e66a-51e3-5f35-1c46-000000004300}", "ProcessId": 2844, "Image": "C:\\Program Files\\Microsoft Office\\root\\Office16\\SDXHelper.exe", "User": "QISHNA\\garip", "Protocol": "tcp", "Initiated": true, "SourceIsIpv6": false, "SourceIp": "192.168.0.107", "SourceHostname": "host.docker.internal", "SourcePort": 58346, "SourcePortName": "-", "DestinationIsIpv6": false, "DestinationIp": "52.113.194.132", "DestinationHostname": "-", "DestinationPort": 443, "DestinationPortName": "https"}, "fields": {"time": 1597304693.0, "host": "Qishna", "source": "killchain_logs.evtx"}}
{"System": {"Provider": {"@Name": "Microsoft-Windows-Sysmon", "@Guid": "{5770385f-c22a-43e0-bf4c-06f5698ffbd9}"}, "EventID": {"@Qualifiers": "", "$": 1}, "Version": 5, "Level": 4, "Task": 1, "Opcode": 0, "Keywords": "0x8000000000000000", "TimeCreated": {"@SystemTime": "2020-08-13 14:44:53.689484"}, "EventRecordID": 19147, "Correlation": {"@ActivityID": "", "@RelatedActivityID": ""}, "Execution": {"@ProcessID": 8748, "@ThreadID": 5336}, "Channel": "Microsoft-Windows-Sysmon/Operational", "Computer": "Qishna", "Security": {"@UserID": "S-1-5-18"}}, "EventData": {"RuleName": "ProcessCreate include Group", "UtcTime": "2020-08-13 14:44:53.682", "ProcessGuid": "{4e85e66a-51e5-5f35-1d46-000000004300}", "ProcessId": 6644, "Image": "C:\\Windows\\System32\\WindowsPowerShell\\v1.0\\powershell.exe", "FileVersion": "10.0.18362.1 (WinBuild.160101.0800)", "Description": "Windows PowerShell", "Product": "Microsoft\u00ae Windows\u00ae Operating System", "Company": "Microsoft Corporation", "OriginalFileName": "PowerShell.EXE", "CommandLine": "powershell.exe -ExecutionPolicy Bypass -C $env:username", "CurrentDirectory": "C:\\Windows\\system32\\", "User": "QISHNA\\garip", "LogonGuid": "{4e85e66a-1016-5f31-8b72-060000000000}", "LogonId": "0x000000000006728b", "TerminalSessionId": 1, "IntegrityLevel": "High", "Hashes": "MD5=CDA48FC75952AD12D99E526D0B6BF70A,SHA256=908B64B1971A979C7E3E8CE4621945CBA84854CB98D76367B791A6E22B5F6D53,IMPHASH=A7CEFACDDA74B13CD330390769752481", "ParentProcessGuid": "{4e85e66a-05a8-5f35-0242-000000004300}", "ParentProcessId": 11772, "ParentImage": "C:\\Users\\Public\\savscan.exe", "ParentCommandLine": "\"C:\\Users\\Public\\savscan.exe\" -socket 0.0.0.0:7010 -http http://127.0.0.1:8888 -contact tcp "}, "fields": {"time": 1597304693.0, "host": "Qishna", "source": "killchain_logs.evtx"}}
{"System": {"Provider": {"@Name": "Microsoft-Windows-Sysmon", "@Guid": "{5770385f-c22a-43e0-bf4c-06f5698ffbd9}"}, "EventID": {"@Qualifiers": "", "$": 11}, "Version": 2, "Level": 4, "Task": 11, "Opcode": 0, "Keywords": "0x8000000000000000", "TimeCreated": {"@SystemTime": "2020-08-13 14:44:53.799522"}, "EventRecordID": 19148, "Correlation": {"@ActivityID": "", "@RelatedActivityID": ""}, "Execution": {"@ProcessID": 8748, "@ThreadID": 5336}, "Channel": "Microsoft-Windows-Sysmon/Operational", "Computer": "Qishna", "Security": {"@UserID": "S-1-5-18"}}, "EventData": {"RuleName": "FileCreate include Group", "UtcTime": "2020-08-13 14:44:53.792", "ProcessGuid": "{4e85e66a-51e5-5f35-1d46-000000004300}", "ProcessId": 6644, "Image": "C:\\Windows\\System32\\WindowsPowerShell\\v1.0\\powershell.exe", "TargetFilename": "C:\\Users\\garip\\AppData\\Local\\Temp\\__PSScriptPolicyTest_zglbgvlh.1ab.ps1", "CreationUtcTime": "2020-08-13 14:44:53.792"}, "fields": {"time": 1597304693.0, "host": "Qishna", "source": "killchain_logs.evtx"}}
{"System": {"Provider": {"@Name": "Microsoft-Windows-Sysmon", "@Guid": "{5770385f-c22a-43e0-bf4c-06f5698ffbd9}"}, "EventID": {"@Qualifiers": "", "$": 11}, "Version": 2, "Level": 4, "Task": 11, "Opcode": 0, "Keywords": "0x8000000000000000", "TimeCreated": {"@SystemTime": "2020-08-13 14:44:53.827576"}, "EventRecordID": 19149, "Correlation": {"@ActivityID": "", "@RelatedActivityID": ""}, "Execution": {"@ProcessID": 8748, "@ThreadID": 5336}, "Channel": "Microsoft-Windows-Sysmon/Operational", "Computer": "Qishna", "Security": {"@UserID": "S-1-5-18"}}, "EventData": {"RuleName": "FileCreate include Group", "UtcTime": "2020-08-13 14:44:53.799", "ProcessGuid": "{4e85e66a-51e5-5f35-1d46-000000004300}", "ProcessId": 6644, "Image": "C:\\Windows\\System32\\WindowsPowerShell\\v1.0\\powershell.exe", "TargetFilename": "C:\\Users\\garip\\AppData\\Local\\Temp\\__PSScriptPolicyTest_jx0ouhfb.hzo.psm1", "CreationUtcTime": "2020-08-13 14:44:53.798"}, "fields": {"time": 1597304693.0, "host": "Qishna", "source": "killchain_logs.evtx"}}
{"System": {"Provider": {"@Name": "Microsoft-Windows-Sysmon", "@Guid": "{5770385f-c22a-43e0-bf4c-06f5698ffbd9}"}, "EventID": {"@Qualifiers": "", "$": 17}, "Version": 1, "Level": 4, "Task": 17, "Opcode": 0, "Keywords": "0x8000000000000000", "TimeCreated": {"@SystemTime": "2020-08-13 14:44:53.897640"}, "EventRecordID": 19150, "Correlation": {"@ActivityID": "", "@RelatedActivityID": ""}, "Execution": {"@ProcessID": 8748, "@ThreadID": 5336}, "Channel": "Microsoft-Windows-Sysmon/Operational", "Computer": "Qishna", "Security": {"@UserID": "S-1-5-18"}}, "EventData": {"RuleName": "PipeEvent include Group", "EventType": "CreatePipe", "UtcTime": "2020-08-13 14:44:53.874", "ProcessGuid": "{4e85e66a-51e5-5f35-1d46-000000004300}", "ProcessId": 6644, "PipeName": "\\PSHost.132418034936828410.6644.DefaultAppDomain.powershell", "Image": "C:\\Windows\\System32\\WindowsPowerShell\\v1.0\\powershell.exe"}, "fields": {"time": 1597304693.0, "host": "Qishna", "source": "killchain_logs.evtx"}}
{"System": {"Provider": {"@Name": "Microsoft-Windows-Sysmon", "@Guid": "{5770385f-c22a-43e0-bf4c-06f5698ffbd9}"}, "EventID": {"@Qualifiers": "", "$": 11}, "Version": 2, "Level": 4, "Task": 11, "Opcode": 0, "Keywords": "0x8000000000000000", "TimeCreated": {"@SystemTime": "2020-08-13 14:44:54.000362"}, "EventRecordID": 19151, "Correlation": {"@ActivityID": "", "@RelatedActivityID": ""}, "Execution": {"@ProcessID": 8748, "@ThreadID": 5336}, "Channel": "Microsoft-Windows-Sysmon/Operational", "Computer": "Qishna", "Security": {"@UserID": "S-1-5-18"}}, "EventData": {"RuleName": "FileCreate include Group", "UtcTime": "2020-08-13 14:44:53.999", "ProcessGuid": "{4e85e66a-51e5-5f35-1d46-000000004300}", "ProcessId": 6644, "Image": "C:\\Windows\\System32\\WindowsPowerShell\\v1.0\\powershell.exe", "TargetFilename": "C:\\Users\\garip\\AppData\\Local\\Microsoft\\Windows\\PowerShell\\StartupProfileData-NonInteractive", "CreationUtcTime": "2019-08-09 14:16:02.521"}, "fields": {"time": 1597304694.0, "host": "Qishna", "source": "killchain_logs.evtx"}}
{"System": {"Provider": {"@Name": "Microsoft-Windows-Sysmon", "@Guid": "{5770385f-c22a-43e0-bf4c-06f5698ffbd9}"}, "EventID": {"@Qualifiers": "", "$": 1}, "Version": 5, "Level": 4, "Task": 1, "Opcode": 0, "Keywords": "0x8000000000000000", "TimeCreated": {"@SystemTime": "2020-08-13 14:44:58.293650"}, "EventRecordID": 19152, "Correlation": {"@ActivityID": "", "@RelatedActivityID": ""}, "Execution": {"@ProcessID": 8748, "@ThreadID": 5336}, "Channel": "Microsoft-Windows-Sysmon/Operational", "Computer": "Qishna", "Security": {"@UserID": "S-1-5-18"}}, "EventData": {"RuleName": "ProcessCreate include Group", "UtcTime": "2020-08-13 14:44:58.287", "ProcessGuid": "{4e85e66a-51ea-5f35-1e46-000000004300}", "ProcessId": 13528, "Image": "C:\\Windows\\System32\\WindowsPowerShell\\v1.0\\powershell.exe", "FileVersion": "10.0.18362.1 (WinBuild.160101.0800)", "Description": "Windows PowerShell", "Product": "Microsoft\u00ae Windows\u00ae Operating System", "Company": "Microsoft Corporation", "OriginalFileName": "PowerShell.EXE", "CommandLine": "powershell.exe -ExecutionPolicy Bypass -C \"Get-WmiObject -Class Win32_UserAccount\"", "CurrentDirectory": "C:\\Windows\\system32\\", "User": "QISHNA\\garip", "LogonGuid": "{4e85e66a-1016-5f31-8b72-060000000000}", "LogonId": "0x000000000006728b", "TerminalSessionId": 1, "IntegrityLevel": "High", "Hashes": "MD5=CDA48FC75952AD12D99E526D0B6BF70A,SHA256=908B64B1971A979C7E3E8CE4621945CBA84854CB98D76367B791A6E22B5F6D53,IMPHASH=A7CEFACDDA74B13CD330390769752481", "ParentProcessGuid": "{4e85e66a-05a8-5f35-0242-000000004300}", "ParentProcessId": 11772, "ParentImage": "C:\\Users\\Public\\savscan.exe", "ParentCommandLine": "\"C:\\Users\\Public\\savscan.exe\" -socket 0.0.0.0:7010 -http http://127.0.0.1:8888 -contact tcp "}, "fields": {"time": 1597304698.0, "host": "Qishna", "source": "killchain_logs.evtx"}}
{"System": {"Provider": {"@Name": "Microsoft-Windows-Sysmon", "@Guid": "{5770385f-c22a-43e0-bf4c-06f5698ffbd9}"}, "EventID": {"@Qualifiers": "", "$": 11}, "Version": 2, "Level": 4, "Task": 11, "Opcode": 0, "Keywords": "0x8000000000000000", "TimeCreated": {"@SystemTime": "2020-08-13 14:44:58.398426"}, "EventRecordID": 19153, "Correlation": {"@ActivityID": "", "@RelatedActivityID": ""}, "Execution": {"@ProcessID": 8748, "@ThreadID": 5336}, "Channel": "Microsoft-Windows-Sysmon/Operational", "Computer": "Qishna", "Security": {"@UserID": "S-1-5-18"}}, "EventData": {"RuleName": "FileCreate include Group", "UtcTime": "2020-08-13 14:44:58.385", "ProcessGuid": "{4e85e66a-51ea-5f35-1e46-000000004300}", "ProcessId": 13528, "Image": "C:\\Windows\\System32\\WindowsPowerShell\\v1.0\\powershell.exe", "TargetFilename": "C:\\Users\\garip\\AppData\\Local\\Temp\\__PSScriptPolicyTest_e14rhwaf.e5v.ps1", "CreationUtcTime": "2020-08-13 14:44:58.385"}, "fields": {"time": 1597304698.0, "host": "Qishna", "source": "killchain_logs.evtx"}}
{"System": {"Provider": {"@Name": "Microsoft-Windows-Sysmon", "@Guid": "{5770385f-c22a-43e0-bf4c-06f5698ffbd9}"}, "EventID": {"@Qualifiers": "", "$": 11}, "Version": 2, "Level": 4, "Task": 11, "Opcode": 0, "Keywords": "0x8000000000000000", "TimeCreated": {"@SystemTime": "2020-08-13 14:44:58.416248"}, "EventRecordID": 19154, "Correlation": {"@ActivityID": "", "@RelatedActivityID": ""}, "Execution": {"@ProcessID": 8748, "@ThreadID": 5336}, "Channel": "Microsoft-Windows-Sysmon/Operational", "Computer": "Qishna", "Security": {"@UserID": "S-1-5-18"}}, "EventData": {"RuleName": "FileCreate include Group", "UtcTime": "2020-08-13 14:44:58.388", "ProcessGuid": "{4e85e66a-51ea-5f35-1e46-000000004300}", "ProcessId": 13528, "Image": "C:\\Windows\\System32\\WindowsPowerShell\\v1.0\\powershell.exe", "TargetFilename": "C:\\Users\\garip\\AppData\\Local\\Temp\\__PSScriptPolicyTest_gxmlddhf.lxp.psm1", "CreationUtcTime": "2020-08-13 14:44:58.388"}, "fields": {"time": 1597304698.0, "host": "Qishna", "source": "killchain_logs.evtx"}}
{"System": {"Provider": {"@Name": "Microsoft-Windows-Sysmon", "@Guid": "{5770385f-c22a-43e0-bf4c-06f5698ffbd9}"}, "EventID": {"@Qualifiers": "", "$": 17}, "Version": 1, "Level": 4, "Task": 17, "Opcode": 0, "Keywords": "0x8000000000000000", "TimeCreated": {"@SystemTime": "2020-08-13 14:44:58.482138"}, "EventRecordID": 19155, "Correlation": {"@ActivityID": "", "@RelatedActivityID": ""}, "Execution": {"@ProcessID": 8748, "@ThreadID": 5336}, "Channel": "Microsoft-Windows-Sysmon/Operational", "Computer": "Qishna", "Security": {"@UserID": "S-1-5-18"}}, "EventData": {"RuleName": "PipeEvent include Group", "EventType": "CreatePipe", "UtcTime": "2020-08-13 14:44:58.457", "ProcessGuid": "{4e85e66a-51ea-5f35-1e46-000000004300}", "ProcessId": 13528, "PipeName": "\\PSHost.132418034982873115.13528.DefaultAppDomain.powershell", "Image": "C:\\Windows\\System32\\WindowsPowerShell\\v1.0\\powershell.exe"}, "fields": {"time": 1597304698.0, "host": "Qishna", "source": "killchain_logs.evtx"}}
{"System": {"Provider": {"@Name": "Microsoft-Windows-Sysmon", "@Guid": "{5770385f-c22a-43e0-bf4c-06f5698ffbd9}"}, "EventID": {"@Qualifiers": "", "$": 11}, "Version": 2, "Level": 4, "Task": 11, "Opcode": 0, "Keywords": "0x8000000000000000", "TimeCreated": {"@SystemTime": "2020-08-13 14:44:58.931648"}, "EventRecordID": 19156, "Correlation": {"@ActivityID": "", "@RelatedActivityID": ""}, "Execution": {"@ProcessID": 8748, "@ThreadID": 5336}, "Channel": "Microsoft-Windows-Sysmon/Operational", "Computer": "Qishna", "Security": {"@UserID": "S-1-5-18"}}, "EventData": {"RuleName": "FileCreate include Group", "UtcTime": "2020-08-13 14:44:58.930", "ProcessGuid": "{4e85e66a-51ea-5f35-1e46-000000004300}", "ProcessId": 13528, "Image": "C:\\Windows\\System32\\WindowsPowerShell\\v1.0\\powershell.exe", "TargetFilename": "C:\\Users\\garip\\AppData\\Local\\Microsoft\\Windows\\PowerShell\\StartupProfileData-NonInteractive", "CreationUtcTime": "2019-08-09 14:16:02.521"}, "fields": {"time": 1597304698.0, "host": "Qishna", "source": "killchain_logs.evtx"}}
{"System": {"Provider": {"@Name": "Microsoft-Windows-Sysmon", "@Guid": "{5770385f-c22a-43e0-bf4c-06f5698ffbd9}"}, "EventID": {"@Qualifiers": "", "$": 3}, "Version": 5, "Level": 4, "Task": 3, "Opcode": 0, "Keywords": "0x8000000000000000", "TimeCreated": {"@SystemTime": "2020-08-13 14:45:12.129171"}, "EventRecordID": 19157, "Correlation": {"@ActivityID": "", "@RelatedActivityID": ""}, "Execution": {"@ProcessID": 8748, "@ThreadID": 16764}, "Channel": "Microsoft-Windows-Sysmon/Operational", "Computer": "Qishna", "Security": {"@UserID": "S-1-5-18"}}, "EventData": {"RuleName": "NetworkConnect include Group", "UtcTime": "2020-08-13 14:45:15.234", "ProcessGuid": "{4e85e66a-100f-5f31-4f00-000000004300}", "ProcessId": 3852, "Image": "C:\\Windows\\System32\\svchost.exe", "User": "NT AUTHORITY\\NETWORK SERVICE", "Protocol": "tcp", "Initiated": true, "SourceIsIpv6": false, "SourceIp": "192.168.0.107", "SourceHostname": "host.docker.internal", "SourcePort": 58347, "SourcePortName": "-", "DestinationIsIpv6": false, "DestinationIp": "151.139.128.14", "DestinationHostname": "-", "DestinationPort": 80, "DestinationPortName": "http"}, "fields": {"time": 1597304712.0, "host": "Qishna", "source": "killchain_logs.evtx"}}
{"System": {"Provider": {"@Name": "Microsoft-Windows-Sysmon", "@Guid": "{5770385f-c22a-43e0-bf4c-06f5698ffbd9}"}, "EventID": {"@Qualifiers": "", "$": 3}, "Version": 5, "Level": 4, "Task": 3, "Opcode": 0, "Keywords": "0x8000000000000000", "TimeCreated": {"@SystemTime": "2020-08-13 14:45:15.383760"}, "EventRecordID": 19158, "Correlation": {"@ActivityID": "", "@RelatedActivityID": ""}, "Execution": {"@ProcessID": 8748, "@ThreadID": 16764}, "Channel": "Microsoft-Windows-Sysmon/Operational", "Computer": "Qishna", "Security": {"@UserID": "S-1-5-18"}}, "EventData": {"RuleName": "Technique=Commonly Used Port,Tactic=Command and Control,MitreRef=1043", "UtcTime": "2020-08-13 14:45:19.228", "ProcessGuid": "{4e85e66a-17fa-5f31-ee04-000000004300}", "ProcessId": 8572, "Image": "C:\\Windows\\System32\\smartscreen.exe", "User": "QISHNA\\garip", "Protocol": "tcp", "Initiated": true, "SourceIsIpv6": false, "SourceIp": "192.168.0.107", "SourceHostname": "host.docker.internal", "SourcePort": 58348, "SourcePortName": "-", "DestinationIsIpv6": false, "DestinationIp": "40.85.83.182", "DestinationHostname": "-", "DestinationPort": 443, "DestinationPortName": "https"}, "fields": {"time": 1597304715.0, "host": "Qishna", "source": "killchain_logs.evtx"}}
{"System": {"Provider": {"@Name": "Microsoft-Windows-Sysmon", "@Guid": "{5770385f-c22a-43e0-bf4c-06f5698ffbd9}"}, "EventID": {"@Qualifiers": "", "$": 3}, "Version": 5, "Level": 4, "Task": 3, "Opcode": 0, "Keywords": "0x8000000000000000", "TimeCreated": {"@SystemTime": "2020-08-13 14:45:17.386551"}, "EventRecordID": 19159, "Correlation": {"@ActivityID": "", "@RelatedActivityID": ""}, "Execution": {"@ProcessID": 8748, "@ThreadID": 16764}, "Channel": "Microsoft-Windows-Sysmon/Operational", "Computer": "Qishna", "Security": {"@UserID": "S-1-5-18"}}, "EventData": {"RuleName": "Technique=Commonly Used Port,Tactic=Command and Control,MitreRef=1043", "UtcTime": "2020-08-13 14:45:20.548", "ProcessGuid": "{4e85e66a-b55e-5f33-db35-000000004300}", "ProcessId": 13248, "Image": "C:\\Program Files\\Microsoft Office\\root\\Office16\\POWERPNT.EXE", "User": "QISHNA\\garip", "Protocol": "tcp", "Initiated": true, "SourceIsIpv6": false, "SourceIp": "192.168.0.107", "SourceHostname": "host.docker.internal", "SourcePort": 58350, "SourcePortName": "-", "DestinationIsIpv6": false, "DestinationIp": "52.98.16.210", "DestinationHostname": "-", "DestinationPort": 443, "DestinationPortName": "https"}, "fields": {"time": 1597304717.0, "host": "Qishna", "source": "killchain_logs.evtx"}}
{"System": {"Provider": {"@Name": "Microsoft-Windows-Sysmon", "@Guid": "{5770385f-c22a-43e0-bf4c-06f5698ffbd9}"}, "EventID": {"@Qualifiers": "", "$": 3}, "Version": 5, "Level": 4, "Task": 3, "Opcode": 0, "Keywords": "0x8000000000000000", "TimeCreated": {"@SystemTime": "2020-08-13 14:45:18.387903"}, "EventRecordID": 19160, "Correlation": {"@ActivityID": "", "@RelatedActivityID": ""}, "Execution": {"@ProcessID": 8748, "@ThreadID": 16764}, "Channel": "Microsoft-Windows-Sysmon/Operational", "Computer": "Qishna", "Security": {"@UserID": "S-1-5-18"}}, "EventData": {"RuleName": "Technique=Commonly Used Port,Tactic=Command and Control,MitreRef=1043", "UtcTime": "2020-08-13 14:45:21.668", "ProcessGuid": "{4e85e66a-b55e-5f33-db35-000000004300}", "ProcessId": 13248, "Image": "C:\\Program Files\\Microsoft Office\\root\\Office16\\POWERPNT.EXE", "User": "QISHNA\\garip", "Protocol": "tcp", "Initiated": true, "SourceIsIpv6": false, "SourceIp": "192.168.0.107", "SourceHostname": "host.docker.internal", "SourcePort": 58351, "SourcePortName": "-", "DestinationIsIpv6": false, "DestinationIp": "52.97.189.66", "DestinationHostname": "-", "DestinationPort": 443, "DestinationPortName": "https"}, "fields": {"time": 1597304718.0, "host": "Qishna", "source": "killchain_logs.evtx"}}
{"System": {"Provider": {"@Name": "Microsoft-Windows-Sysmon", "@Guid": "{5770385f-c22a-43e0-bf4c-06f5698ffbd9}"}, "EventID": {"@Qualifiers": "", "$": 3}, "Version": 5, "Level": 4, "Task": 3, "Opcode": 0, "Keywords": "0x8000000000000000", "TimeCreated": {"@SystemTime": "2020-08-13 14:45:18.388124"}, "EventRecordID": 19161, "Correlation": {"@ActivityID": "", "@RelatedActivityID": ""}, "Execution": {"@ProcessID": 8748, "@ThreadID": 16764}, "Channel": "Microsoft-Windows-Sysmon/Operational", "Computer": "Qishna", "Security": {"@UserID": "S-1-5-18"}}, "EventData": {"RuleName": "Technique=Commonly Used Port,Tactic=Command and Control,MitreRef=1043", "UtcTime": "2020-08-13 14:45:22.164", "ProcessGuid": "{4e85e66a-b55e-5f33-db35-000000004300}", "ProcessId": 13248, "Image": "C:\\Program Files\\Microsoft Office\\root\\Office16\\POWERPNT.EXE", "User": "QISHNA\\garip", "Protocol": "tcp", "Initiated": true, "SourceIsIpv6": false, "SourceIp": "192.168.0.107", "SourceHostname": "host.docker.internal", "SourcePort": 58352, "SourcePortName": "-", "DestinationIsIpv6": false, "DestinationIp": "40.101.80.18", "DestinationHostname": "-", "DestinationPort": 443, "DestinationPortName": "https"}, "fields": {"time": 1597304718.0, "host": "Qishna", "source": "killchain_logs.evtx"}}
{"System": {"Provider": {"@Name": "Microsoft-Windows-Sysmon", "@Guid": "{5770385f-c22a-43e0-bf4c-06f5698ffbd9}"}, "EventID": {"@Qualifiers": "", "$": 3}, "Version": 5, "Level": 4, "Task": 3, "Opcode": 0, "Keywords": "0x8000000000000000", "TimeCreated": {"@SystemTime": "2020-08-13 14:45:19.389364"}, "EventRecordID": 19162, "Correlation": {"@ActivityID": "", "@RelatedActivityID": ""}, "Execution": {"@ProcessID": 8748, "@ThreadID": 16764}, "Channel": "Microsoft-Windows-Sysmon/Operational", "Computer": "Qishna", "Security": {"@UserID": "S-1-5-18"}}, "EventData": {"RuleName": "Technique=Commonly Used Port,Tactic=Command and Control,MitreRef=1043", "UtcTime": "2020-08-13 14:45:22.593", "ProcessGuid": "{4e85e66a-b55e-5f33-db35-000000004300}", "ProcessId": 13248, "Image": "C:\\Program Files\\Microsoft Office\\root\\Office16\\POWERPNT.EXE", "User": "QISHNA\\garip", "Protocol": "tcp", "Initiated": true, "SourceIsIpv6": false, "SourceIp": "192.168.0.107", "SourceHostname": "host.docker.internal", "SourcePort": 58353, "SourcePortName": "-", "DestinationIsIpv6": false, "DestinationIp": "13.107.6.163", "DestinationHostname": "-", "DestinationPort": 443, "DestinationPortName": "https"}, "fields": {"time": 1597304719.0, "host": "Qishna", "source": "killchain_logs.evtx"}}
{"System": {"Provider": {"@Name": "Microsoft-Windows-Sysmon", "@Guid": "{5770385f-c22a-43e0-bf4c-06f5698ffbd9}"}, "EventID": {"@Qualifiers": "", "$": 1}, "Version": 5, "Level": 4, "Task": 1, "Opcode": 0, "Keywords": "0x8000000000000000", "TimeCreated": {"@SystemTime": "2020-08-13 14:45:26.303621"}, "EventRecordID": 19163, "Correlation": {"@ActivityID": "", "@RelatedActivityID": ""}, "Execution": {"@ProcessID": 8748, "@ThreadID": 5336}, "Channel": "Microsoft-Windows-Sysmon/Operational", "Computer": "Qishna", "Security": {"@UserID": "S-1-5-18"}}, "EventData": {"RuleName": "ProcessCreate include Group", "UtcTime": "2020-08-13 14:45:26.295", "ProcessGuid": "{4e85e66a-5206-5f35-2046-000000004300}", "ProcessId": 368, "Image": "C:\\Windows\\System32\\WindowsPowerShell\\v1.0\\powershell.exe", "FileVersion": "10.0.18362.1 (WinBuild.160101.0800)", "Description": "Windows PowerShell", "Product": "Microsoft\u00ae Windows\u00ae Operating System", "Company": "Microsoft Corporation", "OriginalFileName": "PowerShell.EXE", "CommandLine": "powershell.exe -ExecutionPolicy Bypass -C \"$owners = @{};gwmi win32_process |%% {$owners[$_.handle] = $_.getowner().user};$ps = get-process | select processname,Id,@{l=\\\"Owner\\\";e={$owners[$_.id.tostring()]}};foreach($p in $ps) {    if($p.Owner -eq \\\"garip\\\") {        $p;    }}\"", "CurrentDirectory": "C:\\Windows\\system32\\", "User": "QISHNA\\garip", "LogonGuid": "{4e85e66a-1016-5f31-8b72-060000000000}", "LogonId": "0x000000000006728b", "TerminalSessionId": 1, "IntegrityLevel": "High", "Hashes": "MD5=CDA48FC75952AD12D99E526D0B6BF70A,SHA256=908B64B1971A979C7E3E8CE4621945CBA84854CB98D76367B791A6E22B5F6D53,IMPHASH=A7CEFACDDA74B13CD330390769752481", "ParentProcessGuid": "{4e85e66a-05a8-5f35-0242-000000004300}", "ParentProcessId": 11772, "ParentImage": "C:\\Users\\Public\\savscan.exe", "ParentCommandLine": "\"C:\\Users\\Public\\savscan.exe\" -socket 0.0.0.0:7010 -http http://127.0.0.1:8888 -contact tcp "}, "fields": {"time": 1597304726.0, "host": "Qishna", "source": "killchain_logs.evtx"}}
{"System": {"Provider": {"@Name": "Microsoft-Windows-Sysmon", "@Guid": "{5770385f-c22a-43e0-bf4c-06f5698ffbd9}"}, "EventID": {"@Qualifiers": "", "$": 11}, "Version": 2, "Level": 4, "Task": 11, "Opcode": 0, "Keywords": "0x8000000000000000", "TimeCreated": {"@SystemTime": "2020-08-13 14:45:26.423450"}, "EventRecordID": 19164, "Correlation": {"@ActivityID": "", "@RelatedActivityID": ""}, "Execution": {"@ProcessID": 8748, "@ThreadID": 5336}, "Channel": "Microsoft-Windows-Sysmon/Operational", "Computer": "Qishna", "Security": {"@UserID": "S-1-5-18"}}, "EventData": {"RuleName": "FileCreate include Group", "UtcTime": "2020-08-13 14:45:26.405", "ProcessGuid": "{4e85e66a-5206-5f35-2046-000000004300}", "ProcessId": 368, "Image": "C:\\Windows\\System32\\WindowsPowerShell\\v1.0\\powershell.exe", "TargetFilename": "C:\\Users\\garip\\AppData\\Local\\Temp\\__PSScriptPolicyTest_xk21mbqw.1hh.ps1", "CreationUtcTime": "2020-08-13 14:45:26.404"}, "fields": {"time": 1597304726.0, "host": "Qishna", "source": "killchain_logs.evtx"}}
{"System": {"Provider": {"@Name": "Microsoft-Windows-Sysmon", "@Guid": "{5770385f-c22a-43e0-bf4c-06f5698ffbd9}"}, "EventID": {"@Qualifiers": "", "$": 11}, "Version": 2, "Level": 4, "Task": 11, "Opcode": 0, "Keywords": "0x8000000000000000", "TimeCreated": {"@SystemTime": "2020-08-13 14:45:26.440800"}, "EventRecordID": 19165, "Correlation": {"@ActivityID": "", "@RelatedActivityID": ""}, "Execution": {"@ProcessID": 8748, "@ThreadID": 5336}, "Channel": "Microsoft-Windows-Sysmon/Operational", "Computer": "Qishna", "Security": {"@UserID": "S-1-5-18"}}, "EventData": {"RuleName": "FileCreate include Group", "UtcTime": "2020-08-13 14:45:26.412", "ProcessGuid": "{4e85e66a-5206-5f35-2046-000000004300}", "ProcessId": 368, "Image": "C:\\Windows\\System32\\WindowsPowerShell\\v1.0\\powershell.exe", "TargetFilename": "C:\\Users\\garip\\AppData\\Local\\Temp\\__PSScriptPolicyTest_r2lkcwwy.hdd.psm1", "CreationUtcTime": "2020-08-13 14:45:26.411"}, "fields": {"time": 1597304726.0, "host": "Qishna", "source": "killchain_logs.evtx"}}
{"System": {"Provider": {"@Name": "Microsoft-Windows-Sysmon", "@Guid": "{5770385f-c22a-43e0-bf4c-06f5698ffbd9}"}, "EventID": {"@Qualifiers": "", "$": 17}, "Version": 1, "Level": 4, "Task": 17, "Opcode": 0, "Keywords": "0x8000000000000000", "TimeCreated": {"@SystemTime": "2020-08-13 14:45:26.502634"}, "EventRecordID": 19166, "Correlation": {"@ActivityID": "", "@RelatedActivityID": ""}, "Execution": {"@ProcessID": 8748, "@ThreadID": 5336}, "Channel": "Microsoft-Windows-Sysmon/Operational", "Computer": "Qishna", "Security": {"@UserID": "S-1-5-18"}}, "EventData": {"RuleName": "PipeEvent include Group", "EventType": "CreatePipe", "UtcTime": "2020-08-13 14:45:26.477", "ProcessGuid": "{4e85e66a-5206-5f35-2046-000000004300}", "ProcessId": 368, "PipeName": "\\PSHost.132418035262950231.368.DefaultAppDomain.powershell", "Image": "C:\\Windows\\System32\\WindowsPowerShell\\v1.0\\powershell.exe"}, "fields": {"time": 1597304726.0, "host": "Qishna", "source": "killchain_logs.evtx"}}
{"System": {"Provider": {"@Name": "Microsoft-Windows-Sysmon", "@Guid": "{5770385f-c22a-43e0-bf4c-06f5698ffbd9}"}, "EventID": {"@Qualifiers": "", "$": 11}, "Version": 2, "Level": 4, "Task": 11, "Opcode": 0, "Keywords": "0x8000000000000000", "TimeCreated": {"@SystemTime": "2020-08-13 14:45:36.408186"}, "EventRecordID": 19167, "Correlation": {"@ActivityID": "", "@RelatedActivityID": ""}, "Execution": {"@ProcessID": 8748, "@ThreadID": 5336}, "Channel": "Microsoft-Windows-Sysmon/Operational", "Computer": "Qishna", "Security": {"@UserID": "S-1-5-18"}}, "EventData": {"RuleName": "FileCreate include Group", "UtcTime": "2020-08-13 14:45:36.407", "ProcessGuid": "{4e85e66a-5206-5f35-2046-000000004300}", "ProcessId": 368, "Image": "C:\\Windows\\System32\\WindowsPowerShell\\v1.0\\powershell.exe", "TargetFilename": "C:\\Users\\garip\\AppData\\Local\\Microsoft\\Windows\\PowerShell\\StartupProfileData-NonInteractive", "CreationUtcTime": "2019-08-09 14:16:02.521"}, "fields": {"time": 1597304736.0, "host": "Qishna", "source": "killchain_logs.evtx"}}
{"System": {"Provider": {"@Name": "Microsoft-Windows-Sysmon", "@Guid": "{5770385f-c22a-43e0-bf4c-06f5698ffbd9}"}, "EventID": {"@Qualifiers": "", "$": 1}, "Version": 5, "Level": 4, "Task": 1, "Opcode": 0, "Keywords": "0x8000000000000000", "TimeCreated": {"@SystemTime": "2020-08-13 14:45:36.450859"}, "EventRecordID": 19168, "Correlation": {"@ActivityID": "", "@RelatedActivityID": ""}, "Execution": {"@ProcessID": 8748, "@ThreadID": 5336}, "Channel": "Microsoft-Windows-Sysmon/Operational", "Computer": "Qishna", "Security": {"@UserID": "S-1-5-18"}}, "EventData": {"RuleName": "ProcessCreate include Group", "UtcTime": "2020-08-13 14:45:36.445", "ProcessGuid": "{4e85e66a-5210-5f35-2146-000000004300}", "ProcessId": 5108, "Image": "C:\\Windows\\System32\\WindowsPowerShell\\v1.0\\powershell.exe", "FileVersion": "10.0.18362.1 (WinBuild.160101.0800)", "Description": "Windows PowerShell", "Product": "Microsoft\u00ae Windows\u00ae Operating System", "Company": "Microsoft Corporation", "OriginalFileName": "PowerShell.EXE", "CommandLine": "powershell.exe -ExecutionPolicy Bypass -C \"gpresult /R\"", "CurrentDirectory": "C:\\Windows\\system32\\", "User": "QISHNA\\garip", "LogonGuid": "{4e85e66a-1016-5f31-8b72-060000000000}", "LogonId": "0x000000000006728b", "TerminalSessionId": 1, "IntegrityLevel": "High", "Hashes": "MD5=CDA48FC75952AD12D99E526D0B6BF70A,SHA256=908B64B1971A979C7E3E8CE4621945CBA84854CB98D76367B791A6E22B5F6D53,IMPHASH=A7CEFACDDA74B13CD330390769752481", "ParentProcessGuid": "{4e85e66a-05a8-5f35-0242-000000004300}", "ParentProcessId": 11772, "ParentImage": "C:\\Users\\Public\\savscan.exe", "ParentCommandLine": "\"C:\\Users\\Public\\savscan.exe\" -socket 0.0.0.0:7010 -http http://127.0.0.1:8888 -contact tcp "}, "fields": {"time": 1597304736.0, "host": "Qishna", "source": "killchain_logs.evtx"}}
{"System": {"Provider": {"@Name": "Microsoft-Windows-Sysmon", "@Guid": "{5770385f-c22a-43e0-bf4c-06f5698ffbd9}"}, "EventID": {"@Qualifiers": "", "$": 11}, "Version": 2, "Level": 4, "Task": 11, "Opcode": 0, "Keywords": "0x8000000000000000", "TimeCreated": {"@SystemTime": "2020-08-13 14:45:36.553755"}, "EventRecordID": 19169, "Correlation": {"@ActivityID": "", "@RelatedActivityID": ""}, "Execution": {"@ProcessID": 8748, "@ThreadID": 5336}, "Channel": "Microsoft-Windows-Sysmon/Operational", "Computer": "Qishna", "Security": {"@UserID": "S-1-5-18"}}, "EventData": {"RuleName": "FileCreate include Group", "UtcTime": "2020-08-13 14:45:36.543", "ProcessGuid": "{4e85e66a-5210-5f35-2146-000000004300}", "ProcessId": 5108, "Image": "C:\\Windows\\System32\\WindowsPowerShell\\v1.0\\powershell.exe", "TargetFilename": "C:\\Users\\garip\\AppData\\Local\\Temp\\__PSScriptPolicyTest_qx0lnp5y.lmg.ps1", "CreationUtcTime": "2020-08-13 14:45:36.543"}, "fields": {"time": 1597304736.0, "host": "Qishna", "source": "killchain_logs.evtx"}}
{"System": {"Provider": {"@Name": "Microsoft-Windows-Sysmon", "@Guid": "{5770385f-c22a-43e0-bf4c-06f5698ffbd9}"}, "EventID": {"@Qualifiers": "", "$": 11}, "Version": 2, "Level": 4, "Task": 11, "Opcode": 0, "Keywords": "0x8000000000000000", "TimeCreated": {"@SystemTime": "2020-08-13 14:45:36.574249"}, "EventRecordID": 19170, "Correlation": {"@ActivityID": "", "@RelatedActivityID": ""}, "Execution": {"@ProcessID": 8748, "@ThreadID": 5336}, "Channel": "Microsoft-Windows-Sysmon/Operational", "Computer": "Qishna", "Security": {"@UserID": "S-1-5-18"}}, "EventData": {"RuleName": "FileCreate include Group", "UtcTime": "2020-08-13 14:45:36.548", "ProcessGuid": "{4e85e66a-5210-5f35-2146-000000004300}", "ProcessId": 5108, "Image": "C:\\Windows\\System32\\WindowsPowerShell\\v1.0\\powershell.exe", "TargetFilename": "C:\\Users\\garip\\AppData\\Local\\Temp\\__PSScriptPolicyTest_vp15sicy.ixz.psm1", "CreationUtcTime": "2020-08-13 14:45:36.548"}, "fields": {"time": 1597304736.0, "host": "Qishna", "source": "killchain_logs.evtx"}}
{"System": {"Provider": {"@Name": "Microsoft-Windows-Sysmon", "@Guid": "{5770385f-c22a-43e0-bf4c-06f5698ffbd9}"}, "EventID": {"@Qualifiers": "", "$": 17}, "Version": 1, "Level": 4, "Task": 17, "Opcode": 0, "Keywords": "0x8000000000000000", "TimeCreated": {"@SystemTime": "2020-08-13 14:45:36.638069"}, "EventRecordID": 19171, "Correlation": {"@ActivityID": "", "@RelatedActivityID": ""}, "Execution": {"@ProcessID": 8748, "@ThreadID": 5336}, "Channel": "Microsoft-Windows-Sysmon/Operational", "Computer": "Qishna", "Security": {"@UserID": "S-1-5-18"}}, "EventData": {"RuleName": "PipeEvent include Group", "EventType": "CreatePipe", "UtcTime": "2020-08-13 14:45:36.623", "ProcessGuid": "{4e85e66a-5210-5f35-2146-000000004300}", "ProcessId": 5108, "PipeName": "\\PSHost.132418035364450113.5108.DefaultAppDomain.powershell", "Image": "C:\\Windows\\System32\\WindowsPowerShell\\v1.0\\powershell.exe"}, "fields": {"time": 1597304736.0, "host": "Qishna", "source": "killchain_logs.evtx"}}
{"System": {"Provider": {"@Name": "Microsoft-Windows-Sysmon", "@Guid": "{5770385f-c22a-43e0-bf4c-06f5698ffbd9}"}, "EventID": {"@Qualifiers": "", "$": 1}, "Version": 5, "Level": 4, "Task": 1, "Opcode": 0, "Keywords": "0x8000000000000000", "TimeCreated": {"@SystemTime": "2020-08-13 14:45:36.734402"}, "EventRecordID": 19172, "Correlation": {"@ActivityID": "", "@RelatedActivityID": ""}, "Execution": {"@ProcessID": 8748, "@ThreadID": 5336}, "Channel": "Microsoft-Windows-Sysmon/Operational", "Computer": "Qishna", "Security": {"@UserID": "S-1-5-18"}}, "EventData": {"RuleName": "ProcessCreate include Group", "UtcTime": "2020-08-13 14:45:36.725", "ProcessGuid": "{4e85e66a-5210-5f35-2246-000000004300}", "ProcessId": 10892, "Image": "C:\\Windows\\System32\\gpresult.exe", "FileVersion": "10.0.18362.1 (WinBuild.160101.0800)", "Description": "Query Group Policy RSOP Data", "Product": "Microsoft\u00ae Windows\u00ae Operating System", "Company": "Microsoft Corporation", "OriginalFileName": "gprslt.exe", "CommandLine": "\"C:\\Windows\\system32\\gpresult.exe\" /R", "CurrentDirectory": "C:\\Windows\\system32\\", "User": "QISHNA\\garip", "LogonGuid": "{4e85e66a-1016-5f31-8b72-060000000000}", "LogonId": "0x000000000006728b", "TerminalSessionId": 1, "IntegrityLevel": "High", "Hashes": "MD5=C21C5600D1A9F0C43E7579B329947480,SHA256=88795DD89E4F3D7BDF4011846CFC863031D9217D7AB996A8ED8C488A1C73009F,IMPHASH=21D279ACCB0EB1F3C23C57EB6C9C576B", "ParentProcessGuid": "{4e85e66a-5210-5f35-2146-000000004300}", "ParentProcessId": 5108, "ParentImage": "C:\\Windows\\System32\\WindowsPowerShell\\v1.0\\powershell.exe", "ParentCommandLine": "powershell.exe -ExecutionPolicy Bypass -C \"gpresult /R\""}, "fields": {"time": 1597304736.0, "host": "Qishna", "source": "killchain_logs.evtx"}}
{"System": {"Provider": {"@Name": "Microsoft-Windows-Sysmon", "@Guid": "{5770385f-c22a-43e0-bf4c-06f5698ffbd9}"}, "EventID": {"@Qualifiers": "", "$": 1}, "Version": 5, "Level": 4, "Task": 1, "Opcode": 0, "Keywords": "0x8000000000000000", "TimeCreated": {"@SystemTime": "2020-08-13 14:45:41.579899"}, "EventRecordID": 19173, "Correlation": {"@ActivityID": "", "@RelatedActivityID": ""}, "Execution": {"@ProcessID": 8748, "@ThreadID": 5336}, "Channel": "Microsoft-Windows-Sysmon/Operational", "Computer": "Qishna", "Security": {"@UserID": "S-1-5-18"}}, "EventData": {"RuleName": "ProcessCreate include Group", "UtcTime": "2020-08-13 14:45:41.575", "ProcessGuid": "{4e85e66a-5215-5f35-2446-000000004300}", "ProcessId": 17320, "Image": "C:\\Windows\\System32\\svchost.exe", "FileVersion": "10.0.18362.1 (WinBuild.160101.0800)", "Description": "Host Process for Windows Services", "Product": "Microsoft\u00ae Windows\u00ae Operating System", "Company": "Microsoft Corporation", "OriginalFileName": "svchost.exe", "CommandLine": "C:\\Windows\\system32\\svchost.exe -k netsvcs -p -s gpsvc", "CurrentDirectory": "C:\\Windows\\system32\\", "User": "NT AUTHORITY\\\u0421\u0418\u0421\u0422\u0415\u041c\u0410", "LogonGuid": "{4e85e66a-100b-5f31-e703-000000000000}", "LogonId": "0x00000000000003e7", "TerminalSessionId": 0, "IntegrityLevel": "System", "Hashes": "MD5=9520A99E77D6196D0D09833146424113,SHA256=DD191A5B23DF92E12A8852291F9FB5ED594B76A28A5A464418442584AFD1E048,IMPHASH=247B9220E5D9B720A82B2C8B5069AD69", "ParentProcessGuid": "{4e85e66a-100b-5f31-0c00-000000004300}", "ParentProcessId": 960, "ParentImage": "C:\\Windows\\System32\\services.exe", "ParentCommandLine": "C:\\Windows\\system32\\services.exe"}, "fields": {"time": 1597304741.0, "host": "Qishna", "source": "killchain_logs.evtx"}}
{"System": {"Provider": {"@Name": "Microsoft-Windows-Sysmon", "@Guid": "{5770385f-c22a-43e0-bf4c-06f5698ffbd9}"}, "EventID": {"@Qualifiers": "", "$": 11}, "Version": 2, "Level": 4, "Task": 11, "Opcode": 0, "Keywords": "0x8000000000000000", "TimeCreated": {"@SystemTime": "2020-08-13 14:45:51.907919"}, "EventRecordID": 19174, "Correlation": {"@ActivityID": "", "@RelatedActivityID": ""}, "Execution": {"@ProcessID": 8748, "@ThreadID": 5336}, "Channel": "Microsoft-Windows-Sysmon/Operational", "Computer": "Qishna", "Security": {"@UserID": "S-1-5-18"}}, "EventData": {"RuleName": "FileCreate include Group", "UtcTime": "2020-08-13 14:45:51.907", "ProcessGuid": "{4e85e66a-5210-5f35-2146-000000004300}", "ProcessId": 5108, "Image": "C:\\Windows\\System32\\WindowsPowerShell\\v1.0\\powershell.exe", "TargetFilename": "C:\\Users\\garip\\AppData\\Local\\Microsoft\\Windows\\PowerShell\\StartupProfileData-NonInteractive", "CreationUtcTime": "2019-08-09 14:16:02.521"}, "fields": {"time": 1597304751.0, "host": "Qishna", "source": "killchain_logs.evtx"}}
{"System": {"Provider": {"@Name": "Microsoft-Windows-Sysmon", "@Guid": "{5770385f-c22a-43e0-bf4c-06f5698ffbd9}"}, "EventID": {"@Qualifiers": "", "$": 1}, "Version": 5, "Level": 4, "Task": 1, "Opcode": 0, "Keywords": "0x8000000000000000", "TimeCreated": {"@SystemTime": "2020-08-13 14:45:51.944040"}, "EventRecordID": 19175, "Correlation": {"@ActivityID": "", "@RelatedActivityID": ""}, "Execution": {"@ProcessID": 8748, "@ThreadID": 5336}, "Channel": "Microsoft-Windows-Sysmon/Operational", "Computer": "Qishna", "Security": {"@UserID": "S-1-5-18"}}, "EventData": {"RuleName": "ProcessCreate include Group", "UtcTime": "2020-08-13 14:45:51.938", "ProcessGuid": "{4e85e66a-521f-5f35-2546-000000004300}", "ProcessId": 11408, "Image": "C:\\Windows\\System32\\WindowsPowerShell\\v1.0\\powershell.exe", "FileVersion": "10.0.18362.1 (WinBuild.160101.0800)", "Description": "Windows PowerShell", "Product": "Microsoft\u00ae Windows\u00ae Operating System", "Company": "Microsoft Corporation", "OriginalFileName": "PowerShell.EXE", "CommandLine": "powershell.exe -ExecutionPolicy Bypass -C \"nltest /dclist:%%USERDOMAIN%%\"", "CurrentDirectory": "C:\\Windows\\system32\\", "User": "QISHNA\\garip", "LogonGuid": "{4e85e66a-1016-5f31-8b72-060000000000}", "LogonId": "0x000000000006728b", "TerminalSessionId": 1, "IntegrityLevel": "High", "Hashes": "MD5=CDA48FC75952AD12D99E526D0B6BF70A,SHA256=908B64B1971A979C7E3E8CE4621945CBA84854CB98D76367B791A6E22B5F6D53,IMPHASH=A7CEFACDDA74B13CD330390769752481", "ParentProcessGuid": "{4e85e66a-05a8-5f35-0242-000000004300}", "ParentProcessId": 11772, "ParentImage": "C:\\Users\\Public\\savscan.exe", "ParentCommandLine": "\"C:\\Users\\Public\\savscan.exe\" -socket 0.0.0.0:7010 -http http://127.0.0.1:8888 -contact tcp "}, "fields": {"time": 1597304751.0, "host": "Qishna", "source": "killchain_logs.evtx"}}
{"System": {"Provider": {"@Name": "Microsoft-Windows-Sysmon", "@Guid": "{5770385f-c22a-43e0-bf4c-06f5698ffbd9}"}, "EventID": {"@Qualifiers": "", "$": 11}, "Version": 2, "Level": 4, "Task": 11, "Opcode": 0, "Keywords": "0x8000000000000000", "TimeCreated": {"@SystemTime": "2020-08-13 14:45:52.051197"}, "EventRecordID": 19176, "Correlation": {"@ActivityID": "", "@RelatedActivityID": ""}, "Execution": {"@ProcessID": 8748, "@ThreadID": 5336}, "Channel": "Microsoft-Windows-Sysmon/Operational", "Computer": "Qishna", "Security": {"@UserID": "S-1-5-18"}}, "EventData": {"RuleName": "FileCreate include Group", "UtcTime": "2020-08-13 14:45:52.043", "ProcessGuid": "{4e85e66a-521f-5f35-2546-000000004300}", "ProcessId": 11408, "Image": "C:\\Windows\\System32\\WindowsPowerShell\\v1.0\\powershell.exe", "TargetFilename": "C:\\Users\\garip\\AppData\\Local\\Temp\\__PSScriptPolicyTest_k35a1b1q.etx.ps1", "CreationUtcTime": "2020-08-13 14:45:52.043"}, "fields": {"time": 1597304752.0, "host": "Qishna", "source": "killchain_logs.evtx"}}
{"System": {"Provider": {"@Name": "Microsoft-Windows-Sysmon", "@Guid": "{5770385f-c22a-43e0-bf4c-06f5698ffbd9}"}, "EventID": {"@Qualifiers": "", "$": 11}, "Version": 2, "Level": 4, "Task": 11, "Opcode": 0, "Keywords": "0x8000000000000000", "TimeCreated": {"@SystemTime": "2020-08-13 14:45:52.081495"}, "EventRecordID": 19177, "Correlation": {"@ActivityID": "", "@RelatedActivityID": ""}, "Execution": {"@ProcessID": 8748, "@ThreadID": 5336}, "Channel": "Microsoft-Windows-Sysmon/Operational", "Computer": "Qishna", "Security": {"@UserID": "S-1-5-18"}}, "EventData": {"RuleName": "FileCreate include Group", "UtcTime": "2020-08-13 14:45:52.055", "ProcessGuid": "{4e85e66a-521f-5f35-2546-000000004300}", "ProcessId": 11408, "Image": "C:\\Windows\\System32\\WindowsPowerShell\\v1.0\\powershell.exe", "TargetFilename": "C:\\Users\\garip\\AppData\\Local\\Temp\\__PSScriptPolicyTest_y3ot2mfw.3i1.psm1", "CreationUtcTime": "2020-08-13 14:45:52.055"}, "fields": {"time": 1597304752.0, "host": "Qishna", "source": "killchain_logs.evtx"}}
{"System": {"Provider": {"@Name": "Microsoft-Windows-Sysmon", "@Guid": "{5770385f-c22a-43e0-bf4c-06f5698ffbd9}"}, "EventID": {"@Qualifiers": "", "$": 17}, "Version": 1, "Level": 4, "Task": 17, "Opcode": 0, "Keywords": "0x8000000000000000", "TimeCreated": {"@SystemTime": "2020-08-13 14:45:52.136246"}, "EventRecordID": 19178, "Correlation": {"@ActivityID": "", "@RelatedActivityID": ""}, "Execution": {"@ProcessID": 8748, "@ThreadID": 5336}, "Channel": "Microsoft-Windows-Sysmon/Operational", "Computer": "Qishna", "Security": {"@UserID": "S-1-5-18"}}, "EventData": {"RuleName": "PipeEvent include Group", "EventType": "CreatePipe", "UtcTime": "2020-08-13 14:45:52.123", "ProcessGuid": "{4e85e66a-521f-5f35-2546-000000004300}", "ProcessId": 11408, "PipeName": "\\PSHost.132418035519380120.11408.DefaultAppDomain.powershell", "Image": "C:\\Windows\\System32\\WindowsPowerShell\\v1.0\\powershell.exe"}, "fields": {"time": 1597304752.0, "host": "Qishna", "source": "killchain_logs.evtx"}}
{"System": {"Provider": {"@Name": "Microsoft-Windows-Sysmon", "@Guid": "{5770385f-c22a-43e0-bf4c-06f5698ffbd9}"}, "EventID": {"@Qualifiers": "", "$": 1}, "Version": 5, "Level": 4, "Task": 1, "Opcode": 0, "Keywords": "0x8000000000000000", "TimeCreated": {"@SystemTime": "2020-08-13 14:45:52.240042"}, "EventRecordID": 19179, "Correlation": {"@ActivityID": "", "@RelatedActivityID": ""}, "Execution": {"@ProcessID": 8748, "@ThreadID": 5336}, "Channel": "Microsoft-Windows-Sysmon/Operational", "Computer": "Qishna", "Security": {"@UserID": "S-1-5-18"}}, "EventData": {"RuleName": "MitreRef=ToDo,Technique=Hacking/LOLBins-Living off the Land,AlertNLTest=", "UtcTime": "2020-08-13 14:45:52.227", "ProcessGuid": "{4e85e66a-5220-5f35-2646-000000004300}", "ProcessId": 18148, "Image": "C:\\Windows\\System32\\nltest.exe", "FileVersion": "10.0.18362.900 (WinBuild.160101.0800)", "Description": "Microsoft\u00ae Logon Server Test Utility", "Product": "Microsoft\u00ae Windows\u00ae Operating System", "Company": "Microsoft Corporation", "OriginalFileName": "nltestrk.exe", "CommandLine": "\"C:\\Windows\\system32\\nltest.exe\" /dclist:%%USERDOMAIN%%", "CurrentDirectory": "C:\\Windows\\system32\\", "User": "QISHNA\\garip", "LogonGuid": "{4e85e66a-1016-5f31-8b72-060000000000}", "LogonId": "0x000000000006728b", "TerminalSessionId": 1, "IntegrityLevel": "High", "Hashes": "MD5=03ADE0C74BEAD1817DB86320665D239F,SHA256=F8A3634C2D68466450A14788C006EFC9B3A38FC7A488B1277A030472EF95473D,IMPHASH=6241DB189A929BF6E6854394C00EEB45", "ParentProcessGuid": "{4e85e66a-521f-5f35-2546-000000004300}", "ParentProcessId": 11408, "ParentImage": "C:\\Windows\\System32\\WindowsPowerShell\\v1.0\\powershell.exe", "ParentCommandLine": "powershell.exe -ExecutionPolicy Bypass -C \"nltest /dclist:%USERDOMAIN%\""}, "fields": {"time": 1597304752.0, "host": "Qishna", "source": "killchain_logs.evtx"}}
{"System": {"Provider": {"@Name": "Microsoft-Windows-Sysmon", "@Guid": "{5770385f-c22a-43e0-bf4c-06f5698ffbd9}"}, "EventID": {"@Qualifiers": "", "$": 11}, "Version": 2, "Level": 4, "Task": 11, "Opcode": 0, "Keywords": "0x8000000000000000", "TimeCreated": {"@SystemTime": "2020-08-13 14:46:01.301182"}, "EventRecordID": 19180, "Correlation": {"@ActivityID": "", "@RelatedActivityID": ""}, "Execution": {"@ProcessID": 8748, "@ThreadID": 5336}, "Channel": "Microsoft-Windows-Sysmon/Operational", "Computer": "Qishna", "Security": {"@UserID": "S-1-5-18"}}, "EventData": {"RuleName": "FileCreate include Group", "UtcTime": "2020-08-13 14:46:01.300", "ProcessGuid": "{4e85e66a-521f-5f35-2546-000000004300}", "ProcessId": 11408, "Image": "C:\\Windows\\System32\\WindowsPowerShell\\v1.0\\powershell.exe", "TargetFilename": "C:\\Users\\garip\\AppData\\Local\\Microsoft\\Windows\\PowerShell\\StartupProfileData-NonInteractive", "CreationUtcTime": "2019-08-09 14:16:02.521"}, "fields": {"time": 1597304761.0, "host": "Qishna", "source": "killchain_logs.evtx"}}
{"System": {"Provider": {"@Name": "Microsoft-Windows-Sysmon", "@Guid": "{5770385f-c22a-43e0-bf4c-06f5698ffbd9}"}, "EventID": {"@Qualifiers": "", "$": 1}, "Version": 5, "Level": 4, "Task": 1, "Opcode": 0, "Keywords": "0x8000000000000000", "TimeCreated": {"@SystemTime": "2020-08-13 14:46:01.339462"}, "EventRecordID": 19181, "Correlation": {"@ActivityID": "", "@RelatedActivityID": ""}, "Execution": {"@ProcessID": 8748, "@ThreadID": 5336}, "Channel": "Microsoft-Windows-Sysmon/Operational", "Computer": "Qishna", "Security": {"@UserID": "S-1-5-18"}}, "EventData": {"RuleName": "ProcessCreate include Group", "UtcTime": "2020-08-13 14:46:01.332", "ProcessGuid": "{4e85e66a-5229-5f35-2746-000000004300}", "ProcessId": 18300, "Image": "C:\\Windows\\System32\\WindowsPowerShell\\v1.0\\powershell.exe", "FileVersion": "10.0.18362.1 (WinBuild.160101.0800)", "Description": "Windows PowerShell", "Product": "Microsoft\u00ae Windows\u00ae Operating System", "Company": "Microsoft Corporation", "OriginalFileName": "PowerShell.EXE", "CommandLine": "powershell.exe -ExecutionPolicy Bypass -C \"$NameSpace = Get-WmiObject -Namespace \\\"root\\\" -Class \\\"__Namespace\\\" | Select Name | Out-String -Stream | Select-String \\\"SecurityCenter\\\";$SecurityCenter = $NameSpace | Select-Object -First 1;Get-WmiObject -Namespace \\\"root\\$SecurityCenter\\\" -Class AntiVirusProduct | Select DisplayName, InstanceGuid, PathToSignedProductExe, PathToSignedReportingExe, ProductState, Timestamp | Format-List;\"", "CurrentDirectory": "C:\\Windows\\system32\\", "User": "QISHNA\\garip", "LogonGuid": "{4e85e66a-1016-5f31-8b72-060000000000}", "LogonId": "0x000000000006728b", "TerminalSessionId": 1, "IntegrityLevel": "High", "Hashes": "MD5=CDA48FC75952AD12D99E526D0B6BF70A,SHA256=908B64B1971A979C7E3E8CE4621945CBA84854CB98D76367B791A6E22B5F6D53,IMPHASH=A7CEFACDDA74B13CD330390769752481", "ParentProcessGuid": "{4e85e66a-05a8-5f35-0242-000000004300}", "ParentProcessId": 11772, "ParentImage": "C:\\Users\\Public\\savscan.exe", "ParentCommandLine": "\"C:\\Users\\Public\\savscan.exe\" -socket 0.0.0.0:7010 -http http://127.0.0.1:8888 -contact tcp "}, "fields": {"time": 1597304761.0, "host": "Qishna", "source": "killchain_logs.evtx"}}
